-------------------------------------------------------------------------------->8
[2023-10-27T21:17:15.640485231Z] [bugsnag][main] Loaded! In main process.
-------------------------------------------------------------------------------->8
[2023-10-30T11:11:58.824693703Z] [bugsnag][main] Loaded! In main process.
[2023-10-30T11:12:06.614538305Z] [bugsnag][main] Loaded! In main process.
[2023-10-30T11:14:00.912963164Z] [bugsnag][main] Sending event Error: socket hang up
-------------------------------------------------------------------------------->8
[2023-10-30T11:16:25.080494043Z] [bugsnag][main] Loaded! In main process.
-------------------------------------------------------------------------------->8
[2023-10-30T12:16:44.630489923Z] [bugsnag][main] Loaded! In main process.
-------------------------------------------------------------------------------->8
[2023-10-30T18:22:54.008729136Z] [bugsnag][main] Loaded! In main process.
-------------------------------------------------------------------------------->8
[2023-10-31T14:21:17.388614164Z] [bugsnag][main] Loaded! In main process.
-------------------------------------------------------------------------------->8
[2023-11-01T10:49:13.792290119Z] [bugsnag][main] Loaded! In main process.
-------------------------------------------------------------------------------->8
[2023-11-02T11:16:16.829633305Z] [bugsnag][main] Loaded! In main process.
-------------------------------------------------------------------------------->8
[2023-11-02T14:21:18.439334071Z] [bugsnag][main] Loaded! In main process.
-------------------------------------------------------------------------------->8
[2023-11-08T08:58:55.919872291Z] [bugsnag][main] Loaded! In main process.
-------------------------------------------------------------------------------->8
-------------------------------------------------------------------------------->8
[2023-11-14T06:44:30.692443203Z] [bugsnag][main] Loaded! In main process.
-------------------------------------------------------------------------------->8
[2023-11-15T10:03:01.189746097Z] [bugsnag][main] Loaded! In main process.
-------------------------------------------------------------------------------->8
[2023-11-16T09:41:50.637477860Z] [bugsnag][main] Loaded! In main process.
-------------------------------------------------------------------------------->8
[2023-11-16T11:01:32.551837442Z] Loaded! In main process.
-------------------------------------------------------------------------------->8
[2023-11-18T16:49:43.520538379Z] Loaded! In main process.
-------------------------------------------------------------------------------->8
[2023-11-18T17:17:07.394429336Z] Sending event Error: Error: socket hang up
[2023-11-18T17:17:37.939187601Z] Sending event Error: Error: child exited with code 125 and signal null
-------------------------------------------------------------------------------->8
[2023-11-23T09:32:51.024953773Z] Loaded! In main process.
-------------------------------------------------------------------------------->8
[2023-11-23T10:41:24.496894317Z] Loaded! In main process.
