-------------------------------------------------------------------------------->8
[2023-10-27T21:17:15.831206244Z] libva error: vaGetDriverNames() failed with unknown libva error
-------------------------------------------------------------------------------->8
[2023-10-30T11:12:06.337938033Z] [3028:1030/111206.337847:ERROR:browser_main_loop.cc(274)] Gtk: gtk_widget_add_accelerator: assertion 'GTK_IS_ACCEL_GROUP (accel_group)' failed
[2023-10-30T11:12:06.359621040Z] [3028:1030/111206.359467:ERROR:browser_main_loop.cc(274)] Gtk: gtk_widget_add_accelerator: assertion 'GTK_IS_ACCEL_GROUP (accel_group)' failed
[2023-10-30T11:12:06.367756307Z] [3028:1030/111206.367704:ERROR:browser_main_loop.cc(274)] Gtk: gtk_widget_add_accelerator: assertion 'GTK_IS_ACCEL_GROUP (accel_group)' failed
[2023-10-30T11:12:06.374587435Z] [3028:1030/111206.374434:ERROR:browser_main_loop.cc(274)] Gtk: gtk_widget_add_accelerator: assertion 'GTK_IS_ACCEL_GROUP (accel_group)' failed
[2023-10-30T11:12:06.379367980Z] [3028:1030/111206.379301:ERROR:browser_main_loop.cc(274)] Gtk: gtk_widget_add_accelerator: assertion 'GTK_IS_ACCEL_GROUP (accel_group)' failed
[2023-10-30T11:12:06.381819600Z] [3028:1030/111206.381430:ERROR:browser_main_loop.cc(274)] Gtk: gtk_widget_add_accelerator: assertion 'GTK_IS_ACCEL_GROUP (accel_group)' failed
[2023-10-30T11:12:06.521090223Z] [3028:1030/111206.521068:ERROR:browser_main_loop.cc(274)] Gtk: gtk_widget_add_accelerator: assertion 'GTK_IS_ACCEL_GROUP (accel_group)' failed
[2023-10-30T11:12:06.552765066Z] [3028:1030/111206.552596:ERROR:browser_main_loop.cc(274)] Gtk: gtk_widget_add_accelerator: assertion 'GTK_IS_ACCEL_GROUP (accel_group)' failed
[2023-10-30T11:12:12.388511090Z] [3028:1030/111212.388462:ERROR:browser_main_loop.cc(274)] Gtk: gtk_widget_add_accelerator: assertion 'GTK_IS_ACCEL_GROUP (accel_group)' failed
[2023-10-30T11:12:12.423225603Z] [3028:1030/111212.423178:ERROR:browser_main_loop.cc(274)] Gtk: gtk_widget_add_accelerator: assertion 'GTK_IS_ACCEL_GROUP (accel_group)' failed
[2023-10-30T11:12:12.530095446Z] [3028:1030/111212.530028:ERROR:browser_main_loop.cc(274)] Gtk: gtk_widget_add_accelerator: assertion 'GTK_IS_ACCEL_GROUP (accel_group)' failed
[2023-10-30T11:12:12.617499683Z] [3028:1030/111212.617456:ERROR:browser_main_loop.cc(274)] Gtk: gtk_widget_add_accelerator: assertion 'GTK_IS_ACCEL_GROUP (accel_group)' failed
[2023-10-30T11:12:12.680980151Z] [3028:1030/111212.680928:ERROR:browser_main_loop.cc(274)] Gtk: gtk_widget_add_accelerator: assertion 'GTK_IS_ACCEL_GROUP (accel_group)' failed
[2023-10-30T11:12:12.795644594Z] [3028:1030/111212.795560:ERROR:browser_main_loop.cc(274)] Gtk: gtk_widget_add_accelerator: assertion 'GTK_IS_ACCEL_GROUP (accel_group)' failed
[2023-10-30T11:12:15.168365883Z] [3028:1030/111215.168057:ERROR:browser_main_loop.cc(274)] Gtk: gtk_widget_add_accelerator: assertion 'GTK_IS_ACCEL_GROUP (accel_group)' failed
[2023-10-30T11:12:15.405546332Z] [3028:1030/111215.405513:ERROR:browser_main_loop.cc(274)] Gtk: gtk_widget_add_accelerator: assertion 'GTK_IS_ACCEL_GROUP (accel_group)' failed
[2023-10-30T11:12:15.416329675Z] [3028:1030/111215.416284:ERROR:browser_main_loop.cc(274)] Gtk: gtk_widget_add_accelerator: assertion 'GTK_IS_ACCEL_GROUP (accel_group)' failed
[2023-10-30T11:12:39.439702900Z] xdg-open: file '/opt/docker-desktop/resources/app.asar/build/desktop-ui-build/index.html' does not exist
[2023-10-30T11:12:58.469936485Z] [3028:1030/111258.469843:ERROR:browser_main_loop.cc(274)] Gtk: gtk_widget_add_accelerator: assertion 'GTK_IS_ACCEL_GROUP (accel_group)' failed
[2023-10-30T11:14:00.828081359Z] [3028:1030/111400.827945:ERROR:browser_main_loop.cc(274)] Gtk: gtk_widget_add_accelerator: assertion 'GTK_IS_ACCEL_GROUP (accel_group)' failed
[2023-10-30T11:14:00.835998497Z] [3028:1030/111400.835860:ERROR:browser_main_loop.cc(274)] Gtk: gtk_widget_add_accelerator: assertion 'GTK_IS_ACCEL_GROUP (accel_group)' failed
[2023-10-30T11:14:00.844225523Z] [3028:1030/111400.844073:ERROR:browser_main_loop.cc(274)] Gtk: gtk_widget_add_accelerator: assertion 'GTK_IS_ACCEL_GROUP (accel_group)' failed
[2023-10-30T11:14:00.852511291Z] [3028:1030/111400.852353:ERROR:browser_main_loop.cc(274)] Gtk: gtk_widget_add_accelerator: assertion 'GTK_IS_ACCEL_GROUP (accel_group)' failed
[2023-10-30T11:14:01.047424387Z] [3028:1030/111401.047304:ERROR:browser_main_loop.cc(274)] Gtk: gtk_widget_add_accelerator: assertion 'GTK_IS_ACCEL_GROUP (accel_group)' failed
[2023-10-30T11:14:01.054641127Z] [3028:1030/111401.054576:ERROR:browser_main_loop.cc(274)] Gtk: gtk_widget_add_accelerator: assertion 'GTK_IS_ACCEL_GROUP (accel_group)' failed
[2023-10-30T11:14:01.062156249Z] [3028:1030/111401.062119:ERROR:browser_main_loop.cc(274)] Gtk: gtk_widget_add_accelerator: assertion 'GTK_IS_ACCEL_GROUP (accel_group)' failed
-------------------------------------------------------------------------------->8
[2023-10-30T11:16:25.806383643Z] [4527:1030/111625.806244:ERROR:browser_main_loop.cc(274)] Gtk: gtk_widget_add_accelerator: assertion 'GTK_IS_ACCEL_GROUP (accel_group)' failed
[2023-10-30T11:16:25.807001702Z] [4527:1030/111625.806889:ERROR:browser_main_loop.cc(274)] Gtk: gtk_widget_add_accelerator: assertion 'GTK_IS_ACCEL_GROUP (accel_group)' failed
[2023-10-30T11:16:25.811541679Z] [4527:1030/111625.811500:ERROR:browser_main_loop.cc(274)] Gtk: gtk_widget_add_accelerator: assertion 'GTK_IS_ACCEL_GROUP (accel_group)' failed
[2023-10-30T11:16:25.813662025Z] [4527:1030/111625.813615:ERROR:browser_main_loop.cc(274)] Gtk: gtk_widget_add_accelerator: assertion 'GTK_IS_ACCEL_GROUP (accel_group)' failed
[2023-10-30T11:16:25.816074130Z] [4527:1030/111625.815950:ERROR:browser_main_loop.cc(274)] Gtk: gtk_widget_add_accelerator: assertion 'GTK_IS_ACCEL_GROUP (accel_group)' failed
[2023-10-30T11:16:25.817894866Z] [4527:1030/111625.817770:ERROR:browser_main_loop.cc(274)] Gtk: gtk_widget_add_accelerator: assertion 'GTK_IS_ACCEL_GROUP (accel_group)' failed
[2023-10-30T11:16:25.819817290Z] [4527:1030/111625.819701:ERROR:browser_main_loop.cc(274)] Gtk: gtk_widget_add_accelerator: assertion 'GTK_IS_ACCEL_GROUP (accel_group)' failed
[2023-10-30T11:16:25.821502558Z] [4527:1030/111625.821445:ERROR:browser_main_loop.cc(274)] Gtk: gtk_widget_add_accelerator: assertion 'GTK_IS_ACCEL_GROUP (accel_group)' failed
[2023-10-30T11:16:25.822608107Z] [4527:1030/111625.822563:ERROR:browser_main_loop.cc(274)] Gtk: gtk_widget_add_accelerator: assertion 'GTK_IS_ACCEL_GROUP (accel_group)' failed
[2023-10-30T11:16:25.824319255Z] [4527:1030/111625.824276:ERROR:browser_main_loop.cc(274)] Gtk: gtk_widget_add_accelerator: assertion 'GTK_IS_ACCEL_GROUP (accel_group)' failed
[2023-10-30T11:16:25.852170384Z] [4527:1030/111625.852058:ERROR:browser_main_loop.cc(274)] Gtk: gtk_widget_add_accelerator: assertion 'GTK_IS_ACCEL_GROUP (accel_group)' failed
[2023-10-30T11:16:29.145584074Z] [4527:1030/111629.145567:ERROR:browser_main_loop.cc(274)] Gtk: gtk_widget_add_accelerator: assertion 'GTK_IS_ACCEL_GROUP (accel_group)' failed
[2023-10-30T11:16:29.168366159Z] [4527:1030/111629.168348:ERROR:browser_main_loop.cc(274)] Gtk: gtk_widget_add_accelerator: assertion 'GTK_IS_ACCEL_GROUP (accel_group)' failed
[2023-10-30T11:16:29.176589700Z] [4527:1030/111629.176554:ERROR:browser_main_loop.cc(274)] Gtk: gtk_widget_add_accelerator: assertion 'GTK_IS_ACCEL_GROUP (accel_group)' failed
[2023-10-30T11:16:29.185026082Z] [4527:1030/111629.184976:ERROR:browser_main_loop.cc(274)] Gtk: gtk_widget_add_accelerator: assertion 'GTK_IS_ACCEL_GROUP (accel_group)' failed
[2023-10-30T11:16:29.194898010Z] [4527:1030/111629.194859:ERROR:browser_main_loop.cc(274)] Gtk: gtk_widget_add_accelerator: assertion 'GTK_IS_ACCEL_GROUP (accel_group)' failed
[2023-10-30T11:16:29.205706422Z] [4527:1030/111629.205647:ERROR:browser_main_loop.cc(274)] Gtk: gtk_widget_add_accelerator: assertion 'GTK_IS_ACCEL_GROUP (accel_group)' failed
[2023-10-30T11:16:29.593238668Z] [4527:1030/111629.593183:ERROR:browser_main_loop.cc(274)] Gtk: gtk_widget_add_accelerator: assertion 'GTK_IS_ACCEL_GROUP (accel_group)' failed
[2023-10-30T11:16:30.201292572Z] [4527:1030/111630.201226:ERROR:browser_main_loop.cc(274)] Gtk: gtk_widget_add_accelerator: assertion 'GTK_IS_ACCEL_GROUP (accel_group)' failed
[2023-10-30T11:16:30.212153995Z] [4527:1030/111630.212119:ERROR:browser_main_loop.cc(274)] Gtk: gtk_widget_add_accelerator: assertion 'GTK_IS_ACCEL_GROUP (accel_group)' failed
[2023-10-30T11:17:24.790129755Z] [4527:1030/111724.790035:ERROR:browser_main_loop.cc(274)] Gtk: gtk_widget_add_accelerator: assertion 'GTK_IS_ACCEL_GROUP (accel_group)' failed
[2023-10-30T11:24:26.306180215Z] [4527:1030/112426.305894:ERROR:browser_main_loop.cc(274)] Gtk: gtk_widget_add_accelerator: assertion 'GTK_IS_ACCEL_GROUP (accel_group)' failed
[2023-10-30T11:24:26.341082468Z] [4527:1030/112426.341056:ERROR:browser_main_loop.cc(274)] Gtk: gtk_widget_add_accelerator: assertion 'GTK_IS_ACCEL_GROUP (accel_group)' failed
[2023-10-30T11:24:31.737012823Z] [4527:1030/112431.736881:ERROR:browser_main_loop.cc(274)] Gtk: gtk_widget_add_accelerator: assertion 'GTK_IS_ACCEL_GROUP (accel_group)' failed
[2023-10-30T11:24:32.118821464Z] [4527:1030/112432.118761:ERROR:browser_main_loop.cc(274)] Gtk: gtk_widget_add_accelerator: assertion 'GTK_IS_ACCEL_GROUP (accel_group)' failed
[2023-10-30T11:24:32.122575257Z] [4527:1030/112432.122532:ERROR:browser_main_loop.cc(274)] Gtk: gtk_widget_add_accelerator: assertion 'GTK_IS_ACCEL_GROUP (accel_group)' failed
[2023-10-30T11:24:32.124556712Z] [4527:1030/112432.124494:ERROR:browser_main_loop.cc(274)] Gtk: gtk_widget_add_accelerator: assertion 'GTK_IS_ACCEL_GROUP (accel_group)' failed
[2023-10-30T11:24:32.127486206Z] [4527:1030/112432.127441:ERROR:browser_main_loop.cc(274)] Gtk: gtk_widget_add_accelerator: assertion 'GTK_IS_ACCEL_GROUP (accel_group)' failed
[2023-10-30T11:30:41.151874175Z] [4527:1030/113041.151747:ERROR:browser_main_loop.cc(274)] Gtk: gtk_widget_add_accelerator: assertion 'GTK_IS_ACCEL_GROUP (accel_group)' failed
[2023-10-30T11:30:41.173558685Z] [4527:1030/113041.173384:ERROR:browser_main_loop.cc(274)] Gtk: gtk_widget_add_accelerator: assertion 'GTK_IS_ACCEL_GROUP (accel_group)' failed
[2023-10-30T11:30:41.176180448Z] [4527:1030/113041.176161:ERROR:browser_main_loop.cc(274)] Gtk: gtk_widget_add_accelerator: assertion 'GTK_IS_ACCEL_GROUP (accel_group)' failed
[2023-10-30T11:30:45.946094405Z] [4527:1030/113045.945947:ERROR:browser_main_loop.cc(274)] Gtk: gtk_widget_add_accelerator: assertion 'GTK_IS_ACCEL_GROUP (accel_group)' failed
[2023-10-30T11:30:45.971567498Z] [4527:1030/113045.971539:ERROR:browser_main_loop.cc(274)] Gtk: gtk_widget_add_accelerator: assertion 'GTK_IS_ACCEL_GROUP (accel_group)' failed
[2023-10-30T11:30:45.997727258Z] [4527:1030/113045.997579:ERROR:browser_main_loop.cc(274)] Gtk: gtk_widget_add_accelerator: assertion 'GTK_IS_ACCEL_GROUP (accel_group)' failed
[2023-10-30T11:30:46.006397115Z] [4527:1030/113046.006248:ERROR:browser_main_loop.cc(274)] Gtk: gtk_widget_add_accelerator: assertion 'GTK_IS_ACCEL_GROUP (accel_group)' failed
[2023-10-30T11:30:46.025306124Z] [4527:1030/113046.025285:ERROR:browser_main_loop.cc(274)] Gtk: gtk_widget_add_accelerator: assertion 'GTK_IS_ACCEL_GROUP (accel_group)' failed
[2023-10-30T11:30:46.051364267Z] [4527:1030/113046.051324:ERROR:browser_main_loop.cc(274)] Gtk: gtk_widget_add_accelerator: assertion 'GTK_IS_ACCEL_GROUP (accel_group)' failed
[2023-10-30T11:30:47.053568634Z] [4527:1030/113047.053516:ERROR:browser_main_loop.cc(274)] Gtk: gtk_widget_add_accelerator: assertion 'GTK_IS_ACCEL_GROUP (accel_group)' failed
[2023-10-30T11:30:47.157064632Z] [4527:1030/113047.156798:ERROR:browser_main_loop.cc(274)] Gtk: gtk_widget_add_accelerator: assertion 'GTK_IS_ACCEL_GROUP (accel_group)' failed
[2023-10-30T11:30:47.172645035Z] [4527:1030/113047.172542:ERROR:browser_main_loop.cc(274)] Gtk: gtk_widget_add_accelerator: assertion 'GTK_IS_ACCEL_GROUP (accel_group)' failed
-------------------------------------------------------------------------------->8
[2023-10-30T12:16:45.301478264Z] [2313:1030/121645.301438:ERROR:browser_main_loop.cc(274)] Gtk: gtk_widget_add_accelerator: assertion 'GTK_IS_ACCEL_GROUP (accel_group)' failed
[2023-10-30T12:16:45.302257582Z] [2313:1030/121645.302195:ERROR:browser_main_loop.cc(274)] Gtk: gtk_widget_add_accelerator: assertion 'GTK_IS_ACCEL_GROUP (accel_group)' failed
[2023-10-30T12:16:45.306908191Z] [2313:1030/121645.306844:ERROR:browser_main_loop.cc(274)] Gtk: gtk_widget_add_accelerator: assertion 'GTK_IS_ACCEL_GROUP (accel_group)' failed
[2023-10-30T12:16:45.309148856Z] [2313:1030/121645.309130:ERROR:browser_main_loop.cc(274)] Gtk: gtk_widget_add_accelerator: assertion 'GTK_IS_ACCEL_GROUP (accel_group)' failed
[2023-10-30T12:16:45.311545185Z] [2313:1030/121645.311505:ERROR:browser_main_loop.cc(274)] Gtk: gtk_widget_add_accelerator: assertion 'GTK_IS_ACCEL_GROUP (accel_group)' failed
[2023-10-30T12:16:45.313450371Z] [2313:1030/121645.313415:ERROR:browser_main_loop.cc(274)] Gtk: gtk_widget_add_accelerator: assertion 'GTK_IS_ACCEL_GROUP (accel_group)' failed
[2023-10-30T12:16:45.315365491Z] [2313:1030/121645.315354:ERROR:browser_main_loop.cc(274)] Gtk: gtk_widget_add_accelerator: assertion 'GTK_IS_ACCEL_GROUP (accel_group)' failed
[2023-10-30T12:16:45.317286754Z] [2313:1030/121645.317241:ERROR:browser_main_loop.cc(274)] Gtk: gtk_widget_add_accelerator: assertion 'GTK_IS_ACCEL_GROUP (accel_group)' failed
[2023-10-30T12:16:45.318538212Z] [2313:1030/121645.318500:ERROR:browser_main_loop.cc(274)] Gtk: gtk_widget_add_accelerator: assertion 'GTK_IS_ACCEL_GROUP (accel_group)' failed
[2023-10-30T12:16:45.320467451Z] [2313:1030/121645.320426:ERROR:browser_main_loop.cc(274)] Gtk: gtk_widget_add_accelerator: assertion 'GTK_IS_ACCEL_GROUP (accel_group)' failed
[2023-10-30T12:16:45.324350707Z] [2313:1030/121645.324294:ERROR:browser_main_loop.cc(274)] Gtk: gtk_widget_add_accelerator: assertion 'GTK_IS_ACCEL_GROUP (accel_group)' failed
[2023-10-30T12:16:48.766734989Z] [2313:1030/121648.766680:ERROR:browser_main_loop.cc(274)] Gtk: gtk_widget_add_accelerator: assertion 'GTK_IS_ACCEL_GROUP (accel_group)' failed
[2023-10-30T12:16:48.779653454Z] [2313:1030/121648.779603:ERROR:browser_main_loop.cc(274)] Gtk: gtk_widget_add_accelerator: assertion 'GTK_IS_ACCEL_GROUP (accel_group)' failed
[2023-10-30T12:16:48.789536569Z] [2313:1030/121648.789470:ERROR:browser_main_loop.cc(274)] Gtk: gtk_widget_add_accelerator: assertion 'GTK_IS_ACCEL_GROUP (accel_group)' failed
[2023-10-30T12:16:48.796786004Z] [2313:1030/121648.796753:ERROR:browser_main_loop.cc(274)] Gtk: gtk_widget_add_accelerator: assertion 'GTK_IS_ACCEL_GROUP (accel_group)' failed
[2023-10-30T12:16:48.804964420Z] [2313:1030/121648.804945:ERROR:browser_main_loop.cc(274)] Gtk: gtk_widget_add_accelerator: assertion 'GTK_IS_ACCEL_GROUP (accel_group)' failed
[2023-10-30T12:16:48.813903456Z] [2313:1030/121648.813860:ERROR:browser_main_loop.cc(274)] Gtk: gtk_widget_add_accelerator: assertion 'GTK_IS_ACCEL_GROUP (accel_group)' failed
[2023-10-30T12:16:49.555775209Z] [2313:1030/121649.555744:ERROR:browser_main_loop.cc(274)] Gtk: gtk_widget_add_accelerator: assertion 'GTK_IS_ACCEL_GROUP (accel_group)' failed
[2023-10-30T12:16:49.813577207Z] [2313:1030/121649.813543:ERROR:browser_main_loop.cc(274)] Gtk: gtk_widget_add_accelerator: assertion 'GTK_IS_ACCEL_GROUP (accel_group)' failed
[2023-10-30T12:16:49.855053277Z] [2313:1030/121649.855024:ERROR:browser_main_loop.cc(274)] Gtk: gtk_widget_add_accelerator: assertion 'GTK_IS_ACCEL_GROUP (accel_group)' failed
[2023-10-30T12:17:44.263166185Z] [2313:1030/121744.263119:ERROR:browser_main_loop.cc(274)] Gtk: gtk_widget_add_accelerator: assertion 'GTK_IS_ACCEL_GROUP (accel_group)' failed
[2023-10-30T17:47:41.562209482Z] [2453:1030/174741.561380:ERROR:connection.cc(46)] X connection error received.
[2023-10-30T17:47:41.562941835Z] X connection to :0 broken (explicit kill or server shutdown).
[2023-10-30T17:47:41.591370031Z] [2313:1030/174741.591352:ERROR:command_buffer_proxy_impl.cc(325)] GPU state invalid after WaitForGetOffsetInRange.
-------------------------------------------------------------------------------->8
[2023-10-30T18:22:54.682172079Z] [3284:1030/182254.682021:ERROR:browser_main_loop.cc(274)] Gtk: gtk_widget_add_accelerator: assertion 'GTK_IS_ACCEL_GROUP (accel_group)' failed
[2023-10-30T18:22:54.682755279Z] [3284:1030/182254.682712:ERROR:browser_main_loop.cc(274)] Gtk: gtk_widget_add_accelerator: assertion 'GTK_IS_ACCEL_GROUP (accel_group)' failed
[2023-10-30T18:22:54.688370842Z] [3284:1030/182254.688296:ERROR:browser_main_loop.cc(274)] Gtk: gtk_widget_add_accelerator: assertion 'GTK_IS_ACCEL_GROUP (accel_group)' failed
[2023-10-30T18:22:54.690631522Z] [3284:1030/182254.690580:ERROR:browser_main_loop.cc(274)] Gtk: gtk_widget_add_accelerator: assertion 'GTK_IS_ACCEL_GROUP (accel_group)' failed
[2023-10-30T18:22:54.692975380Z] [3284:1030/182254.692948:ERROR:browser_main_loop.cc(274)] Gtk: gtk_widget_add_accelerator: assertion 'GTK_IS_ACCEL_GROUP (accel_group)' failed
[2023-10-30T18:22:54.694913447Z] [3284:1030/182254.694862:ERROR:browser_main_loop.cc(274)] Gtk: gtk_widget_add_accelerator: assertion 'GTK_IS_ACCEL_GROUP (accel_group)' failed
[2023-10-30T18:22:54.697075471Z] [3284:1030/182254.697056:ERROR:browser_main_loop.cc(274)] Gtk: gtk_widget_add_accelerator: assertion 'GTK_IS_ACCEL_GROUP (accel_group)' failed
[2023-10-30T18:22:54.699373730Z] [3284:1030/182254.699315:ERROR:browser_main_loop.cc(274)] Gtk: gtk_widget_add_accelerator: assertion 'GTK_IS_ACCEL_GROUP (accel_group)' failed
[2023-10-30T18:22:54.700832851Z] [3284:1030/182254.700783:ERROR:browser_main_loop.cc(274)] Gtk: gtk_widget_add_accelerator: assertion 'GTK_IS_ACCEL_GROUP (accel_group)' failed
[2023-10-30T18:22:54.702759346Z] [3284:1030/182254.702740:ERROR:browser_main_loop.cc(274)] Gtk: gtk_widget_add_accelerator: assertion 'GTK_IS_ACCEL_GROUP (accel_group)' failed
[2023-10-30T18:22:54.706628762Z] [3284:1030/182254.706578:ERROR:browser_main_loop.cc(274)] Gtk: gtk_widget_add_accelerator: assertion 'GTK_IS_ACCEL_GROUP (accel_group)' failed
[2023-10-30T18:22:57.892988104Z] [3284:1030/182257.892963:ERROR:browser_main_loop.cc(274)] Gtk: gtk_widget_add_accelerator: assertion 'GTK_IS_ACCEL_GROUP (accel_group)' failed
[2023-10-30T18:22:57.902139313Z] [3284:1030/182257.902116:ERROR:browser_main_loop.cc(274)] Gtk: gtk_widget_add_accelerator: assertion 'GTK_IS_ACCEL_GROUP (accel_group)' failed
[2023-10-30T18:22:57.909809543Z] [3284:1030/182257.909769:ERROR:browser_main_loop.cc(274)] Gtk: gtk_widget_add_accelerator: assertion 'GTK_IS_ACCEL_GROUP (accel_group)' failed
[2023-10-30T18:22:57.917213681Z] [3284:1030/182257.917184:ERROR:browser_main_loop.cc(274)] Gtk: gtk_widget_add_accelerator: assertion 'GTK_IS_ACCEL_GROUP (accel_group)' failed
[2023-10-30T18:22:57.924628350Z] [3284:1030/182257.924596:ERROR:browser_main_loop.cc(274)] Gtk: gtk_widget_add_accelerator: assertion 'GTK_IS_ACCEL_GROUP (accel_group)' failed
[2023-10-30T18:22:57.932781260Z] [3284:1030/182257.932744:ERROR:browser_main_loop.cc(274)] Gtk: gtk_widget_add_accelerator: assertion 'GTK_IS_ACCEL_GROUP (accel_group)' failed
[2023-10-30T18:22:58.378109100Z] [3284:1030/182258.378072:ERROR:browser_main_loop.cc(274)] Gtk: gtk_widget_add_accelerator: assertion 'GTK_IS_ACCEL_GROUP (accel_group)' failed
[2023-10-30T18:22:58.922956729Z] [3284:1030/182258.922926:ERROR:browser_main_loop.cc(274)] Gtk: gtk_widget_add_accelerator: assertion 'GTK_IS_ACCEL_GROUP (accel_group)' failed
[2023-10-30T18:22:58.989849088Z] [3284:1030/182258.989787:ERROR:browser_main_loop.cc(274)] Gtk: gtk_widget_add_accelerator: assertion 'GTK_IS_ACCEL_GROUP (accel_group)' failed
[2023-10-30T18:23:53.642465237Z] [3284:1030/182353.642310:ERROR:browser_main_loop.cc(274)] Gtk: gtk_widget_add_accelerator: assertion 'GTK_IS_ACCEL_GROUP (accel_group)' failed
[2023-10-30T19:10:15.312293846Z] [3284:1030/191015.311048:ERROR:network_service_instance_impl.cc(541)] Network service crashed, restarting service.
[2023-10-30T19:10:15.334686634Z] [3284:1030/191015.334631:ERROR:zygote_communication_linux.cc(291)] Failed to send GetTerminationStatus message to zygote
-------------------------------------------------------------------------------->8
[2023-10-31T14:21:18.243278910Z] [2016:1031/142118.243143:ERROR:browser_main_loop.cc(274)] Gtk: gtk_widget_add_accelerator: assertion 'GTK_IS_ACCEL_GROUP (accel_group)' failed
[2023-10-31T14:21:18.244008512Z] [2016:1031/142118.243887:ERROR:browser_main_loop.cc(274)] Gtk: gtk_widget_add_accelerator: assertion 'GTK_IS_ACCEL_GROUP (accel_group)' failed
[2023-10-31T14:21:18.245472211Z] [2016:1031/142118.245351:ERROR:browser_main_loop.cc(274)] Gtk: gtk_widget_add_accelerator: assertion 'GTK_IS_ACCEL_GROUP (accel_group)' failed
[2023-10-31T14:21:18.249584244Z] [2016:1031/142118.249461:ERROR:browser_main_loop.cc(274)] Gtk: gtk_widget_add_accelerator: assertion 'GTK_IS_ACCEL_GROUP (accel_group)' failed
[2023-10-31T14:21:18.251736565Z] [2016:1031/142118.251692:ERROR:browser_main_loop.cc(274)] Gtk: gtk_widget_add_accelerator: assertion 'GTK_IS_ACCEL_GROUP (accel_group)' failed
[2023-10-31T14:21:18.254095388Z] [2016:1031/142118.253990:ERROR:browser_main_loop.cc(274)] Gtk: gtk_widget_add_accelerator: assertion 'GTK_IS_ACCEL_GROUP (accel_group)' failed
[2023-10-31T14:21:18.255913826Z] [2016:1031/142118.255811:ERROR:browser_main_loop.cc(274)] Gtk: gtk_widget_add_accelerator: assertion 'GTK_IS_ACCEL_GROUP (accel_group)' failed
[2023-10-31T14:21:18.257717841Z] [2016:1031/142118.257602:ERROR:browser_main_loop.cc(274)] Gtk: gtk_widget_add_accelerator: assertion 'GTK_IS_ACCEL_GROUP (accel_group)' failed
[2023-10-31T14:21:18.259432897Z] [2016:1031/142118.259318:ERROR:browser_main_loop.cc(274)] Gtk: gtk_widget_add_accelerator: assertion 'GTK_IS_ACCEL_GROUP (accel_group)' failed
[2023-10-31T14:21:18.261084005Z] [2016:1031/142118.261038:ERROR:browser_main_loop.cc(274)] Gtk: gtk_widget_add_accelerator: assertion 'GTK_IS_ACCEL_GROUP (accel_group)' failed
[2023-10-31T14:21:18.286190972Z] [2016:1031/142118.286073:ERROR:browser_main_loop.cc(274)] Gtk: gtk_widget_add_accelerator: assertion 'GTK_IS_ACCEL_GROUP (accel_group)' failed
[2023-10-31T14:21:18.815027433Z] [2016:1031/142118.814929:ERROR:browser_main_loop.cc(274)] Gtk: gtk_widget_add_accelerator: assertion 'GTK_IS_ACCEL_GROUP (accel_group)' failed
[2023-10-31T14:21:22.112419845Z] [2016:1031/142122.112383:ERROR:browser_main_loop.cc(274)] Gtk: gtk_widget_add_accelerator: assertion 'GTK_IS_ACCEL_GROUP (accel_group)' failed
[2023-10-31T14:21:22.124452190Z] [2016:1031/142122.124431:ERROR:browser_main_loop.cc(274)] Gtk: gtk_widget_add_accelerator: assertion 'GTK_IS_ACCEL_GROUP (accel_group)' failed
[2023-10-31T14:21:22.145938128Z] [2016:1031/142122.145908:ERROR:browser_main_loop.cc(274)] Gtk: gtk_widget_add_accelerator: assertion 'GTK_IS_ACCEL_GROUP (accel_group)' failed
[2023-10-31T14:21:22.153750625Z] [2016:1031/142122.153706:ERROR:browser_main_loop.cc(274)] Gtk: gtk_widget_add_accelerator: assertion 'GTK_IS_ACCEL_GROUP (accel_group)' failed
[2023-10-31T14:21:22.180596074Z] [2016:1031/142122.180569:ERROR:browser_main_loop.cc(274)] Gtk: gtk_widget_add_accelerator: assertion 'GTK_IS_ACCEL_GROUP (accel_group)' failed
[2023-10-31T14:21:22.204563723Z] [2016:1031/142122.204291:ERROR:browser_main_loop.cc(274)] Gtk: gtk_widget_add_accelerator: assertion 'GTK_IS_ACCEL_GROUP (accel_group)' failed
[2023-10-31T14:21:23.922261305Z] [2016:1031/142123.922223:ERROR:browser_main_loop.cc(274)] Gtk: gtk_widget_add_accelerator: assertion 'GTK_IS_ACCEL_GROUP (accel_group)' failed
[2023-10-31T14:21:23.945274674Z] [2016:1031/142123.945236:ERROR:browser_main_loop.cc(274)] Gtk: gtk_widget_add_accelerator: assertion 'GTK_IS_ACCEL_GROUP (accel_group)' failed
[2023-10-31T14:21:24.013248621Z] [2016:1031/142124.013209:ERROR:browser_main_loop.cc(274)] Gtk: gtk_widget_add_accelerator: assertion 'GTK_IS_ACCEL_GROUP (accel_group)' failed
[2023-10-31T14:22:16.938004998Z] [2016:1031/142216.937880:ERROR:browser_main_loop.cc(274)] Gtk: gtk_widget_add_accelerator: assertion 'GTK_IS_ACCEL_GROUP (accel_group)' failed
[2023-10-31T18:19:36.588463777Z] [2016:1031/181936.588427:ERROR:browser_main_loop.cc(274)] Gtk: gtk_widget_add_accelerator: assertion 'GTK_IS_ACCEL_GROUP (accel_group)' failed
[2023-10-31T18:19:36.617442529Z] [2016:1031/181936.617421:ERROR:browser_main_loop.cc(274)] Gtk: gtk_widget_add_accelerator: assertion 'GTK_IS_ACCEL_GROUP (accel_group)' failed
[2023-10-31T18:19:41.975809420Z] [2016:1031/181941.975754:ERROR:browser_main_loop.cc(274)] Gtk: gtk_widget_add_accelerator: assertion 'GTK_IS_ACCEL_GROUP (accel_group)' failed
[2023-10-31T18:19:42.241369249Z] [2016:1031/181942.241320:ERROR:browser_main_loop.cc(274)] Gtk: gtk_widget_add_accelerator: assertion 'GTK_IS_ACCEL_GROUP (accel_group)' failed
[2023-10-31T18:19:42.243849845Z] [2016:1031/181942.243839:ERROR:browser_main_loop.cc(274)] Gtk: gtk_widget_add_accelerator: assertion 'GTK_IS_ACCEL_GROUP (accel_group)' failed
[2023-10-31T18:19:42.245631257Z] [2016:1031/181942.245589:ERROR:browser_main_loop.cc(274)] Gtk: gtk_widget_add_accelerator: assertion 'GTK_IS_ACCEL_GROUP (accel_group)' failed
[2023-10-31T18:19:42.247280398Z] [2016:1031/181942.247259:ERROR:browser_main_loop.cc(274)] Gtk: gtk_widget_add_accelerator: assertion 'GTK_IS_ACCEL_GROUP (accel_group)' failed
[2023-10-31T21:36:49.328501941Z] [2016:1031/213649.328360:ERROR:browser_main_loop.cc(274)] Gtk: gtk_widget_add_accelerator: assertion 'GTK_IS_ACCEL_GROUP (accel_group)' failed
-------------------------------------------------------------------------------->8
[2023-11-01T10:49:14.561128771Z] [1410:1101/104914.560937:ERROR:browser_main_loop.cc(274)] Gtk: gtk_widget_add_accelerator: assertion 'GTK_IS_ACCEL_GROUP (accel_group)' failed
[2023-11-01T10:49:14.562019045Z] [1410:1101/104914.561959:ERROR:browser_main_loop.cc(274)] Gtk: gtk_widget_add_accelerator: assertion 'GTK_IS_ACCEL_GROUP (accel_group)' failed
[2023-11-01T10:49:14.567287520Z] [1410:1101/104914.567141:ERROR:browser_main_loop.cc(274)] Gtk: gtk_widget_add_accelerator: assertion 'GTK_IS_ACCEL_GROUP (accel_group)' failed
[2023-11-01T10:49:14.569577541Z] [1410:1101/104914.569430:ERROR:browser_main_loop.cc(274)] Gtk: gtk_widget_add_accelerator: assertion 'GTK_IS_ACCEL_GROUP (accel_group)' failed
[2023-11-01T10:49:14.572137718Z] [1410:1101/104914.571989:ERROR:browser_main_loop.cc(274)] Gtk: gtk_widget_add_accelerator: assertion 'GTK_IS_ACCEL_GROUP (accel_group)' failed
[2023-11-01T10:49:14.574116463Z] [1410:1101/104914.574005:ERROR:browser_main_loop.cc(274)] Gtk: gtk_widget_add_accelerator: assertion 'GTK_IS_ACCEL_GROUP (accel_group)' failed
[2023-11-01T10:49:14.576067187Z] [1410:1101/104914.575951:ERROR:browser_main_loop.cc(274)] Gtk: gtk_widget_add_accelerator: assertion 'GTK_IS_ACCEL_GROUP (accel_group)' failed
[2023-11-01T10:49:14.578006526Z] [1410:1101/104914.577857:ERROR:browser_main_loop.cc(274)] Gtk: gtk_widget_add_accelerator: assertion 'GTK_IS_ACCEL_GROUP (accel_group)' failed
[2023-11-01T10:49:14.579180996Z] [1410:1101/104914.579043:ERROR:browser_main_loop.cc(274)] Gtk: gtk_widget_add_accelerator: assertion 'GTK_IS_ACCEL_GROUP (accel_group)' failed
[2023-11-01T10:49:14.581084196Z] [1410:1101/104914.580973:ERROR:browser_main_loop.cc(274)] Gtk: gtk_widget_add_accelerator: assertion 'GTK_IS_ACCEL_GROUP (accel_group)' failed
[2023-11-01T10:49:14.584762443Z] [1410:1101/104914.584744:ERROR:browser_main_loop.cc(274)] Gtk: gtk_widget_add_accelerator: assertion 'GTK_IS_ACCEL_GROUP (accel_group)' failed
[2023-11-01T10:49:14.815454877Z] [1410:1101/104914.815414:ERROR:browser_main_loop.cc(274)] Gtk: gtk_widget_add_accelerator: assertion 'GTK_IS_ACCEL_GROUP (accel_group)' failed
[2023-11-01T10:49:17.931339901Z] [1410:1101/104917.931290:ERROR:browser_main_loop.cc(274)] Gtk: gtk_widget_add_accelerator: assertion 'GTK_IS_ACCEL_GROUP (accel_group)' failed
[2023-11-01T10:49:17.941888214Z] [1410:1101/104917.941863:ERROR:browser_main_loop.cc(274)] Gtk: gtk_widget_add_accelerator: assertion 'GTK_IS_ACCEL_GROUP (accel_group)' failed
[2023-11-01T10:49:17.949137633Z] [1410:1101/104917.949107:ERROR:browser_main_loop.cc(274)] Gtk: gtk_widget_add_accelerator: assertion 'GTK_IS_ACCEL_GROUP (accel_group)' failed
[2023-11-01T10:49:17.956527674Z] [1410:1101/104917.956492:ERROR:browser_main_loop.cc(274)] Gtk: gtk_widget_add_accelerator: assertion 'GTK_IS_ACCEL_GROUP (accel_group)' failed
[2023-11-01T10:49:17.963744659Z] [1410:1101/104917.963720:ERROR:browser_main_loop.cc(274)] Gtk: gtk_widget_add_accelerator: assertion 'GTK_IS_ACCEL_GROUP (accel_group)' failed
[2023-11-01T10:49:17.972584960Z] [1410:1101/104917.972549:ERROR:browser_main_loop.cc(274)] Gtk: gtk_widget_add_accelerator: assertion 'GTK_IS_ACCEL_GROUP (accel_group)' failed
[2023-11-01T10:49:18.695838593Z] [1410:1101/104918.695805:ERROR:browser_main_loop.cc(274)] Gtk: gtk_widget_add_accelerator: assertion 'GTK_IS_ACCEL_GROUP (accel_group)' failed
[2023-11-01T10:49:18.971200908Z] [1410:1101/104918.971143:ERROR:browser_main_loop.cc(274)] Gtk: gtk_widget_add_accelerator: assertion 'GTK_IS_ACCEL_GROUP (accel_group)' failed
[2023-11-01T10:49:19.031095200Z] [1410:1101/104919.031013:ERROR:browser_main_loop.cc(274)] Gtk: gtk_widget_add_accelerator: assertion 'GTK_IS_ACCEL_GROUP (accel_group)' failed
[2023-11-01T10:50:13.407975981Z] [1410:1101/105013.407817:ERROR:browser_main_loop.cc(274)] Gtk: gtk_widget_add_accelerator: assertion 'GTK_IS_ACCEL_GROUP (accel_group)' failed
[2023-11-01T12:11:57.715575816Z] [1410:1101/121157.715528:ERROR:browser_main_loop.cc(274)] Gtk: gtk_widget_add_accelerator: assertion 'GTK_IS_ACCEL_GROUP (accel_group)' failed
[2023-11-01T12:11:57.752290651Z] [1410:1101/121157.752225:ERROR:browser_main_loop.cc(274)] Gtk: gtk_widget_add_accelerator: assertion 'GTK_IS_ACCEL_GROUP (accel_group)' failed
[2023-11-01T12:12:03.022051490Z] [1410:1101/121203.022015:ERROR:browser_main_loop.cc(274)] Gtk: gtk_widget_add_accelerator: assertion 'GTK_IS_ACCEL_GROUP (accel_group)' failed
[2023-11-01T12:12:03.206712575Z] [1410:1101/121203.206664:ERROR:browser_main_loop.cc(274)] Gtk: gtk_widget_add_accelerator: assertion 'GTK_IS_ACCEL_GROUP (accel_group)' failed
[2023-11-01T12:12:03.212001199Z] [1410:1101/121203.211963:ERROR:browser_main_loop.cc(274)] Gtk: gtk_widget_add_accelerator: assertion 'GTK_IS_ACCEL_GROUP (accel_group)' failed
[2023-11-01T12:12:03.214935107Z] [1410:1101/121203.214909:ERROR:browser_main_loop.cc(274)] Gtk: gtk_widget_add_accelerator: assertion 'GTK_IS_ACCEL_GROUP (accel_group)' failed
[2023-11-01T12:12:03.216845139Z] [1410:1101/121203.216825:ERROR:browser_main_loop.cc(274)] Gtk: gtk_widget_add_accelerator: assertion 'GTK_IS_ACCEL_GROUP (accel_group)' failed
-------------------------------------------------------------------------------->8
[2023-11-02T11:16:17.650185750Z] [1410:1102/111617.650063:ERROR:browser_main_loop.cc(274)] Gtk: gtk_widget_add_accelerator: assertion 'GTK_IS_ACCEL_GROUP (accel_group)' failed
[2023-11-02T11:16:17.651422886Z] [1410:1102/111617.651290:ERROR:browser_main_loop.cc(274)] Gtk: gtk_widget_add_accelerator: assertion 'GTK_IS_ACCEL_GROUP (accel_group)' failed
[2023-11-02T11:16:17.656956286Z] [1410:1102/111617.656909:ERROR:browser_main_loop.cc(274)] Gtk: gtk_widget_add_accelerator: assertion 'GTK_IS_ACCEL_GROUP (accel_group)' failed
[2023-11-02T11:16:17.658271925Z] [1410:1102/111617.658224:ERROR:browser_main_loop.cc(274)] Gtk: gtk_widget_add_accelerator: assertion 'GTK_IS_ACCEL_GROUP (accel_group)' failed
[2023-11-02T11:16:17.660679682Z] [1410:1102/111617.660625:ERROR:browser_main_loop.cc(274)] Gtk: gtk_widget_add_accelerator: assertion 'GTK_IS_ACCEL_GROUP (accel_group)' failed
[2023-11-02T11:16:17.662982019Z] [1410:1102/111617.662908:ERROR:browser_main_loop.cc(274)] Gtk: gtk_widget_add_accelerator: assertion 'GTK_IS_ACCEL_GROUP (accel_group)' failed
[2023-11-02T11:16:17.665535591Z] [1410:1102/111617.665524:ERROR:browser_main_loop.cc(274)] Gtk: gtk_widget_add_accelerator: assertion 'GTK_IS_ACCEL_GROUP (accel_group)' failed
[2023-11-02T11:16:17.667771300Z] [1410:1102/111617.667749:ERROR:browser_main_loop.cc(274)] Gtk: gtk_widget_add_accelerator: assertion 'GTK_IS_ACCEL_GROUP (accel_group)' failed
[2023-11-02T11:16:17.669819107Z] [1410:1102/111617.669773:ERROR:browser_main_loop.cc(274)] Gtk: gtk_widget_add_accelerator: assertion 'GTK_IS_ACCEL_GROUP (accel_group)' failed
[2023-11-02T11:16:17.671833222Z] [1410:1102/111617.671700:ERROR:browser_main_loop.cc(274)] Gtk: gtk_widget_add_accelerator: assertion 'GTK_IS_ACCEL_GROUP (accel_group)' failed
[2023-11-02T11:16:17.673586274Z] [1410:1102/111617.673530:ERROR:browser_main_loop.cc(274)] Gtk: gtk_widget_add_accelerator: assertion 'GTK_IS_ACCEL_GROUP (accel_group)' failed
[2023-11-02T11:16:17.677267591Z] [1410:1102/111617.677211:ERROR:browser_main_loop.cc(274)] Gtk: gtk_widget_add_accelerator: assertion 'GTK_IS_ACCEL_GROUP (accel_group)' failed
[2023-11-02T11:16:21.201164432Z] [1410:1102/111621.201093:ERROR:browser_main_loop.cc(274)] Gtk: gtk_widget_add_accelerator: assertion 'GTK_IS_ACCEL_GROUP (accel_group)' failed
[2023-11-02T11:16:21.213662252Z] [1410:1102/111621.213638:ERROR:browser_main_loop.cc(274)] Gtk: gtk_widget_add_accelerator: assertion 'GTK_IS_ACCEL_GROUP (accel_group)' failed
[2023-11-02T11:16:21.222964245Z] [1410:1102/111621.222928:ERROR:browser_main_loop.cc(274)] Gtk: gtk_widget_add_accelerator: assertion 'GTK_IS_ACCEL_GROUP (accel_group)' failed
[2023-11-02T11:16:21.234582293Z] [1410:1102/111621.234541:ERROR:browser_main_loop.cc(274)] Gtk: gtk_widget_add_accelerator: assertion 'GTK_IS_ACCEL_GROUP (accel_group)' failed
[2023-11-02T11:16:21.242818483Z] [1410:1102/111621.242784:ERROR:browser_main_loop.cc(274)] Gtk: gtk_widget_add_accelerator: assertion 'GTK_IS_ACCEL_GROUP (accel_group)' failed
[2023-11-02T11:16:21.250837282Z] [1410:1102/111621.250741:ERROR:browser_main_loop.cc(274)] Gtk: gtk_widget_add_accelerator: assertion 'GTK_IS_ACCEL_GROUP (accel_group)' failed
[2023-11-02T11:16:21.854087603Z] [1410:1102/111621.854048:ERROR:browser_main_loop.cc(274)] Gtk: gtk_widget_add_accelerator: assertion 'GTK_IS_ACCEL_GROUP (accel_group)' failed
[2023-11-02T11:16:22.252979538Z] [1410:1102/111622.252913:ERROR:browser_main_loop.cc(274)] Gtk: gtk_widget_add_accelerator: assertion 'GTK_IS_ACCEL_GROUP (accel_group)' failed
[2023-11-02T11:16:22.297791991Z] [1410:1102/111622.297773:ERROR:browser_main_loop.cc(274)] Gtk: gtk_widget_add_accelerator: assertion 'GTK_IS_ACCEL_GROUP (accel_group)' failed
[2023-11-02T11:17:16.432163544Z] [1410:1102/111716.432049:ERROR:browser_main_loop.cc(274)] Gtk: gtk_widget_add_accelerator: assertion 'GTK_IS_ACCEL_GROUP (accel_group)' failed
-------------------------------------------------------------------------------->8
[2023-11-02T14:21:19.117731814Z] [4306:1102/142119.117584:ERROR:browser_main_loop.cc(274)] Gtk: gtk_widget_add_accelerator: assertion 'GTK_IS_ACCEL_GROUP (accel_group)' failed
[2023-11-02T14:21:19.118263541Z] [4306:1102/142119.118248:ERROR:browser_main_loop.cc(274)] Gtk: gtk_widget_add_accelerator: assertion 'GTK_IS_ACCEL_GROUP (accel_group)' failed
[2023-11-02T14:21:19.167788934Z] [4306:1102/142119.167752:ERROR:browser_main_loop.cc(274)] Gtk: gtk_widget_add_accelerator: assertion 'GTK_IS_ACCEL_GROUP (accel_group)' failed
[2023-11-02T14:21:19.171221058Z] [4306:1102/142119.171160:ERROR:browser_main_loop.cc(274)] Gtk: gtk_widget_add_accelerator: assertion 'GTK_IS_ACCEL_GROUP (accel_group)' failed
[2023-11-02T14:21:19.173495463Z] [4306:1102/142119.173483:ERROR:browser_main_loop.cc(274)] Gtk: gtk_widget_add_accelerator: assertion 'GTK_IS_ACCEL_GROUP (accel_group)' failed
[2023-11-02T14:21:19.176127630Z] [4306:1102/142119.176077:ERROR:browser_main_loop.cc(274)] Gtk: gtk_widget_add_accelerator: assertion 'GTK_IS_ACCEL_GROUP (accel_group)' failed
[2023-11-02T14:21:19.178142133Z] [4306:1102/142119.178125:ERROR:browser_main_loop.cc(274)] Gtk: gtk_widget_add_accelerator: assertion 'GTK_IS_ACCEL_GROUP (accel_group)' failed
[2023-11-02T14:21:19.180139422Z] [4306:1102/142119.180129:ERROR:browser_main_loop.cc(274)] Gtk: gtk_widget_add_accelerator: assertion 'GTK_IS_ACCEL_GROUP (accel_group)' failed
[2023-11-02T14:21:19.182107077Z] [4306:1102/142119.182097:ERROR:browser_main_loop.cc(274)] Gtk: gtk_widget_add_accelerator: assertion 'GTK_IS_ACCEL_GROUP (accel_group)' failed
[2023-11-02T14:21:19.184029167Z] [4306:1102/142119.183987:ERROR:browser_main_loop.cc(274)] Gtk: gtk_widget_add_accelerator: assertion 'GTK_IS_ACCEL_GROUP (accel_group)' failed
[2023-11-02T14:21:19.187304100Z] [4306:1102/142119.187288:ERROR:browser_main_loop.cc(274)] Gtk: gtk_widget_add_accelerator: assertion 'GTK_IS_ACCEL_GROUP (accel_group)' failed
[2023-11-02T14:21:22.526684545Z] [4306:1102/142122.526646:ERROR:browser_main_loop.cc(274)] Gtk: gtk_widget_add_accelerator: assertion 'GTK_IS_ACCEL_GROUP (accel_group)' failed
[2023-11-02T14:21:22.539318703Z] [4306:1102/142122.539277:ERROR:browser_main_loop.cc(274)] Gtk: gtk_widget_add_accelerator: assertion 'GTK_IS_ACCEL_GROUP (accel_group)' failed
[2023-11-02T14:21:22.547724306Z] [4306:1102/142122.547699:ERROR:browser_main_loop.cc(274)] Gtk: gtk_widget_add_accelerator: assertion 'GTK_IS_ACCEL_GROUP (accel_group)' failed
[2023-11-02T14:21:22.556006114Z] [4306:1102/142122.555939:ERROR:browser_main_loop.cc(274)] Gtk: gtk_widget_add_accelerator: assertion 'GTK_IS_ACCEL_GROUP (accel_group)' failed
[2023-11-02T14:21:22.564057956Z] [4306:1102/142122.564042:ERROR:browser_main_loop.cc(274)] Gtk: gtk_widget_add_accelerator: assertion 'GTK_IS_ACCEL_GROUP (accel_group)' failed
[2023-11-02T14:21:22.572113336Z] [4306:1102/142122.572082:ERROR:browser_main_loop.cc(274)] Gtk: gtk_widget_add_accelerator: assertion 'GTK_IS_ACCEL_GROUP (accel_group)' failed
[2023-11-02T14:21:23.294780623Z] [4306:1102/142123.294756:ERROR:browser_main_loop.cc(274)] Gtk: gtk_widget_add_accelerator: assertion 'GTK_IS_ACCEL_GROUP (accel_group)' failed
[2023-11-02T14:21:23.572215044Z] [4306:1102/142123.572116:ERROR:browser_main_loop.cc(274)] Gtk: gtk_widget_add_accelerator: assertion 'GTK_IS_ACCEL_GROUP (accel_group)' failed
[2023-11-02T14:21:23.615465483Z] [4306:1102/142123.615441:ERROR:browser_main_loop.cc(274)] Gtk: gtk_widget_add_accelerator: assertion 'GTK_IS_ACCEL_GROUP (accel_group)' failed
[2023-11-02T14:22:18.033355734Z] [4306:1102/142218.033295:ERROR:browser_main_loop.cc(274)] Gtk: gtk_widget_add_accelerator: assertion 'GTK_IS_ACCEL_GROUP (accel_group)' failed
[2023-11-02T17:26:23.933735118Z] [4306:1102/172623.933696:ERROR:browser_main_loop.cc(274)] Gtk: gtk_widget_add_accelerator: assertion 'GTK_IS_ACCEL_GROUP (accel_group)' failed
[2023-11-02T17:26:23.975960631Z] [4306:1102/172623.975938:ERROR:browser_main_loop.cc(274)] Gtk: gtk_widget_add_accelerator: assertion 'GTK_IS_ACCEL_GROUP (accel_group)' failed
[2023-11-02T17:26:29.259468454Z] [4306:1102/172629.259310:ERROR:browser_main_loop.cc(274)] Gtk: gtk_widget_add_accelerator: assertion 'GTK_IS_ACCEL_GROUP (accel_group)' failed
[2023-11-02T17:26:29.479547500Z] [4306:1102/172629.479491:ERROR:browser_main_loop.cc(274)] Gtk: gtk_widget_add_accelerator: assertion 'GTK_IS_ACCEL_GROUP (accel_group)' failed
[2023-11-02T17:26:29.483026670Z] [4306:1102/172629.482983:ERROR:browser_main_loop.cc(274)] Gtk: gtk_widget_add_accelerator: assertion 'GTK_IS_ACCEL_GROUP (accel_group)' failed
[2023-11-02T17:26:29.485514661Z] [4306:1102/172629.485466:ERROR:browser_main_loop.cc(274)] Gtk: gtk_widget_add_accelerator: assertion 'GTK_IS_ACCEL_GROUP (accel_group)' failed
[2023-11-02T17:26:29.487362894Z] [4306:1102/172629.487323:ERROR:browser_main_loop.cc(274)] Gtk: gtk_widget_add_accelerator: assertion 'GTK_IS_ACCEL_GROUP (accel_group)' failed
-------------------------------------------------------------------------------->8
[2023-11-08T08:58:56.711914305Z] [1980:1108/085856.711830:ERROR:browser_main_loop.cc(274)] Gtk: gtk_widget_add_accelerator: assertion 'GTK_IS_ACCEL_GROUP (accel_group)' failed
[2023-11-08T08:58:56.712679194Z] [1980:1108/085856.712632:ERROR:browser_main_loop.cc(274)] Gtk: gtk_widget_add_accelerator: assertion 'GTK_IS_ACCEL_GROUP (accel_group)' failed
[2023-11-08T08:58:56.716672072Z] [1980:1108/085856.716539:ERROR:browser_main_loop.cc(274)] Gtk: gtk_widget_add_accelerator: assertion 'GTK_IS_ACCEL_GROUP (accel_group)' failed
[2023-11-08T08:58:56.718834490Z] [1980:1108/085856.718709:ERROR:browser_main_loop.cc(274)] Gtk: gtk_widget_add_accelerator: assertion 'GTK_IS_ACCEL_GROUP (accel_group)' failed
[2023-11-08T08:58:56.720911731Z] [1980:1108/085856.720862:ERROR:browser_main_loop.cc(274)] Gtk: gtk_widget_add_accelerator: assertion 'GTK_IS_ACCEL_GROUP (accel_group)' failed
[2023-11-08T08:58:56.723333008Z] [1980:1108/085856.723187:ERROR:browser_main_loop.cc(274)] Gtk: gtk_widget_add_accelerator: assertion 'GTK_IS_ACCEL_GROUP (accel_group)' failed
[2023-11-08T08:58:56.725089546Z] [1980:1108/085856.725072:ERROR:browser_main_loop.cc(274)] Gtk: gtk_widget_add_accelerator: assertion 'GTK_IS_ACCEL_GROUP (accel_group)' failed
[2023-11-08T08:58:56.727034964Z] [1980:1108/085856.726879:ERROR:browser_main_loop.cc(274)] Gtk: gtk_widget_add_accelerator: assertion 'GTK_IS_ACCEL_GROUP (accel_group)' failed
[2023-11-08T08:58:56.728783827Z] [1980:1108/085856.728658:ERROR:browser_main_loop.cc(274)] Gtk: gtk_widget_add_accelerator: assertion 'GTK_IS_ACCEL_GROUP (accel_group)' failed
[2023-11-08T08:58:56.730434924Z] [1980:1108/085856.730378:ERROR:browser_main_loop.cc(274)] Gtk: gtk_widget_add_accelerator: assertion 'GTK_IS_ACCEL_GROUP (accel_group)' failed
[2023-11-08T08:58:56.733979946Z] [1980:1108/085856.733969:ERROR:browser_main_loop.cc(274)] Gtk: gtk_widget_add_accelerator: assertion 'GTK_IS_ACCEL_GROUP (accel_group)' failed
[2023-11-08T08:59:00.073051687Z] [1980:1108/085900.073002:ERROR:browser_main_loop.cc(274)] Gtk: gtk_widget_add_accelerator: assertion 'GTK_IS_ACCEL_GROUP (accel_group)' failed
[2023-11-08T08:59:00.083641424Z] [1980:1108/085900.083607:ERROR:browser_main_loop.cc(274)] Gtk: gtk_widget_add_accelerator: assertion 'GTK_IS_ACCEL_GROUP (accel_group)' failed
[2023-11-08T08:59:00.092244859Z] [1980:1108/085900.092182:ERROR:browser_main_loop.cc(274)] Gtk: gtk_widget_add_accelerator: assertion 'GTK_IS_ACCEL_GROUP (accel_group)' failed
[2023-11-08T08:59:00.100177608Z] [1980:1108/085900.100130:ERROR:browser_main_loop.cc(274)] Gtk: gtk_widget_add_accelerator: assertion 'GTK_IS_ACCEL_GROUP (accel_group)' failed
[2023-11-08T08:59:00.108411010Z] [1980:1108/085900.108367:ERROR:browser_main_loop.cc(274)] Gtk: gtk_widget_add_accelerator: assertion 'GTK_IS_ACCEL_GROUP (accel_group)' failed
[2023-11-08T08:59:00.117221027Z] [1980:1108/085900.117176:ERROR:browser_main_loop.cc(274)] Gtk: gtk_widget_add_accelerator: assertion 'GTK_IS_ACCEL_GROUP (accel_group)' failed
[2023-11-08T08:59:00.658092469Z] [1980:1108/085900.658055:ERROR:browser_main_loop.cc(274)] Gtk: gtk_widget_add_accelerator: assertion 'GTK_IS_ACCEL_GROUP (accel_group)' failed
[2023-11-08T08:59:01.106569281Z] [1980:1108/085901.106495:ERROR:browser_main_loop.cc(274)] Gtk: gtk_widget_add_accelerator: assertion 'GTK_IS_ACCEL_GROUP (accel_group)' failed
[2023-11-08T08:59:01.166427828Z] [1980:1108/085901.166405:ERROR:browser_main_loop.cc(274)] Gtk: gtk_widget_add_accelerator: assertion 'GTK_IS_ACCEL_GROUP (accel_group)' failed
[2023-11-08T08:59:55.490252100Z] [1980:1108/085955.490122:ERROR:browser_main_loop.cc(274)] Gtk: gtk_widget_add_accelerator: assertion 'GTK_IS_ACCEL_GROUP (accel_group)' failed
-------------------------------------------------------------------------------->8
-------------------------------------------------------------------------------->8
[2023-11-14T06:44:31.373881483Z] [9362:1114/121431.373747:ERROR:browser_main_loop.cc(274)] Gtk: gtk_widget_add_accelerator: assertion 'GTK_IS_ACCEL_GROUP (accel_group)' failed
[2023-11-14T06:44:31.374711455Z] [9362:1114/121431.374582:ERROR:browser_main_loop.cc(274)] Gtk: gtk_widget_add_accelerator: assertion 'GTK_IS_ACCEL_GROUP (accel_group)' failed
[2023-11-14T06:44:31.429648766Z] [9362:1114/121431.429587:ERROR:browser_main_loop.cc(274)] Gtk: gtk_widget_add_accelerator: assertion 'GTK_IS_ACCEL_GROUP (accel_group)' failed
[2023-11-14T06:44:31.432023927Z] [9362:1114/121431.432002:ERROR:browser_main_loop.cc(274)] Gtk: gtk_widget_add_accelerator: assertion 'GTK_IS_ACCEL_GROUP (accel_group)' failed
[2023-11-14T06:44:31.434604358Z] [9362:1114/121431.434590:ERROR:browser_main_loop.cc(274)] Gtk: gtk_widget_add_accelerator: assertion 'GTK_IS_ACCEL_GROUP (accel_group)' failed
[2023-11-14T06:44:31.436669079Z] [9362:1114/121431.436616:ERROR:browser_main_loop.cc(274)] Gtk: gtk_widget_add_accelerator: assertion 'GTK_IS_ACCEL_GROUP (accel_group)' failed
[2023-11-14T06:44:31.438630503Z] [9362:1114/121431.438580:ERROR:browser_main_loop.cc(274)] Gtk: gtk_widget_add_accelerator: assertion 'GTK_IS_ACCEL_GROUP (accel_group)' failed
[2023-11-14T06:44:31.440564282Z] [9362:1114/121431.440544:ERROR:browser_main_loop.cc(274)] Gtk: gtk_widget_add_accelerator: assertion 'GTK_IS_ACCEL_GROUP (accel_group)' failed
[2023-11-14T06:44:31.441785583Z] [9362:1114/121431.441769:ERROR:browser_main_loop.cc(274)] Gtk: gtk_widget_add_accelerator: assertion 'GTK_IS_ACCEL_GROUP (accel_group)' failed
[2023-11-14T06:44:31.443728411Z] [9362:1114/121431.443712:ERROR:browser_main_loop.cc(274)] Gtk: gtk_widget_add_accelerator: assertion 'GTK_IS_ACCEL_GROUP (accel_group)' failed
[2023-11-14T06:44:31.469779954Z] [9362:1114/121431.469726:ERROR:browser_main_loop.cc(274)] Gtk: gtk_widget_add_accelerator: assertion 'GTK_IS_ACCEL_GROUP (accel_group)' failed
[2023-11-14T06:44:34.602838614Z] [9362:1114/121434.602796:ERROR:browser_main_loop.cc(274)] Gtk: gtk_widget_add_accelerator: assertion 'GTK_IS_ACCEL_GROUP (accel_group)' failed
[2023-11-14T06:44:34.612438605Z] [9362:1114/121434.612412:ERROR:browser_main_loop.cc(274)] Gtk: gtk_widget_add_accelerator: assertion 'GTK_IS_ACCEL_GROUP (accel_group)' failed
[2023-11-14T06:44:34.622501755Z] [9362:1114/121434.622452:ERROR:browser_main_loop.cc(274)] Gtk: gtk_widget_add_accelerator: assertion 'GTK_IS_ACCEL_GROUP (accel_group)' failed
[2023-11-14T06:44:34.631999806Z] [9362:1114/121434.631972:ERROR:browser_main_loop.cc(274)] Gtk: gtk_widget_add_accelerator: assertion 'GTK_IS_ACCEL_GROUP (accel_group)' failed
[2023-11-14T06:44:34.639833548Z] [9362:1114/121434.639795:ERROR:browser_main_loop.cc(274)] Gtk: gtk_widget_add_accelerator: assertion 'GTK_IS_ACCEL_GROUP (accel_group)' failed
[2023-11-14T06:44:34.648479511Z] [9362:1114/121434.648307:ERROR:browser_main_loop.cc(274)] Gtk: gtk_widget_add_accelerator: assertion 'GTK_IS_ACCEL_GROUP (accel_group)' failed
[2023-11-14T06:44:35.254447729Z] [9362:1114/121435.254415:ERROR:browser_main_loop.cc(274)] Gtk: gtk_widget_add_accelerator: assertion 'GTK_IS_ACCEL_GROUP (accel_group)' failed
[2023-11-14T06:44:35.640341409Z] [9362:1114/121435.640239:ERROR:browser_main_loop.cc(274)] Gtk: gtk_widget_add_accelerator: assertion 'GTK_IS_ACCEL_GROUP (accel_group)' failed
[2023-11-14T06:44:35.697336642Z] [9362:1114/121435.697274:ERROR:browser_main_loop.cc(274)] Gtk: gtk_widget_add_accelerator: assertion 'GTK_IS_ACCEL_GROUP (accel_group)' failed
[2023-11-14T06:45:30.320250240Z] [9362:1114/121530.320181:ERROR:browser_main_loop.cc(274)] Gtk: gtk_widget_add_accelerator: assertion 'GTK_IS_ACCEL_GROUP (accel_group)' failed
[2023-11-14T08:57:26.079096683Z] [9510:1114/142726.076269:ERROR:connection.cc(46)] X connection error received.
-------------------------------------------------------------------------------->8
[2023-11-15T10:03:01.870408671Z] [5961:1115/153301.870274:ERROR:browser_main_loop.cc(274)] Gtk: gtk_widget_add_accelerator: assertion 'GTK_IS_ACCEL_GROUP (accel_group)' failed
[2023-11-15T10:03:01.871162953Z] [5961:1115/153301.871042:ERROR:browser_main_loop.cc(274)] Gtk: gtk_widget_add_accelerator: assertion 'GTK_IS_ACCEL_GROUP (accel_group)' failed
[2023-11-15T10:03:01.909503669Z] [5961:1115/153301.909434:ERROR:browser_main_loop.cc(274)] Gtk: gtk_widget_add_accelerator: assertion 'GTK_IS_ACCEL_GROUP (accel_group)' failed
[2023-11-15T10:03:01.912672439Z] [5961:1115/153301.912657:ERROR:browser_main_loop.cc(274)] Gtk: gtk_widget_add_accelerator: assertion 'GTK_IS_ACCEL_GROUP (accel_group)' failed
[2023-11-15T10:03:01.914575652Z] [5961:1115/153301.914531:ERROR:browser_main_loop.cc(274)] Gtk: gtk_widget_add_accelerator: assertion 'GTK_IS_ACCEL_GROUP (accel_group)' failed
[2023-11-15T10:03:01.916207216Z] [5961:1115/153301.916195:ERROR:browser_main_loop.cc(274)] Gtk: gtk_widget_add_accelerator: assertion 'GTK_IS_ACCEL_GROUP (accel_group)' failed
[2023-11-15T10:03:01.917836865Z] [5961:1115/153301.917824:ERROR:browser_main_loop.cc(274)] Gtk: gtk_widget_add_accelerator: assertion 'GTK_IS_ACCEL_GROUP (accel_group)' failed
[2023-11-15T10:03:01.918934238Z] [5961:1115/153301.918922:ERROR:browser_main_loop.cc(274)] Gtk: gtk_widget_add_accelerator: assertion 'GTK_IS_ACCEL_GROUP (accel_group)' failed
[2023-11-15T10:03:01.921109608Z] [5961:1115/153301.921059:ERROR:browser_main_loop.cc(274)] Gtk: gtk_widget_add_accelerator: assertion 'GTK_IS_ACCEL_GROUP (accel_group)' failed
[2023-11-15T10:03:01.923621639Z] [5961:1115/153301.923562:ERROR:browser_main_loop.cc(274)] Gtk: gtk_widget_add_accelerator: assertion 'GTK_IS_ACCEL_GROUP (accel_group)' failed
[2023-11-15T10:03:01.927227067Z] [5961:1115/153301.927108:ERROR:browser_main_loop.cc(274)] Gtk: gtk_widget_add_accelerator: assertion 'GTK_IS_ACCEL_GROUP (accel_group)' failed
[2023-11-15T10:03:05.273039453Z] [5961:1115/153305.272921:ERROR:browser_main_loop.cc(274)] Gtk: gtk_widget_add_accelerator: assertion 'GTK_IS_ACCEL_GROUP (accel_group)' failed
[2023-11-15T10:03:05.286760702Z] [5961:1115/153305.286730:ERROR:browser_main_loop.cc(274)] Gtk: gtk_widget_add_accelerator: assertion 'GTK_IS_ACCEL_GROUP (accel_group)' failed
[2023-11-15T10:03:05.294470522Z] [5961:1115/153305.294433:ERROR:browser_main_loop.cc(274)] Gtk: gtk_widget_add_accelerator: assertion 'GTK_IS_ACCEL_GROUP (accel_group)' failed
[2023-11-15T10:03:05.302138667Z] [5961:1115/153305.302117:ERROR:browser_main_loop.cc(274)] Gtk: gtk_widget_add_accelerator: assertion 'GTK_IS_ACCEL_GROUP (accel_group)' failed
[2023-11-15T10:03:05.309909381Z] [5961:1115/153305.309877:ERROR:browser_main_loop.cc(274)] Gtk: gtk_widget_add_accelerator: assertion 'GTK_IS_ACCEL_GROUP (accel_group)' failed
[2023-11-15T10:03:05.318694962Z] [5961:1115/153305.318652:ERROR:browser_main_loop.cc(274)] Gtk: gtk_widget_add_accelerator: assertion 'GTK_IS_ACCEL_GROUP (accel_group)' failed
[2023-11-15T10:03:06.062294622Z] [5961:1115/153306.062273:ERROR:browser_main_loop.cc(274)] Gtk: gtk_widget_add_accelerator: assertion 'GTK_IS_ACCEL_GROUP (accel_group)' failed
[2023-11-15T10:03:06.313278229Z] [5961:1115/153306.313199:ERROR:browser_main_loop.cc(274)] Gtk: gtk_widget_add_accelerator: assertion 'GTK_IS_ACCEL_GROUP (accel_group)' failed
[2023-11-15T10:03:06.325587710Z] [5961:1115/153306.325565:ERROR:browser_main_loop.cc(274)] Gtk: gtk_widget_add_accelerator: assertion 'GTK_IS_ACCEL_GROUP (accel_group)' failed
[2023-11-15T10:04:00.847942547Z] [5961:1115/153400.847768:ERROR:browser_main_loop.cc(274)] Gtk: gtk_widget_add_accelerator: assertion 'GTK_IS_ACCEL_GROUP (accel_group)' failed
[2023-11-15T11:38:15.963260688Z] [5961:1115/170815.963232:ERROR:browser_main_loop.cc(274)] Gtk: gtk_widget_add_accelerator: assertion 'GTK_IS_ACCEL_GROUP (accel_group)' failed
[2023-11-15T11:38:15.986803546Z] [5961:1115/170815.986772:ERROR:browser_main_loop.cc(274)] Gtk: gtk_widget_add_accelerator: assertion 'GTK_IS_ACCEL_GROUP (accel_group)' failed
[2023-11-15T11:38:21.240448106Z] [5961:1115/170821.240389:ERROR:browser_main_loop.cc(274)] Gtk: gtk_widget_add_accelerator: assertion 'GTK_IS_ACCEL_GROUP (accel_group)' failed
[2023-11-15T11:38:21.427594374Z] [5961:1115/170821.427573:ERROR:browser_main_loop.cc(274)] Gtk: gtk_widget_add_accelerator: assertion 'GTK_IS_ACCEL_GROUP (accel_group)' failed
[2023-11-15T11:38:21.429999204Z] [5961:1115/170821.429946:ERROR:browser_main_loop.cc(274)] Gtk: gtk_widget_add_accelerator: assertion 'GTK_IS_ACCEL_GROUP (accel_group)' failed
[2023-11-15T11:38:21.431895549Z] [5961:1115/170821.431843:ERROR:browser_main_loop.cc(274)] Gtk: gtk_widget_add_accelerator: assertion 'GTK_IS_ACCEL_GROUP (accel_group)' failed
[2023-11-15T11:38:21.433744282Z] [5961:1115/170821.433729:ERROR:browser_main_loop.cc(274)] Gtk: gtk_widget_add_accelerator: assertion 'GTK_IS_ACCEL_GROUP (accel_group)' failed
[2023-11-15T12:52:57.491237860Z] [5961:1115/182257.491215:ERROR:browser_main_loop.cc(274)] Gtk: gtk_widget_add_accelerator: assertion 'GTK_IS_ACCEL_GROUP (accel_group)' failed
[2023-11-15T12:52:57.496511003Z] [5961:1115/182257.496489:ERROR:browser_main_loop.cc(274)] Gtk: gtk_widget_add_accelerator: assertion 'GTK_IS_ACCEL_GROUP (accel_group)' failed
[2023-11-15T12:52:57.498479152Z] [5961:1115/182257.498419:ERROR:browser_main_loop.cc(274)] Gtk: gtk_widget_add_accelerator: assertion 'GTK_IS_ACCEL_GROUP (accel_group)' failed
[2023-11-15T12:53:07.133821349Z] [5961:1115/182307.133789:ERROR:browser_main_loop.cc(274)] Gtk: gtk_widget_add_accelerator: assertion 'GTK_IS_ACCEL_GROUP (accel_group)' failed
[2023-11-15T12:53:07.138871385Z] [5961:1115/182307.138836:ERROR:browser_main_loop.cc(274)] Gtk: gtk_widget_add_accelerator: assertion 'GTK_IS_ACCEL_GROUP (accel_group)' failed
[2023-11-15T12:53:07.143011714Z] [5961:1115/182307.142987:ERROR:browser_main_loop.cc(274)] Gtk: gtk_widget_add_accelerator: assertion 'GTK_IS_ACCEL_GROUP (accel_group)' failed
[2023-11-15T12:53:07.152792492Z] [5961:1115/182307.152731:ERROR:browser_main_loop.cc(274)] Gtk: gtk_widget_add_accelerator: assertion 'GTK_IS_ACCEL_GROUP (accel_group)' failed
[2023-11-15T12:53:07.159716522Z] [5961:1115/182307.159649:ERROR:browser_main_loop.cc(274)] Gtk: gtk_widget_add_accelerator: assertion 'GTK_IS_ACCEL_GROUP (accel_group)' failed
[2023-11-15T12:53:07.181919347Z] [5961:1115/182307.181894:ERROR:browser_main_loop.cc(274)] Gtk: gtk_widget_add_accelerator: assertion 'GTK_IS_ACCEL_GROUP (accel_group)' failed
[2023-11-15T12:53:08.187285366Z] [5961:1115/182308.187201:ERROR:browser_main_loop.cc(274)] Gtk: gtk_widget_add_accelerator: assertion 'GTK_IS_ACCEL_GROUP (accel_group)' failed
[2023-11-15T12:53:08.243360785Z] [5961:1115/182308.243313:ERROR:browser_main_loop.cc(274)] Gtk: gtk_widget_add_accelerator: assertion 'GTK_IS_ACCEL_GROUP (accel_group)' failed
[2023-11-15T12:53:08.246993824Z] [5961:1115/182308.246969:ERROR:browser_main_loop.cc(274)] Gtk: gtk_widget_add_accelerator: assertion 'GTK_IS_ACCEL_GROUP (accel_group)' failed
[2023-11-15T12:59:02.546099007Z] [5961:1115/182902.545959:ERROR:browser_main_loop.cc(274)] Gtk: gtk_widget_add_accelerator: assertion 'GTK_IS_ACCEL_GROUP (accel_group)' failed
[2023-11-15T12:59:02.582663220Z] [5961:1115/182902.582648:ERROR:browser_main_loop.cc(274)] Gtk: gtk_widget_add_accelerator: assertion 'GTK_IS_ACCEL_GROUP (accel_group)' failed
[2023-11-15T12:59:07.859574851Z] [5961:1115/182907.859491:ERROR:browser_main_loop.cc(274)] Gtk: gtk_widget_add_accelerator: assertion 'GTK_IS_ACCEL_GROUP (accel_group)' failed
[2023-11-15T12:59:08.017669133Z] [5961:1115/182908.017484:ERROR:browser_main_loop.cc(274)] Gtk: gtk_widget_add_accelerator: assertion 'GTK_IS_ACCEL_GROUP (accel_group)' failed
[2023-11-15T12:59:08.021321695Z] [5961:1115/182908.021191:ERROR:browser_main_loop.cc(274)] Gtk: gtk_widget_add_accelerator: assertion 'GTK_IS_ACCEL_GROUP (accel_group)' failed
[2023-11-15T12:59:08.023667959Z] [5961:1115/182908.023649:ERROR:browser_main_loop.cc(274)] Gtk: gtk_widget_add_accelerator: assertion 'GTK_IS_ACCEL_GROUP (accel_group)' failed
[2023-11-15T12:59:08.025527681Z] [5961:1115/182908.025506:ERROR:browser_main_loop.cc(274)] Gtk: gtk_widget_add_accelerator: assertion 'GTK_IS_ACCEL_GROUP (accel_group)' failed
[2023-11-15T13:04:06.383922926Z] [5961:1115/183406.383855:ERROR:browser_main_loop.cc(274)] Gtk: gtk_widget_add_accelerator: assertion 'GTK_IS_ACCEL_GROUP (accel_group)' failed
[2023-11-15T13:04:06.391787764Z] [5961:1115/183406.391719:ERROR:browser_main_loop.cc(274)] Gtk: gtk_widget_add_accelerator: assertion 'GTK_IS_ACCEL_GROUP (accel_group)' failed
[2023-11-15T13:04:10.151566722Z] [5961:1115/183410.151520:ERROR:browser_main_loop.cc(274)] Gtk: gtk_widget_add_accelerator: assertion 'GTK_IS_ACCEL_GROUP (accel_group)' failed
[2023-11-15T13:04:10.160801761Z] [5961:1115/183410.160759:ERROR:browser_main_loop.cc(274)] Gtk: gtk_widget_add_accelerator: assertion 'GTK_IS_ACCEL_GROUP (accel_group)' failed
[2023-11-15T13:04:10.168286570Z] [5961:1115/183410.168253:ERROR:browser_main_loop.cc(274)] Gtk: gtk_widget_add_accelerator: assertion 'GTK_IS_ACCEL_GROUP (accel_group)' failed
[2023-11-15T13:04:10.174642545Z] [5961:1115/183410.174615:ERROR:browser_main_loop.cc(274)] Gtk: gtk_widget_add_accelerator: assertion 'GTK_IS_ACCEL_GROUP (accel_group)' failed
[2023-11-15T13:04:10.182916036Z] [5961:1115/183410.182867:ERROR:browser_main_loop.cc(274)] Gtk: gtk_widget_add_accelerator: assertion 'GTK_IS_ACCEL_GROUP (accel_group)' failed
[2023-11-15T13:04:10.199706360Z] [5961:1115/183410.199674:ERROR:browser_main_loop.cc(274)] Gtk: gtk_widget_add_accelerator: assertion 'GTK_IS_ACCEL_GROUP (accel_group)' failed
[2023-11-15T13:04:11.202309183Z] [5961:1115/183411.202276:ERROR:browser_main_loop.cc(274)] Gtk: gtk_widget_add_accelerator: assertion 'GTK_IS_ACCEL_GROUP (accel_group)' failed
[2023-11-15T13:04:11.256550440Z] [5961:1115/183411.256532:ERROR:browser_main_loop.cc(274)] Gtk: gtk_widget_add_accelerator: assertion 'GTK_IS_ACCEL_GROUP (accel_group)' failed
[2023-11-15T13:04:11.258956372Z] [5961:1115/183411.258937:ERROR:browser_main_loop.cc(274)] Gtk: gtk_widget_add_accelerator: assertion 'GTK_IS_ACCEL_GROUP (accel_group)' failed
[2023-11-15T13:05:50.194706520Z] [6094:1115/183550.194567:ERROR:connection.cc(46)] X connection error received.
[2023-11-15T13:05:50.195483101Z] X connection to :0 broken (explicit kill or server shutdown).
-------------------------------------------------------------------------------->8
[2023-11-16T09:41:51.309970163Z] [3141:1116/151151.309838:ERROR:browser_main_loop.cc(274)] Gtk: gtk_widget_add_accelerator: assertion 'GTK_IS_ACCEL_GROUP (accel_group)' failed
[2023-11-16T09:41:51.310558066Z] [3141:1116/151151.310541:ERROR:browser_main_loop.cc(274)] Gtk: gtk_widget_add_accelerator: assertion 'GTK_IS_ACCEL_GROUP (accel_group)' failed
[2023-11-16T09:41:51.340000916Z] [3141:1116/151151.339967:ERROR:browser_main_loop.cc(274)] Gtk: gtk_widget_add_accelerator: assertion 'GTK_IS_ACCEL_GROUP (accel_group)' failed
[2023-11-16T09:41:51.343024545Z] [3141:1116/151151.343004:ERROR:browser_main_loop.cc(274)] Gtk: gtk_widget_add_accelerator: assertion 'GTK_IS_ACCEL_GROUP (accel_group)' failed
[2023-11-16T09:41:51.345427159Z] [3141:1116/151151.345405:ERROR:browser_main_loop.cc(274)] Gtk: gtk_widget_add_accelerator: assertion 'GTK_IS_ACCEL_GROUP (accel_group)' failed
[2023-11-16T09:41:51.347912207Z] [3141:1116/151151.347856:ERROR:browser_main_loop.cc(274)] Gtk: gtk_widget_add_accelerator: assertion 'GTK_IS_ACCEL_GROUP (accel_group)' failed
[2023-11-16T09:41:51.350147960Z] [3141:1116/151151.350003:ERROR:browser_main_loop.cc(274)] Gtk: gtk_widget_add_accelerator: assertion 'GTK_IS_ACCEL_GROUP (accel_group)' failed
[2023-11-16T09:41:51.352057345Z] [3141:1116/151151.352038:ERROR:browser_main_loop.cc(274)] Gtk: gtk_widget_add_accelerator: assertion 'GTK_IS_ACCEL_GROUP (accel_group)' failed
[2023-11-16T09:41:51.354053905Z] [3141:1116/151151.354042:ERROR:browser_main_loop.cc(274)] Gtk: gtk_widget_add_accelerator: assertion 'GTK_IS_ACCEL_GROUP (accel_group)' failed
[2023-11-16T09:41:51.355997184Z] [3141:1116/151151.355985:ERROR:browser_main_loop.cc(274)] Gtk: gtk_widget_add_accelerator: assertion 'GTK_IS_ACCEL_GROUP (accel_group)' failed
[2023-11-16T09:41:51.358834940Z] [3141:1116/151151.358822:ERROR:browser_main_loop.cc(274)] Gtk: gtk_widget_add_accelerator: assertion 'GTK_IS_ACCEL_GROUP (accel_group)' failed
[2023-11-16T09:41:51.362374769Z] [3141:1116/151151.362360:ERROR:browser_main_loop.cc(274)] Gtk: gtk_widget_add_accelerator: assertion 'GTK_IS_ACCEL_GROUP (accel_group)' failed
[2023-11-16T09:41:54.846942650Z] [3141:1116/151154.846846:ERROR:browser_main_loop.cc(274)] Gtk: gtk_widget_add_accelerator: assertion 'GTK_IS_ACCEL_GROUP (accel_group)' failed
[2023-11-16T09:41:54.858320176Z] [3141:1116/151154.858263:ERROR:browser_main_loop.cc(274)] Gtk: gtk_widget_add_accelerator: assertion 'GTK_IS_ACCEL_GROUP (accel_group)' failed
[2023-11-16T09:41:54.868851277Z] [3141:1116/151154.868812:ERROR:browser_main_loop.cc(274)] Gtk: gtk_widget_add_accelerator: assertion 'GTK_IS_ACCEL_GROUP (accel_group)' failed
[2023-11-16T09:41:54.876723177Z] [3141:1116/151154.876675:ERROR:browser_main_loop.cc(274)] Gtk: gtk_widget_add_accelerator: assertion 'GTK_IS_ACCEL_GROUP (accel_group)' failed
[2023-11-16T09:41:54.885133396Z] [3141:1116/151154.885090:ERROR:browser_main_loop.cc(274)] Gtk: gtk_widget_add_accelerator: assertion 'GTK_IS_ACCEL_GROUP (accel_group)' failed
[2023-11-16T09:41:54.893376847Z] [3141:1116/151154.893335:ERROR:browser_main_loop.cc(274)] Gtk: gtk_widget_add_accelerator: assertion 'GTK_IS_ACCEL_GROUP (accel_group)' failed
[2023-11-16T09:41:55.553171577Z] [3141:1116/151155.553131:ERROR:browser_main_loop.cc(274)] Gtk: gtk_widget_add_accelerator: assertion 'GTK_IS_ACCEL_GROUP (accel_group)' failed
[2023-11-16T09:41:55.888806023Z] [3141:1116/151155.888718:ERROR:browser_main_loop.cc(274)] Gtk: gtk_widget_add_accelerator: assertion 'GTK_IS_ACCEL_GROUP (accel_group)' failed
[2023-11-16T09:41:55.939923882Z] [3141:1116/151155.939896:ERROR:browser_main_loop.cc(274)] Gtk: gtk_widget_add_accelerator: assertion 'GTK_IS_ACCEL_GROUP (accel_group)' failed
[2023-11-16T09:42:50.225434921Z] [3141:1116/151250.225340:ERROR:browser_main_loop.cc(274)] Gtk: gtk_widget_add_accelerator: assertion 'GTK_IS_ACCEL_GROUP (accel_group)' failed
[2023-11-16T11:01:27.033470308Z] [3141:1116/163127.033303:ERROR:browser_main_loop.cc(274)] Gtk: gtk_widget_add_accelerator: assertion 'GTK_IS_ACCEL_GROUP (accel_group)' failed
[2023-11-16T11:01:27.095493649Z] [3141:1116/163127.095371:ERROR:browser_main_loop.cc(274)] Gtk: gtk_widget_add_accelerator: assertion 'GTK_IS_ACCEL_GROUP (accel_group)' failed
[2023-11-16T11:01:27.177150172Z] [3141:1116/163127.177005:ERROR:browser_main_loop.cc(274)] Gtk: gtk_widget_add_accelerator: assertion 'GTK_IS_ACCEL_GROUP (accel_group)' failed
[2023-11-16T11:01:27.253594088Z] [3141:1116/163127.253441:ERROR:browser_main_loop.cc(274)] Gtk: gtk_widget_add_accelerator: assertion 'GTK_IS_ACCEL_GROUP (accel_group)' failed
[2023-11-16T11:01:27.260127743Z] [3141:1116/163127.260010:ERROR:zygote_communication_linux.cc(291)] Failed to send GetTerminationStatus message to zygote
-------------------------------------------------------------------------------->8
[2023-11-16T11:01:33.318614394Z] [145897:1116/163133.318481:ERROR:browser_main_loop.cc(274)] Gtk: gtk_widget_add_accelerator: assertion 'GTK_IS_ACCEL_GROUP (accel_group)' failed
[2023-11-16T11:01:33.319211902Z] [145897:1116/163133.319162:ERROR:browser_main_loop.cc(274)] Gtk: gtk_widget_add_accelerator: assertion 'GTK_IS_ACCEL_GROUP (accel_group)' failed
[2023-11-16T11:01:33.323964820Z] [145897:1116/163133.323915:ERROR:browser_main_loop.cc(274)] Gtk: gtk_widget_add_accelerator: assertion 'GTK_IS_ACCEL_GROUP (accel_group)' failed
[2023-11-16T11:01:33.325820812Z] [145897:1116/163133.325708:ERROR:browser_main_loop.cc(274)] Gtk: gtk_widget_add_accelerator: assertion 'GTK_IS_ACCEL_GROUP (accel_group)' failed
[2023-11-16T11:01:33.326734985Z] [145897:1116/163133.326685:ERROR:browser_main_loop.cc(274)] Gtk: gtk_widget_add_accelerator: assertion 'GTK_IS_ACCEL_GROUP (accel_group)' failed
[2023-11-16T11:01:33.328256158Z] [145897:1116/163133.328206:ERROR:browser_main_loop.cc(274)] Gtk: gtk_widget_add_accelerator: assertion 'GTK_IS_ACCEL_GROUP (accel_group)' failed
[2023-11-16T11:01:33.363336609Z] [145897:1116/163133.363286:ERROR:browser_main_loop.cc(274)] Gtk: gtk_widget_add_accelerator: assertion 'GTK_IS_ACCEL_GROUP (accel_group)' failed
[2023-11-16T11:01:33.365050822Z] [145897:1116/163133.365002:ERROR:browser_main_loop.cc(274)] Gtk: gtk_widget_add_accelerator: assertion 'GTK_IS_ACCEL_GROUP (accel_group)' failed
[2023-11-16T11:01:33.366565293Z] [145897:1116/163133.366522:ERROR:browser_main_loop.cc(274)] Gtk: gtk_widget_add_accelerator: assertion 'GTK_IS_ACCEL_GROUP (accel_group)' failed
[2023-11-16T11:01:33.368887663Z] [145897:1116/163133.368843:ERROR:browser_main_loop.cc(274)] Gtk: gtk_widget_add_accelerator: assertion 'GTK_IS_ACCEL_GROUP (accel_group)' failed
[2023-11-16T11:01:33.372689783Z] [145897:1116/163133.372574:ERROR:browser_main_loop.cc(274)] Gtk: gtk_widget_add_accelerator: assertion 'GTK_IS_ACCEL_GROUP (accel_group)' failed
[2023-11-16T11:01:40.051423368Z] [145897:1116/163140.040505:ERROR:browser_main_loop.cc(274)] Gtk: gtk_widget_add_accelerator: assertion 'GTK_IS_ACCEL_GROUP (accel_group)' failed
[2023-11-16T11:01:40.990137191Z] [145897:1116/163140.990087:ERROR:browser_main_loop.cc(274)] Gtk: gtk_widget_add_accelerator: assertion 'GTK_IS_ACCEL_GROUP (accel_group)' failed
[2023-11-16T11:01:41.001398894Z] [145897:1116/163141.001371:ERROR:browser_main_loop.cc(274)] Gtk: gtk_widget_add_accelerator: assertion 'GTK_IS_ACCEL_GROUP (accel_group)' failed
[2023-11-16T11:01:41.010282613Z] [145897:1116/163141.010241:ERROR:browser_main_loop.cc(274)] Gtk: gtk_widget_add_accelerator: assertion 'GTK_IS_ACCEL_GROUP (accel_group)' failed
[2023-11-16T11:01:41.020073571Z] [145897:1116/163141.020006:ERROR:browser_main_loop.cc(274)] Gtk: gtk_widget_add_accelerator: assertion 'GTK_IS_ACCEL_GROUP (accel_group)' failed
[2023-11-16T11:01:41.030306251Z] [145897:1116/163141.030267:ERROR:browser_main_loop.cc(274)] Gtk: gtk_widget_add_accelerator: assertion 'GTK_IS_ACCEL_GROUP (accel_group)' failed
[2023-11-16T11:01:41.040709126Z] [145897:1116/163141.040635:ERROR:browser_main_loop.cc(274)] Gtk: gtk_widget_add_accelerator: assertion 'GTK_IS_ACCEL_GROUP (accel_group)' failed
[2023-11-16T11:01:41.642323797Z] [145897:1116/163141.642292:ERROR:browser_main_loop.cc(274)] Gtk: gtk_widget_add_accelerator: assertion 'GTK_IS_ACCEL_GROUP (accel_group)' failed
[2023-11-16T11:01:42.038773407Z] [145897:1116/163142.038735:ERROR:browser_main_loop.cc(274)] Gtk: gtk_widget_add_accelerator: assertion 'GTK_IS_ACCEL_GROUP (accel_group)' failed
[2023-11-16T11:01:42.083271892Z] [145897:1116/163142.083243:ERROR:browser_main_loop.cc(274)] Gtk: gtk_widget_add_accelerator: assertion 'GTK_IS_ACCEL_GROUP (accel_group)' failed
[2023-11-16T11:02:30.750040875Z] [145897:1116/163230.749919:ERROR:browser_main_loop.cc(274)] Gtk: gtk_widget_add_accelerator: assertion 'GTK_IS_ACCEL_GROUP (accel_group)' failed
-------------------------------------------------------------------------------->8
[2023-11-18T16:49:44.203292410Z] [60061:1118/221944.203103:ERROR:browser_main_loop.cc(274)] Gtk: gtk_widget_add_accelerator: assertion 'GTK_IS_ACCEL_GROUP (accel_group)' failed
[2023-11-18T16:49:44.204236575Z] [60061:1118/221944.204187:ERROR:browser_main_loop.cc(274)] Gtk: gtk_widget_add_accelerator: assertion 'GTK_IS_ACCEL_GROUP (accel_group)' failed
[2023-11-18T16:49:44.241309391Z] [60061:1118/221944.241132:ERROR:browser_main_loop.cc(274)] Gtk: gtk_widget_add_accelerator: assertion 'GTK_IS_ACCEL_GROUP (accel_group)' failed
[2023-11-18T16:49:44.244457678Z] [60061:1118/221944.244394:ERROR:browser_main_loop.cc(274)] Gtk: gtk_widget_add_accelerator: assertion 'GTK_IS_ACCEL_GROUP (accel_group)' failed
[2023-11-18T16:49:44.248516257Z] [60061:1118/221944.248481:ERROR:browser_main_loop.cc(274)] Gtk: gtk_widget_add_accelerator: assertion 'GTK_IS_ACCEL_GROUP (accel_group)' failed
[2023-11-18T16:49:44.251072188Z] [60061:1118/221944.251028:ERROR:browser_main_loop.cc(274)] Gtk: gtk_widget_add_accelerator: assertion 'GTK_IS_ACCEL_GROUP (accel_group)' failed
[2023-11-18T16:49:44.253145586Z] [60061:1118/221944.253129:ERROR:browser_main_loop.cc(274)] Gtk: gtk_widget_add_accelerator: assertion 'GTK_IS_ACCEL_GROUP (accel_group)' failed
[2023-11-18T16:49:44.255150446Z] [60061:1118/221944.255130:ERROR:browser_main_loop.cc(274)] Gtk: gtk_widget_add_accelerator: assertion 'GTK_IS_ACCEL_GROUP (accel_group)' failed
[2023-11-18T16:49:44.257107192Z] [60061:1118/221944.257092:ERROR:browser_main_loop.cc(274)] Gtk: gtk_widget_add_accelerator: assertion 'GTK_IS_ACCEL_GROUP (accel_group)' failed
[2023-11-18T16:49:44.259101236Z] [60061:1118/221944.259042:ERROR:browser_main_loop.cc(274)] Gtk: gtk_widget_add_accelerator: assertion 'GTK_IS_ACCEL_GROUP (accel_group)' failed
[2023-11-18T16:49:44.263434209Z] [60061:1118/221944.263373:ERROR:browser_main_loop.cc(274)] Gtk: gtk_widget_add_accelerator: assertion 'GTK_IS_ACCEL_GROUP (accel_group)' failed
[2023-11-18T16:49:48.845055375Z] [60061:1118/221948.845033:ERROR:browser_main_loop.cc(274)] Gtk: gtk_widget_add_accelerator: assertion 'GTK_IS_ACCEL_GROUP (accel_group)' failed
[2023-11-18T16:49:48.854920236Z] [60061:1118/221948.854881:ERROR:browser_main_loop.cc(274)] Gtk: gtk_widget_add_accelerator: assertion 'GTK_IS_ACCEL_GROUP (accel_group)' failed
[2023-11-18T16:49:48.862540582Z] [60061:1118/221948.862473:ERROR:browser_main_loop.cc(274)] Gtk: gtk_widget_add_accelerator: assertion 'GTK_IS_ACCEL_GROUP (accel_group)' failed
[2023-11-18T16:49:48.871489471Z] [60061:1118/221948.871454:ERROR:browser_main_loop.cc(274)] Gtk: gtk_widget_add_accelerator: assertion 'GTK_IS_ACCEL_GROUP (accel_group)' failed
[2023-11-18T16:49:48.881348052Z] [60061:1118/221948.881295:ERROR:browser_main_loop.cc(274)] Gtk: gtk_widget_add_accelerator: assertion 'GTK_IS_ACCEL_GROUP (accel_group)' failed
[2023-11-18T16:49:48.891453335Z] [60061:1118/221948.891412:ERROR:browser_main_loop.cc(274)] Gtk: gtk_widget_add_accelerator: assertion 'GTK_IS_ACCEL_GROUP (accel_group)' failed
[2023-11-18T16:49:49.206503537Z] [60061:1118/221949.206442:ERROR:browser_main_loop.cc(274)] Gtk: gtk_widget_add_accelerator: assertion 'GTK_IS_ACCEL_GROUP (accel_group)' failed
[2023-11-18T16:49:49.443293646Z] [60061:1118/221949.443268:ERROR:browser_main_loop.cc(274)] Gtk: gtk_widget_add_accelerator: assertion 'GTK_IS_ACCEL_GROUP (accel_group)' failed
[2023-11-18T16:49:49.889259551Z] [60061:1118/221949.889184:ERROR:browser_main_loop.cc(274)] Gtk: gtk_widget_add_accelerator: assertion 'GTK_IS_ACCEL_GROUP (accel_group)' failed
[2023-11-18T16:49:49.897388976Z] [60061:1118/221949.897347:ERROR:browser_main_loop.cc(274)] Gtk: gtk_widget_add_accelerator: assertion 'GTK_IS_ACCEL_GROUP (accel_group)' failed
[2023-11-18T16:50:43.170037287Z] [60061:1118/222043.169826:ERROR:browser_main_loop.cc(274)] Gtk: gtk_widget_add_accelerator: assertion 'GTK_IS_ACCEL_GROUP (accel_group)' failed
[2023-11-18T16:55:49.921712143Z] [60061:1118/222549.921656:ERROR:browser_main_loop.cc(274)] Gtk: gtk_widget_add_accelerator: assertion 'GTK_IS_ACCEL_GROUP (accel_group)' failed
[2023-11-18T16:55:49.961479090Z] [60061:1118/222549.961449:ERROR:browser_main_loop.cc(274)] Gtk: gtk_widget_add_accelerator: assertion 'GTK_IS_ACCEL_GROUP (accel_group)' failed
[2023-11-18T16:55:55.237743346Z] [60061:1118/222555.237679:ERROR:browser_main_loop.cc(274)] Gtk: gtk_widget_add_accelerator: assertion 'GTK_IS_ACCEL_GROUP (accel_group)' failed
[2023-11-18T16:55:55.418100134Z] [60061:1118/222555.417955:ERROR:browser_main_loop.cc(274)] Gtk: gtk_widget_add_accelerator: assertion 'GTK_IS_ACCEL_GROUP (accel_group)' failed
[2023-11-18T16:55:55.421377160Z] [60061:1118/222555.421310:ERROR:browser_main_loop.cc(274)] Gtk: gtk_widget_add_accelerator: assertion 'GTK_IS_ACCEL_GROUP (accel_group)' failed
[2023-11-18T16:55:55.422960574Z] [60061:1118/222555.422909:ERROR:browser_main_loop.cc(274)] Gtk: gtk_widget_add_accelerator: assertion 'GTK_IS_ACCEL_GROUP (accel_group)' failed
[2023-11-18T16:55:55.424613145Z] [60061:1118/222555.424553:ERROR:browser_main_loop.cc(274)] Gtk: gtk_widget_add_accelerator: assertion 'GTK_IS_ACCEL_GROUP (accel_group)' failed
-------------------------------------------------------------------------------->8
[2023-11-18T17:17:07.220709657Z] [60061:1118/224707.220590:ERROR:browser_main_loop.cc(274)] Gtk: gtk_widget_add_accelerator: assertion 'GTK_IS_ACCEL_GROUP (accel_group)' failed
[2023-11-18T17:17:07.233048665Z] [60061:1118/224707.233027:ERROR:browser_main_loop.cc(274)] Gtk: gtk_widget_add_accelerator: assertion 'GTK_IS_ACCEL_GROUP (accel_group)' failed
[2023-11-18T17:17:07.235308003Z] [60061:1118/224707.235220:ERROR:browser_main_loop.cc(274)] Gtk: gtk_widget_add_accelerator: assertion 'GTK_IS_ACCEL_GROUP (accel_group)' failed
[2023-11-18T17:17:11.071461194Z] [60061:1118/224711.071431:ERROR:browser_main_loop.cc(274)] Gtk: gtk_widget_add_accelerator: assertion 'GTK_IS_ACCEL_GROUP (accel_group)' failed
[2023-11-18T17:17:11.074537525Z] [60061:1118/224711.074522:ERROR:browser_main_loop.cc(274)] Gtk: gtk_widget_add_accelerator: assertion 'GTK_IS_ACCEL_GROUP (accel_group)' failed
[2023-11-18T17:17:11.077525821Z] [60061:1118/224711.077509:ERROR:browser_main_loop.cc(274)] Gtk: gtk_widget_add_accelerator: assertion 'GTK_IS_ACCEL_GROUP (accel_group)' failed
[2023-11-18T17:17:11.080524225Z] [60061:1118/224711.080492:ERROR:browser_main_loop.cc(274)] Gtk: gtk_widget_add_accelerator: assertion 'GTK_IS_ACCEL_GROUP (accel_group)' failed
[2023-11-18T17:17:11.085654742Z] [60061:1118/224711.085624:ERROR:browser_main_loop.cc(274)] Gtk: gtk_widget_add_accelerator: assertion 'GTK_IS_ACCEL_GROUP (accel_group)' failed
[2023-11-18T17:17:11.109774426Z] [60061:1118/224711.109738:ERROR:browser_main_loop.cc(274)] Gtk: gtk_widget_add_accelerator: assertion 'GTK_IS_ACCEL_GROUP (accel_group)' failed
[2023-11-18T17:17:22.129557885Z] [60061:1118/224722.129399:ERROR:browser_main_loop.cc(274)] Gtk: gtk_widget_add_accelerator: assertion 'GTK_IS_ACCEL_GROUP (accel_group)' failed
[2023-11-18T17:17:22.231531577Z] [60061:1118/224722.231493:ERROR:browser_main_loop.cc(274)] Gtk: gtk_widget_add_accelerator: assertion 'GTK_IS_ACCEL_GROUP (accel_group)' failed
[2023-11-18T17:17:22.237878864Z] [60061:1118/224722.237818:ERROR:browser_main_loop.cc(274)] Gtk: gtk_widget_add_accelerator: assertion 'GTK_IS_ACCEL_GROUP (accel_group)' failed
[2023-11-18T17:24:50.546095007Z] [60061:1118/225450.546037:ERROR:browser_main_loop.cc(274)] Gtk: gtk_widget_add_accelerator: assertion 'GTK_IS_ACCEL_GROUP (accel_group)' failed
[2023-11-18T17:24:50.578700352Z] [60061:1118/225450.578655:ERROR:browser_main_loop.cc(274)] Gtk: gtk_widget_add_accelerator: assertion 'GTK_IS_ACCEL_GROUP (accel_group)' failed
[2023-11-18T17:24:55.885782848Z] [60061:1118/225455.885720:ERROR:browser_main_loop.cc(274)] Gtk: gtk_widget_add_accelerator: assertion 'GTK_IS_ACCEL_GROUP (accel_group)' failed
[2023-11-18T17:24:56.170417836Z] [60061:1118/225456.170359:ERROR:browser_main_loop.cc(274)] Gtk: gtk_widget_add_accelerator: assertion 'GTK_IS_ACCEL_GROUP (accel_group)' failed
[2023-11-18T17:24:56.173933433Z] [60061:1118/225456.173876:ERROR:browser_main_loop.cc(274)] Gtk: gtk_widget_add_accelerator: assertion 'GTK_IS_ACCEL_GROUP (accel_group)' failed
[2023-11-18T17:24:56.177067928Z] [60061:1118/225456.176946:ERROR:browser_main_loop.cc(274)] Gtk: gtk_widget_add_accelerator: assertion 'GTK_IS_ACCEL_GROUP (accel_group)' failed
[2023-11-18T17:24:56.180113316Z] [60061:1118/225456.180025:ERROR:browser_main_loop.cc(274)] Gtk: gtk_widget_add_accelerator: assertion 'GTK_IS_ACCEL_GROUP (accel_group)' failed
[2023-11-18T19:45:48.155562652Z] [60163:1119/011548.155395:ERROR:connection.cc(46)] X connection error received.
-------------------------------------------------------------------------------->8
[2023-11-23T09:32:51.173962932Z] [3565:1123/150251.173836:ERROR:object_proxy.cc(623)] Failed to call method: org.freedesktop.DBus.Properties.Get: object_path= /org/freedesktop/portal/desktop: org.freedesktop.DBus.Error.InvalidArgs: No such interface org.freedesktop.portal.FileChooser
[2023-11-23T09:32:51.173987515Z] [3565:1123/150251.173877:ERROR:select_file_dialog_linux_portal.cc(274)] Failed to read portal version property
[2023-11-23T09:32:51.761894534Z] [3565:1123/150251.761735:ERROR:browser_main_loop.cc(274)] Gtk: gtk_widget_add_accelerator: assertion 'GTK_IS_ACCEL_GROUP (accel_group)' failed
[2023-11-23T09:32:51.762580074Z] [3565:1123/150251.762435:ERROR:browser_main_loop.cc(274)] Gtk: gtk_widget_add_accelerator: assertion 'GTK_IS_ACCEL_GROUP (accel_group)' failed
[2023-11-23T09:32:51.801674313Z] [3565:1123/150251.801511:ERROR:browser_main_loop.cc(274)] Gtk: gtk_widget_add_accelerator: assertion 'GTK_IS_ACCEL_GROUP (accel_group)' failed
[2023-11-23T09:32:51.804605668Z] [3565:1123/150251.804449:ERROR:browser_main_loop.cc(274)] Gtk: gtk_widget_add_accelerator: assertion 'GTK_IS_ACCEL_GROUP (accel_group)' failed
[2023-11-23T09:32:51.806767647Z] [3565:1123/150251.806624:ERROR:browser_main_loop.cc(274)] Gtk: gtk_widget_add_accelerator: assertion 'GTK_IS_ACCEL_GROUP (accel_group)' failed
[2023-11-23T09:32:51.809025854Z] [3565:1123/150251.808874:ERROR:browser_main_loop.cc(274)] Gtk: gtk_widget_add_accelerator: assertion 'GTK_IS_ACCEL_GROUP (accel_group)' failed
[2023-11-23T09:32:51.811657501Z] [3565:1123/150251.811584:ERROR:browser_main_loop.cc(274)] Gtk: gtk_widget_add_accelerator: assertion 'GTK_IS_ACCEL_GROUP (accel_group)' failed
[2023-11-23T09:32:51.812777090Z] [3565:1123/150251.812666:ERROR:browser_main_loop.cc(274)] Gtk: gtk_widget_add_accelerator: assertion 'GTK_IS_ACCEL_GROUP (accel_group)' failed
[2023-11-23T09:32:51.814607612Z] [3565:1123/150251.814504:ERROR:browser_main_loop.cc(274)] Gtk: gtk_widget_add_accelerator: assertion 'GTK_IS_ACCEL_GROUP (accel_group)' failed
[2023-11-23T09:32:51.816731635Z] [3565:1123/150251.816688:ERROR:browser_main_loop.cc(274)] Gtk: gtk_widget_add_accelerator: assertion 'GTK_IS_ACCEL_GROUP (accel_group)' failed
[2023-11-23T09:32:51.848249690Z] [3565:1123/150251.848077:ERROR:browser_main_loop.cc(274)] Gtk: gtk_widget_add_accelerator: assertion 'GTK_IS_ACCEL_GROUP (accel_group)' failed
[2023-11-23T09:32:55.685382181Z] [3565:1123/150255.685317:ERROR:browser_main_loop.cc(274)] Gtk: gtk_widget_add_accelerator: assertion 'GTK_IS_ACCEL_GROUP (accel_group)' failed
[2023-11-23T09:32:55.700345830Z] [3565:1123/150255.700309:ERROR:browser_main_loop.cc(274)] Gtk: gtk_widget_add_accelerator: assertion 'GTK_IS_ACCEL_GROUP (accel_group)' failed
[2023-11-23T09:32:55.710002023Z] [3565:1123/150255.709971:ERROR:browser_main_loop.cc(274)] Gtk: gtk_widget_add_accelerator: assertion 'GTK_IS_ACCEL_GROUP (accel_group)' failed
[2023-11-23T09:32:55.730858599Z] [3565:1123/150255.730792:ERROR:browser_main_loop.cc(274)] Gtk: gtk_widget_add_accelerator: assertion 'GTK_IS_ACCEL_GROUP (accel_group)' failed
[2023-11-23T09:32:55.753300501Z] [3565:1123/150255.753229:ERROR:browser_main_loop.cc(274)] Gtk: gtk_widget_add_accelerator: assertion 'GTK_IS_ACCEL_GROUP (accel_group)' failed
[2023-11-23T09:32:55.761203485Z] [3565:1123/150255.761161:ERROR:browser_main_loop.cc(274)] Gtk: gtk_widget_add_accelerator: assertion 'GTK_IS_ACCEL_GROUP (accel_group)' failed
[2023-11-23T09:32:56.555727186Z] [3565:1123/150256.555684:ERROR:browser_main_loop.cc(274)] Gtk: gtk_widget_add_accelerator: assertion 'GTK_IS_ACCEL_GROUP (accel_group)' failed
[2023-11-23T09:32:56.741390448Z] [3565:1123/150256.741294:ERROR:browser_main_loop.cc(274)] Gtk: gtk_widget_add_accelerator: assertion 'GTK_IS_ACCEL_GROUP (accel_group)' failed
[2023-11-23T09:32:56.780198710Z] [3565:1123/150256.780147:ERROR:browser_main_loop.cc(274)] Gtk: gtk_widget_add_accelerator: assertion 'GTK_IS_ACCEL_GROUP (accel_group)' failed
[2023-11-23T09:33:50.583249977Z] [3565:1123/150350.583165:ERROR:browser_main_loop.cc(274)] Gtk: gtk_widget_add_accelerator: assertion 'GTK_IS_ACCEL_GROUP (accel_group)' failed
-------------------------------------------------------------------------------->8
[2023-11-23T10:41:24.717343766Z] [1398:1123/161124.717288:ERROR:object_proxy.cc(623)] Failed to call method: org.freedesktop.DBus.Properties.Get: object_path= /org/freedesktop/portal/desktop: org.freedesktop.DBus.Error.InvalidArgs: No such interface org.freedesktop.portal.FileChooser
[2023-11-23T10:41:24.717362704Z] [1398:1123/161124.717298:ERROR:select_file_dialog_linux_portal.cc(274)] Failed to read portal version property
[2023-11-23T10:41:25.249635269Z] [1398:1123/161125.249521:ERROR:browser_main_loop.cc(274)] Gtk: gtk_widget_add_accelerator: assertion 'GTK_IS_ACCEL_GROUP (accel_group)' failed
[2023-11-23T10:41:25.250460872Z] [1398:1123/161125.250405:ERROR:browser_main_loop.cc(274)] Gtk: gtk_widget_add_accelerator: assertion 'GTK_IS_ACCEL_GROUP (accel_group)' failed
[2023-11-23T10:41:25.255647915Z] [1398:1123/161125.255568:ERROR:browser_main_loop.cc(274)] Gtk: gtk_widget_add_accelerator: assertion 'GTK_IS_ACCEL_GROUP (accel_group)' failed
[2023-11-23T10:41:25.257919054Z] [1398:1123/161125.257903:ERROR:browser_main_loop.cc(274)] Gtk: gtk_widget_add_accelerator: assertion 'GTK_IS_ACCEL_GROUP (accel_group)' failed
[2023-11-23T10:41:25.260501784Z] [1398:1123/161125.260436:ERROR:browser_main_loop.cc(274)] Gtk: gtk_widget_add_accelerator: assertion 'GTK_IS_ACCEL_GROUP (accel_group)' failed
[2023-11-23T10:41:25.262583337Z] [1398:1123/161125.262521:ERROR:browser_main_loop.cc(274)] Gtk: gtk_widget_add_accelerator: assertion 'GTK_IS_ACCEL_GROUP (accel_group)' failed
[2023-11-23T10:41:25.264600009Z] [1398:1123/161125.264477:ERROR:browser_main_loop.cc(274)] Gtk: gtk_widget_add_accelerator: assertion 'GTK_IS_ACCEL_GROUP (accel_group)' failed
[2023-11-23T10:41:25.266449571Z] [1398:1123/161125.266400:ERROR:browser_main_loop.cc(274)] Gtk: gtk_widget_add_accelerator: assertion 'GTK_IS_ACCEL_GROUP (accel_group)' failed
[2023-11-23T10:41:25.267738990Z] [1398:1123/161125.267624:ERROR:browser_main_loop.cc(274)] Gtk: gtk_widget_add_accelerator: assertion 'GTK_IS_ACCEL_GROUP (accel_group)' failed
[2023-11-23T10:41:25.269591906Z] [1398:1123/161125.269531:ERROR:browser_main_loop.cc(274)] Gtk: gtk_widget_add_accelerator: assertion 'GTK_IS_ACCEL_GROUP (accel_group)' failed
[2023-11-23T10:41:25.273671248Z] [1398:1123/161125.273657:ERROR:browser_main_loop.cc(274)] Gtk: gtk_widget_add_accelerator: assertion 'GTK_IS_ACCEL_GROUP (accel_group)' failed
[2023-11-23T10:41:28.692712332Z] [1398:1123/161128.692652:ERROR:browser_main_loop.cc(274)] Gtk: gtk_widget_add_accelerator: assertion 'GTK_IS_ACCEL_GROUP (accel_group)' failed
[2023-11-23T10:41:28.705594924Z] [1398:1123/161128.705554:ERROR:browser_main_loop.cc(274)] Gtk: gtk_widget_add_accelerator: assertion 'GTK_IS_ACCEL_GROUP (accel_group)' failed
[2023-11-23T10:41:28.715183416Z] [1398:1123/161128.715136:ERROR:browser_main_loop.cc(274)] Gtk: gtk_widget_add_accelerator: assertion 'GTK_IS_ACCEL_GROUP (accel_group)' failed
[2023-11-23T10:41:28.723481766Z] [1398:1123/161128.723450:ERROR:browser_main_loop.cc(274)] Gtk: gtk_widget_add_accelerator: assertion 'GTK_IS_ACCEL_GROUP (accel_group)' failed
[2023-11-23T10:41:28.731890091Z] [1398:1123/161128.731840:ERROR:browser_main_loop.cc(274)] Gtk: gtk_widget_add_accelerator: assertion 'GTK_IS_ACCEL_GROUP (accel_group)' failed
[2023-11-23T10:41:28.740787772Z] [1398:1123/161128.740734:ERROR:browser_main_loop.cc(274)] Gtk: gtk_widget_add_accelerator: assertion 'GTK_IS_ACCEL_GROUP (accel_group)' failed
[2023-11-23T10:41:29.412865547Z] [1398:1123/161129.412813:ERROR:browser_main_loop.cc(274)] Gtk: gtk_widget_add_accelerator: assertion 'GTK_IS_ACCEL_GROUP (accel_group)' failed
[2023-11-23T10:41:29.735089402Z] [1398:1123/161129.735046:ERROR:browser_main_loop.cc(274)] Gtk: gtk_widget_add_accelerator: assertion 'GTK_IS_ACCEL_GROUP (accel_group)' failed
[2023-11-23T10:41:29.782594784Z] [1398:1123/161129.782568:ERROR:browser_main_loop.cc(274)] Gtk: gtk_widget_add_accelerator: assertion 'GTK_IS_ACCEL_GROUP (accel_group)' failed
[2023-11-23T10:42:24.108279650Z] [1398:1123/161224.108151:ERROR:browser_main_loop.cc(274)] Gtk: gtk_widget_add_accelerator: assertion 'GTK_IS_ACCEL_GROUP (accel_group)' failed
[2023-11-23T11:12:42.293771122Z] [1534:1123/164242.293629:ERROR:connection.cc(46)] X connection error received.
