2023-10-02 23:43:39 Loading main app package /tmp/.mount_Obsidioqx3YW/resources/obsidian.asar
2023-10-02 23:43:40 Checking for update using Github
2023-10-02 23:45:53 Failed to check for update using Github (net::ERR_CONNECTION_TIMED_OUT)
2023-10-02 23:45:53 Checking for update using obsidian.md
2023-10-02 23:45:54 Success.
2023-10-02 23:45:54 Latest version is 1.4.14
2023-10-02 23:45:54 App is up to date.
2023-10-03 13:01:03 Loading main app package /tmp/.mount_ObsidiDcW4oy/resources/obsidian.asar
2023-10-03 13:01:03 Checking for update using Github
2023-10-03 13:03:17 Failed to check for update using Github (net::ERR_CONNECTION_TIMED_OUT)
2023-10-03 13:03:17 Checking for update using obsidian.md
2023-10-03 13:03:18 Success.
2023-10-03 13:03:18 Latest version is 1.4.14
2023-10-03 13:03:18 App is up to date.
2023-10-03 13:49:24 Loading main app package /tmp/.mount_Obsidim59rIj/resources/obsidian.asar
2023-10-03 13:49:25 Checking for update using Github
2023-10-03 13:51:38 Failed to check for update using Github (net::ERR_CONNECTION_TIMED_OUT)
2023-10-03 13:51:38 Checking for update using obsidian.md
2023-10-03 13:51:39 Success.
2023-10-03 13:51:39 Latest version is 1.4.14
2023-10-03 13:51:39 App is up to date.
2023-10-03 14:52:38 Checking for update using Github
2023-10-03 14:54:53 Failed to check for update using Github (net::ERR_CONNECTION_TIMED_OUT)
2023-10-03 14:54:53 Checking for update using obsidian.md
2023-10-03 14:54:53 Success.
2023-10-03 14:54:53 Latest version is 1.4.14
2023-10-03 14:54:53 App is up to date.
2023-10-03 18:31:04 Checking for update using Github
2023-10-03 18:33:18 Failed to check for update using Github (net::ERR_CONNECTION_TIMED_OUT)
2023-10-03 18:33:18 Checking for update using obsidian.md
2023-10-03 18:33:19 Success.
2023-10-03 18:33:19 Latest version is 1.4.14
2023-10-03 18:33:19 App is up to date.
2023-10-03 18:35:40 Loading main app package /tmp/.mount_ObsidiGrOOQT/resources/obsidian.asar
2023-10-03 18:35:40 Checking for update using Github
2023-10-03 18:37:55 Failed to check for update using Github (net::ERR_CONNECTION_TIMED_OUT)
2023-10-03 18:37:55 Checking for update using obsidian.md
2023-10-03 18:37:56 Success.
2023-10-03 18:37:56 Latest version is 1.4.14
2023-10-03 18:37:56 App is up to date.
2023-10-04 10:09:09 Loading main app package /tmp/.mount_Obsidi9DUE4D/resources/obsidian.asar
2023-10-04 10:09:09 Checking for update using Github
2023-10-04 10:09:09 Failed to check for update using Github (net::ERR_INTERNET_DISCONNECTED)
2023-10-04 10:09:09 Checking for update using obsidian.md
2023-10-04 10:09:09 Failed to check for update using obsidian.md (net::ERR_INTERNET_DISCONNECTED)
2023-10-04 10:46:00 Loading main app package /tmp/.mount_ObsidiYhOp2T/resources/obsidian.asar
2023-10-04 10:46:01 Checking for update using Github
2023-10-04 10:48:15 Failed to check for update using Github (net::ERR_CONNECTION_TIMED_OUT)
2023-10-04 10:48:15 Checking for update using obsidian.md
2023-10-04 10:48:17 Success.
2023-10-04 10:48:17 Latest version is 1.4.14
2023-10-04 10:48:17 App is up to date.
2023-10-04 11:46:00 Checking for update using Github
2023-10-04 11:46:00 Failed to check for update using Github (net::ERR_INTERNET_DISCONNECTED)
2023-10-04 11:46:00 Checking for update using obsidian.md
2023-10-04 11:46:00 Failed to check for update using obsidian.md (net::ERR_INTERNET_DISCONNECTED)
2023-10-04 16:02:13 Loading main app package /tmp/.mount_ObsidiF5mJ7e/resources/obsidian.asar
2023-10-04 16:02:13 Checking for update using Github
2023-10-04 16:02:14 Failed to check for update using Github (net::ERR_INTERNET_DISCONNECTED)
2023-10-04 16:02:14 Checking for update using obsidian.md
2023-10-04 16:02:14 Failed to check for update using obsidian.md (net::ERR_INTERNET_DISCONNECTED)
2023-10-04 17:02:13 Checking for update using Github
2023-10-04 17:04:26 Failed to check for update using Github (net::ERR_CONNECTION_TIMED_OUT)
2023-10-04 17:04:26 Checking for update using obsidian.md
2023-10-04 17:04:27 Success.
2023-10-04 17:04:27 Latest version is 1.4.14
2023-10-04 17:04:27 App is up to date.
2023-10-04 18:02:13 Checking for update using Github
2023-10-04 18:04:27 Failed to check for update using Github (net::ERR_CONNECTION_TIMED_OUT)
2023-10-04 18:04:27 Checking for update using obsidian.md
2023-10-04 18:04:28 Success.
2023-10-04 18:04:28 Latest version is 1.4.14
2023-10-04 18:04:28 App is up to date.
2023-10-04 19:02:13 Checking for update using Github
2023-10-04 19:04:27 Failed to check for update using Github (net::ERR_CONNECTION_TIMED_OUT)
2023-10-04 19:04:27 Checking for update using obsidian.md
2023-10-04 19:04:28 Success.
2023-10-04 19:04:28 Latest version is 1.4.14
2023-10-04 19:04:28 App is up to date.
2023-10-04 20:02:13 Checking for update using Github
2023-10-04 20:02:13 Failed to check for update using Github (net::ERR_INTERNET_DISCONNECTED)
2023-10-04 20:02:13 Checking for update using obsidian.md
2023-10-04 20:02:13 Failed to check for update using obsidian.md (net::ERR_INTERNET_DISCONNECTED)
2023-10-04 21:02:13 Checking for update using Github
2023-10-04 21:02:13 Failed to check for update using Github (net::ERR_INTERNET_DISCONNECTED)
2023-10-04 21:02:13 Checking for update using obsidian.md
2023-10-04 21:02:13 Failed to check for update using obsidian.md (net::ERR_INTERNET_DISCONNECTED)
2023-10-04 22:02:13 Checking for update using Github
2023-10-04 22:04:27 Failed to check for update using Github (net::ERR_CONNECTION_TIMED_OUT)
2023-10-04 22:04:27 Checking for update using obsidian.md
2023-10-04 22:04:27 Success.
2023-10-04 22:04:27 Latest version is 1.4.14
2023-10-04 22:04:27 App is up to date.
2023-10-04 22:20:45 Loading main app package /tmp/.mount_ObsidiG4vKgM/resources/obsidian.asar
2023-10-04 22:20:45 Checking for update using Github
2023-10-04 22:22:59 Failed to check for update using Github (net::ERR_CONNECTION_TIMED_OUT)
2023-10-04 22:22:59 Checking for update using obsidian.md
2023-10-04 22:23:00 Success.
2023-10-04 22:23:00 Latest version is 1.4.14
2023-10-04 22:23:00 App is up to date.
2023-10-06 09:47:25 Loading main app package /tmp/.mount_Obsidi0N0uSe/resources/obsidian.asar
2023-10-06 09:47:25 Checking for update using Github
2023-10-06 09:47:34 Loading main app package /tmp/.mount_ObsidiEHS28H/resources/obsidian.asar
2023-10-06 09:47:35 Checking for update using Github
2023-10-06 09:49:48 Failed to check for update using Github (net::ERR_CONNECTION_TIMED_OUT)
2023-10-06 09:49:48 Checking for update using obsidian.md
2023-10-06 09:49:49 Success.
2023-10-06 09:49:49 Latest version is 1.4.14
2023-10-06 09:49:49 App is up to date.
2023-10-06 12:13:20 Loading main app package /tmp/.mount_Obsidievf0VB/resources/obsidian.asar
2023-10-06 12:13:21 Checking for update using Github
2023-10-06 12:15:35 Failed to check for update using Github (net::ERR_CONNECTION_TIMED_OUT)
2023-10-06 12:15:35 Checking for update using obsidian.md
2023-10-06 12:15:36 Success.
2023-10-06 12:15:36 Latest version is 1.4.14
2023-10-06 12:15:36 App is up to date.
2023-10-06 14:41:31 Checking for update using Github
2023-10-06 14:43:50 Failed to check for update using Github (net::ERR_CONNECTION_TIMED_OUT)
2023-10-06 14:43:50 Checking for update using obsidian.md
2023-10-06 14:43:50 Success.
2023-10-06 14:43:50 Latest version is 1.4.14
2023-10-06 14:43:50 App is up to date.
2023-10-06 17:15:12 Loading main app package /tmp/.mount_Obsidiy7klwi/resources/obsidian.asar
2023-10-06 17:15:13 Checking for update using Github
2023-10-06 17:15:13 Failed to check for update using Github (net::ERR_INTERNET_DISCONNECTED)
2023-10-06 17:15:13 Checking for update using obsidian.md
2023-10-06 17:15:13 Failed to check for update using obsidian.md (net::ERR_INTERNET_DISCONNECTED)
2023-10-06 21:25:42 Loading main app package /tmp/.mount_Obsidiv5qxxQ/resources/obsidian.asar
2023-10-06 21:25:43 Checking for update using Github
2023-10-06 21:25:43 Failed to check for update using Github (net::ERR_INTERNET_DISCONNECTED)
2023-10-06 21:25:43 Checking for update using obsidian.md
2023-10-06 21:25:43 Failed to check for update using obsidian.md (net::ERR_INTERNET_DISCONNECTED)
2023-10-07 16:12:27 Loading main app package /tmp/.mount_Obsidig7KBcI/resources/obsidian.asar
2023-10-07 16:12:27 Checking for update using Github
2023-10-07 16:12:27 Failed to check for update using Github (net::ERR_INTERNET_DISCONNECTED)
2023-10-07 16:12:27 Checking for update using obsidian.md
2023-10-07 16:12:27 Failed to check for update using obsidian.md (net::ERR_INTERNET_DISCONNECTED)
2023-10-07 17:12:27 Checking for update using Github
2023-10-07 17:12:27 Failed to check for update using Github (net::ERR_INTERNET_DISCONNECTED)
2023-10-07 17:12:27 Checking for update using obsidian.md
2023-10-07 17:12:27 Failed to check for update using obsidian.md (net::ERR_INTERNET_DISCONNECTED)
2023-10-11 10:46:36 Loading main app package /tmp/.mount_ObsidiZyMjMV/resources/obsidian.asar
2023-10-11 10:46:36 Checking for update using Github
2023-10-11 10:46:36 Failed to check for update using Github (net::ERR_INTERNET_DISCONNECTED)
2023-10-11 10:46:36 Checking for update using obsidian.md
2023-10-11 10:46:36 Failed to check for update using obsidian.md (net::ERR_INTERNET_DISCONNECTED)
2023-10-11 12:29:22 Loading main app package /tmp/.mount_ObsidiCmAD7z/resources/obsidian.asar
2023-10-11 12:29:22 Checking for update using Github
2023-10-11 12:29:22 Failed to check for update using Github (net::ERR_INTERNET_DISCONNECTED)
2023-10-11 12:29:22 Checking for update using obsidian.md
2023-10-11 12:29:22 Failed to check for update using obsidian.md (net::ERR_INTERNET_DISCONNECTED)
2023-10-13 12:01:02 Loading main app package /tmp/.mount_Obsidib3xhRx/resources/obsidian.asar
2023-10-13 12:01:02 Checking for update using Github
2023-10-13 12:01:02 Failed to check for update using Github (net::ERR_INTERNET_DISCONNECTED)
2023-10-13 12:01:02 Checking for update using obsidian.md
2023-10-13 12:01:02 Failed to check for update using obsidian.md (net::ERR_INTERNET_DISCONNECTED)
2023-10-13 14:48:08 Checking for update using Github
2023-10-13 14:50:24 Failed to check for update using Github (net::ERR_CONNECTION_TIMED_OUT)
2023-10-13 14:50:24 Checking for update using obsidian.md
2023-10-13 14:50:24 Success.
2023-10-13 14:50:24 Latest version is 1.4.14
2023-10-13 14:50:24 App is up to date.
2023-10-17 15:24:11 Loading main app package /tmp/.mount_ObsidilyPupt/resources/obsidian.asar
2023-10-17 15:24:12 Checking for update using Github
2023-10-17 15:26:25 Failed to check for update using Github (net::ERR_CONNECTION_TIMED_OUT)
2023-10-17 15:26:25 Checking for update using obsidian.md
2023-10-17 15:26:26 Success.
2023-10-17 15:26:26 Latest version is 1.4.16
2023-10-17 15:26:26 Downloading update from https://releases.obsidian.md/download?url=https%3A%2F%2Fgithub.com%2Fobsidianmd%2Fobsidian-releases%2Freleases%2Fdownload%2Fv1.4.16%2Fobsidian-1.4.16.asar.gz
2023-10-17 15:28:47 Verifying hash & signature. Size= 8394471
2023-10-17 15:28:47 Saving file
2023-10-17 15:28:47 Update complete.
2023-10-17 16:24:11 Checking for update using Github
2023-10-17 16:26:25 Failed to check for update using Github (net::ERR_CONNECTION_TIMED_OUT)
2023-10-17 16:26:25 Checking for update using obsidian.md
2023-10-17 16:26:27 Success.
2023-10-17 16:26:27 Latest version is 1.4.16
2023-10-17 16:26:27 An update is already downloaded.
2023-10-17 16:58:59 Loading updated app package /home/kelper/.config/obsidian/obsidian-1.4.16.asar
2023-10-17 16:58:59 Checking for update using Github
2023-10-17 17:01:14 Failed to check for update using Github (net::ERR_CONNECTION_TIMED_OUT)
2023-10-17 17:01:14 Checking for update using obsidian.md
2023-10-17 17:01:15 Success.
2023-10-17 17:01:15 Latest version is 1.4.16
2023-10-17 17:01:15 App is up to date.
2023-10-18 20:34:06 Loading updated app package /home/kelper/.config/obsidian/obsidian-1.4.16.asar
2023-10-18 20:34:06 Checking for update using Github
2023-10-18 20:36:20 Failed to check for update using Github (net::ERR_CONNECTION_TIMED_OUT)
2023-10-18 20:36:20 Checking for update using obsidian.md
2023-10-18 20:36:21 Success.
2023-10-18 20:36:21 Latest version is 1.4.16
2023-10-18 20:36:21 App is up to date.
2023-10-18 21:34:06 Checking for update using Github
2023-10-18 21:34:06 Failed to check for update using Github (net::ERR_INTERNET_DISCONNECTED)
2023-10-18 21:34:06 Checking for update using obsidian.md
2023-10-18 21:34:06 Failed to check for update using obsidian.md (net::ERR_INTERNET_DISCONNECTED)
2023-10-18 22:34:06 Checking for update using Github
2023-10-18 22:36:21 Failed to check for update using Github (net::ERR_CONNECTION_TIMED_OUT)
2023-10-18 22:36:21 Checking for update using obsidian.md
2023-10-18 22:36:22 Success.
2023-10-18 22:36:22 Latest version is 1.4.16
2023-10-18 22:36:22 App is up to date.
2023-10-19 14:26:03 Loading updated app package /home/kelper/.config/obsidian/obsidian-1.4.16.asar
2023-10-19 14:26:03 Checking for update using Github
2023-10-19 14:28:17 Failed to check for update using Github (net::ERR_CONNECTION_TIMED_OUT)
2023-10-19 14:28:17 Checking for update using obsidian.md
2023-10-19 14:28:18 Success.
2023-10-19 14:28:18 Latest version is 1.4.16
2023-10-19 14:28:18 App is up to date.
2023-10-19 15:26:03 Checking for update using Github
2023-10-19 15:28:17 Failed to check for update using Github (net::ERR_CONNECTION_TIMED_OUT)
2023-10-19 15:28:17 Checking for update using obsidian.md
2023-10-19 15:28:17 Success.
2023-10-19 15:28:17 Latest version is 1.4.16
2023-10-19 15:28:17 App is up to date.
2023-10-19 22:28:03 Loading updated app package /home/kelper/.config/obsidian/obsidian-1.4.16.asar
2023-10-19 22:28:04 Checking for update using Github
2023-10-19 22:30:17 Failed to check for update using Github (net::ERR_CONNECTION_TIMED_OUT)
2023-10-19 22:30:17 Checking for update using obsidian.md
2023-10-19 22:30:20 Success.
2023-10-19 22:30:20 Latest version is 1.4.16
2023-10-19 22:30:20 App is up to date.
2023-10-19 23:28:03 Checking for update using Github
2023-10-19 23:30:16 Failed to check for update using Github (net::ERR_CONNECTION_TIMED_OUT)
2023-10-19 23:30:16 Checking for update using obsidian.md
2023-10-19 23:30:17 Success.
2023-10-19 23:30:17 Latest version is 1.4.16
2023-10-19 23:30:17 App is up to date.
2023-10-22 18:30:45 Loading updated app package /home/kelper/.config/obsidian/obsidian-1.4.16.asar
2023-10-22 18:30:46 Checking for update using Github
2023-10-22 18:32:59 Failed to check for update using Github (net::ERR_CONNECTION_TIMED_OUT)
2023-10-22 18:32:59 Checking for update using obsidian.md
2023-10-22 18:33:00 Success.
2023-10-22 18:33:00 Latest version is 1.4.16
2023-10-22 18:33:00 App is up to date.
2023-10-22 20:16:02 Loading updated app package /home/kelper/.config/obsidian/obsidian-1.4.16.asar
2023-10-22 20:16:02 Checking for update using Github
2023-10-22 20:18:16 Failed to check for update using Github (net::ERR_CONNECTION_TIMED_OUT)
2023-10-22 20:18:16 Checking for update using obsidian.md
2023-10-22 20:18:17 Success.
2023-10-22 20:18:17 Latest version is 1.4.16
2023-10-22 20:18:17 App is up to date.
2023-10-22 21:16:02 Checking for update using Github
2023-10-22 21:18:16 Failed to check for update using Github (net::ERR_CONNECTION_TIMED_OUT)
2023-10-22 21:18:16 Checking for update using obsidian.md
2023-10-22 21:18:17 Success.
2023-10-22 21:18:17 Latest version is 1.4.16
2023-10-22 21:18:17 App is up to date.
2023-10-22 22:16:02 Checking for update using Github
2023-10-22 22:18:17 Failed to check for update using Github (net::ERR_CONNECTION_TIMED_OUT)
2023-10-22 22:18:17 Checking for update using obsidian.md
2023-10-22 22:18:18 Success.
2023-10-22 22:18:18 Latest version is 1.4.16
2023-10-22 22:18:18 App is up to date.
2023-10-22 23:16:02 Checking for update using Github
2023-10-22 23:18:16 Failed to check for update using Github (net::ERR_CONNECTION_TIMED_OUT)
2023-10-22 23:18:16 Checking for update using obsidian.md
2023-10-22 23:18:17 Success.
2023-10-22 23:18:17 Latest version is 1.4.16
2023-10-22 23:18:17 App is up to date.
2023-10-23 13:39:16 Loading updated app package /home/kelper/.config/obsidian/obsidian-1.4.16.asar
2023-10-23 13:39:16 Checking for update using Github
2023-10-23 13:39:28 Loading updated app package /home/kelper/.config/obsidian/obsidian-1.4.16.asar
2023-10-23 13:39:28 Checking for update using Github
2023-10-23 13:40:31 Loading updated app package /home/kelper/.config/obsidian/obsidian-1.4.16.asar
2023-10-23 13:40:32 Checking for update using Github
2023-10-23 13:42:45 Failed to check for update using Github (net::ERR_CONNECTION_TIMED_OUT)
2023-10-23 13:42:45 Checking for update using obsidian.md
2023-10-23 13:59:37 Success.
2023-10-23 13:59:37 Latest version is 1.4.16
2023-10-23 13:59:37 App is up to date.
2023-10-23 14:40:31 Checking for update using Github
2023-10-23 14:40:53 Failed to check for update using Github (net::ERR_INTERNET_DISCONNECTED)
2023-10-23 14:40:53 Checking for update using obsidian.md
2023-10-23 14:40:54 Failed to check for update using obsidian.md (net::ERR_INTERNET_DISCONNECTED)
2023-10-23 15:40:31 Checking for update using Github
2023-10-23 15:42:49 Failed to check for update using Github (net::ERR_CONNECTION_TIMED_OUT)
2023-10-23 15:42:49 Checking for update using obsidian.md
2023-10-23 15:42:52 Success.
2023-10-23 15:42:52 Latest version is 1.4.16
2023-10-23 15:42:52 App is up to date.
2023-10-23 16:40:31 Checking for update using Github
2023-10-23 16:46:12 Failed to check for update using Github (net::ERR_NETWORK_CHANGED)
2023-10-23 16:46:12 Checking for update using obsidian.md
2023-10-23 16:46:13 Failed to check for update using obsidian.md (net::ERR_INTERNET_DISCONNECTED)
2023-10-23 17:40:31 Checking for update using Github
2023-10-23 23:36:59 Loading updated app package /home/kelper/.config/obsidian/obsidian-1.4.16.asar
2023-10-23 23:36:59 Checking for update using Github
2023-10-23 23:37:00 Failed to check for update using Github (net::ERR_CONNECTION_RESET)
2023-10-23 23:37:00 Checking for update using obsidian.md
2023-10-23 23:37:00 Success.
2023-10-23 23:37:00 Latest version is 1.4.16
2023-10-23 23:37:00 App is up to date.
2023-10-25 16:46:54 Loading updated app package /home/kelper/.config/obsidian/obsidian-1.4.16.asar
2023-10-25 16:46:54 Checking for update using Github
2023-10-25 16:46:54 Failed to check for update using Github (net::ERR_INTERNET_DISCONNECTED)
2023-10-25 16:46:54 Checking for update using obsidian.md
2023-10-25 16:46:54 Failed to check for update using obsidian.md (net::ERR_INTERNET_DISCONNECTED)
2023-10-25 21:58:05 Checking for update using Github
2023-10-25 22:00:19 Failed to check for update using Github (net::ERR_CONNECTION_TIMED_OUT)
2023-10-25 22:00:19 Checking for update using obsidian.md
2023-10-31 22:47:27 Loading updated app package /home/kelper/.config/obsidian/obsidian-1.4.16.asar
2023-10-31 22:47:27 Checking for update using Github
2023-10-31 22:49:37 Failed to check for update using Github (net::ERR_CONNECTION_TIMED_OUT)
2023-10-31 22:49:37 Checking for update using obsidian.md
2023-10-31 22:49:39 Success.
2023-10-31 22:49:39 Latest version is 1.4.16
2023-10-31 22:49:39 App is up to date.
2023-11-02 21:37:56 Loading updated app package /home/kelper/.config/obsidian/obsidian-1.4.16.asar
2023-11-02 21:37:57 Checking for update using Github
2023-11-02 21:40:07 Failed to check for update using Github (net::ERR_CONNECTION_TIMED_OUT)
2023-11-02 21:40:07 Checking for update using obsidian.md
2023-11-02 21:41:13 Loading updated app package /home/kelper/.config/obsidian/obsidian-1.4.16.asar
2023-11-02 21:41:17 Checking for update using Github
2023-11-02 21:43:27 Failed to check for update using Github (net::ERR_CONNECTION_TIMED_OUT)
2023-11-02 21:43:27 Checking for update using obsidian.md
2023-11-02 22:22:18 Loading updated app package /home/kelper/.config/obsidian/obsidian-1.4.16.asar
2023-11-02 22:22:18 Checking for update using Github
2023-11-02 22:24:28 Failed to check for update using Github (net::ERR_CONNECTION_TIMED_OUT)
2023-11-02 22:24:28 Checking for update using obsidian.md
2023-11-02 22:24:29 Success.
2023-11-02 22:24:29 Latest version is 1.4.16
2023-11-02 22:24:29 App is up to date.
2023-11-06 17:46:05 Loading updated app package /home/kelper/.config/obsidian/obsidian-1.4.16.asar
2023-11-06 17:46:05 Checking for update using Github
2023-11-06 17:46:05 Failed to check for update using Github (net::ERR_INTERNET_DISCONNECTED)
2023-11-06 17:46:05 Checking for update using obsidian.md
2023-11-06 17:46:05 Failed to check for update using obsidian.md (net::ERR_INTERNET_DISCONNECTED)
2023-11-06 18:21:04 Loading updated app package /home/kelper/.config/obsidian/obsidian-1.4.16.asar
2023-11-06 18:21:04 Checking for update using Github
2023-11-06 18:21:14 Loading updated app package /home/kelper/.config/obsidian/obsidian-1.4.16.asar
2023-11-06 18:21:15 Checking for update using Github
2023-11-06 18:46:05 Checking for update using Github
2023-11-06 18:48:16 Failed to check for update using Github (net::ERR_CONNECTION_TIMED_OUT)
2023-11-06 18:48:16 Checking for update using obsidian.md
2023-11-06 18:48:17 Success.
2023-11-06 18:48:17 Latest version is 1.4.16
2023-11-06 18:48:17 App is up to date.
2023-11-06 19:46:05 Checking for update using Github
2023-11-06 19:46:05 Failed to check for update using Github (net::ERR_INTERNET_DISCONNECTED)
2023-11-06 19:46:05 Checking for update using obsidian.md
2023-11-06 19:46:05 Failed to check for update using obsidian.md (net::ERR_INTERNET_DISCONNECTED)
2023-11-06 20:46:05 Checking for update using Github
2023-11-06 20:48:15 Failed to check for update using Github (net::ERR_CONNECTION_TIMED_OUT)
2023-11-06 20:48:15 Checking for update using obsidian.md
2023-11-06 20:48:16 Success.
2023-11-06 20:48:16 Latest version is 1.4.16
2023-11-06 20:48:16 App is up to date.
2023-11-06 21:46:05 Checking for update using Github
2023-11-06 21:46:05 Failed to check for update using Github (net::ERR_INTERNET_DISCONNECTED)
2023-11-06 21:46:05 Checking for update using obsidian.md
2023-11-06 21:46:05 Failed to check for update using obsidian.md (net::ERR_INTERNET_DISCONNECTED)
2023-11-11 15:15:48 Loading updated app package /home/kelper/.config/obsidian/obsidian-1.4.16.asar
2023-11-11 15:15:49 Checking for update using Github
2023-11-11 15:15:50 Success.
2023-11-11 15:15:50 Latest version is 1.4.16
2023-11-11 15:15:50 App is up to date.
2023-11-11 16:15:48 Checking for update using Github
2023-11-11 16:15:49 Failed to check for update using Github (net::ERR_CONNECTION_RESET)
2023-11-11 16:15:49 Checking for update using obsidian.md
2023-11-11 16:15:49 Success.
2023-11-11 16:15:49 Latest version is 1.4.16
2023-11-11 16:15:49 App is up to date.
2023-11-11 17:15:48 Checking for update using Github
2023-11-11 17:15:49 Success.
2023-11-11 17:15:49 Latest version is 1.4.16
2023-11-11 17:15:49 App is up to date.
2023-11-11 18:15:48 Checking for update using Github
2023-11-11 18:15:49 Failed to check for update using Github (net::ERR_CONNECTION_RESET)
2023-11-11 18:15:49 Checking for update using obsidian.md
2023-11-11 18:15:49 Success.
2023-11-11 18:15:49 Latest version is 1.4.16
2023-11-11 18:15:49 App is up to date.
2023-11-11 19:15:48 Checking for update using Github
2023-11-11 19:15:49 Success.
2023-11-11 19:15:49 Latest version is 1.4.16
2023-11-11 19:15:49 App is up to date.
2023-11-16 17:28:47 Loading updated app package /home/kelper/.config/obsidian/obsidian-1.4.16.asar
2023-11-16 17:28:47 Checking for update using Github
2023-11-16 17:29:03 Loading updated app package /home/kelper/.config/obsidian/obsidian-1.4.16.asar
2023-11-16 17:29:04 Checking for update using Github
2023-11-16 17:31:14 Failed to check for update using Github (net::ERR_CONNECTION_TIMED_OUT)
2023-11-16 17:31:14 Checking for update using obsidian.md
2023-11-16 17:31:15 Success.
2023-11-16 17:31:15 Latest version is 1.4.16
2023-11-16 17:31:15 App is up to date.
2023-11-17 08:23:02 Loading updated app package /home/kelper/.config/obsidian/obsidian-1.4.16.asar
2023-11-17 08:23:02 Checking for update using Github
2023-11-17 08:42:34 Checking for update using Github
2023-11-17 08:44:44 Failed to check for update using Github (net::ERR_CONNECTION_TIMED_OUT)
2023-11-17 08:44:44 Checking for update using obsidian.md
2023-11-17 08:44:45 Success.
2023-11-17 08:44:45 Latest version is 1.4.16
2023-11-17 08:44:45 App is up to date.
2023-11-17 09:42:34 Checking for update using Github
2023-11-17 09:44:43 Failed to check for update using Github (net::ERR_CONNECTION_TIMED_OUT)
2023-11-17 09:44:43 Checking for update using obsidian.md
2023-11-17 09:44:43 Success.
2023-11-17 09:44:43 Latest version is 1.4.16
2023-11-17 09:44:43 App is up to date.
2023-11-17 10:42:34 Checking for update using Github
2023-11-17 10:42:34 Failed to check for update using Github (net::ERR_INTERNET_DISCONNECTED)
2023-11-17 10:42:34 Checking for update using obsidian.md
2023-11-17 10:42:34 Failed to check for update using obsidian.md (net::ERR_INTERNET_DISCONNECTED)
2023-11-17 11:26:26 Loading updated app package /home/kelper/.config/obsidian/obsidian-1.4.16.asar
2023-11-17 11:26:27 Checking for update using Github
2023-11-17 11:42:35 Checking for update using Github
2023-11-17 11:44:44 Failed to check for update using Github (net::ERR_CONNECTION_TIMED_OUT)
2023-11-17 11:44:44 Checking for update using obsidian.md
2023-11-17 11:44:46 Success.
2023-11-17 11:44:46 Latest version is 1.4.16
2023-11-17 11:44:46 App is up to date.
2023-11-17 12:42:35 Checking for update using Github
2023-11-17 12:44:45 Failed to check for update using Github (net::ERR_CONNECTION_TIMED_OUT)
2023-11-17 12:44:45 Checking for update using obsidian.md
2023-11-17 12:44:48 Success.
2023-11-17 12:44:48 Latest version is 1.4.16
2023-11-17 12:44:48 App is up to date.
2023-11-17 13:42:35 Checking for update using Github
2023-11-17 13:42:35 Failed to check for update using Github (net::ERR_INTERNET_DISCONNECTED)
2023-11-17 13:42:35 Checking for update using obsidian.md
2023-11-17 13:42:35 Success.
2023-11-17 13:42:35 Latest version is 1.4.16
2023-11-17 13:42:35 App is up to date.
2023-11-17 15:25:40 Checking for update using Github
2023-11-17 15:25:40 Failed to check for update using Github (net::ERR_INTERNET_DISCONNECTED)
2023-11-17 15:25:40 Checking for update using obsidian.md
2023-11-17 15:25:40 Failed to check for update using obsidian.md (net::ERR_INTERNET_DISCONNECTED)
2023-11-17 16:25:40 Checking for update using Github
2023-11-17 16:25:40 Failed to check for update using Github (net::ERR_INTERNET_DISCONNECTED)
2023-11-17 16:25:40 Checking for update using obsidian.md
2023-11-17 16:25:40 Failed to check for update using obsidian.md (net::ERR_INTERNET_DISCONNECTED)
2023-11-17 16:48:39 Loading updated app package /home/kelper/.config/obsidian/obsidian-1.4.16.asar
2023-11-17 16:48:39 Checking for update using Github
2023-11-17 16:48:39 Failed to check for update using Github (net::ERR_INTERNET_DISCONNECTED)
2023-11-17 16:48:39 Checking for update using obsidian.md
2023-11-17 16:48:39 Failed to check for update using obsidian.md (net::ERR_INTERNET_DISCONNECTED)
2023-11-17 16:48:52 Loading updated app package /home/kelper/.config/obsidian/obsidian-1.4.16.asar
2023-11-17 16:48:53 Checking for update using Github
2023-11-17 16:48:53 Failed to check for update using Github (net::ERR_INTERNET_DISCONNECTED)
2023-11-17 16:48:53 Checking for update using obsidian.md
2023-11-17 16:48:53 Failed to check for update using obsidian.md (net::ERR_INTERNET_DISCONNECTED)
2023-11-18 19:20:19 Loading updated app package /home/kelper/.config/obsidian/obsidian-1.4.16.asar
2023-11-18 19:20:19 Checking for update using Github
2023-11-18 19:22:29 Failed to check for update using Github (net::ERR_CONNECTION_TIMED_OUT)
2023-11-18 19:22:29 Checking for update using obsidian.md
2023-11-18 19:22:30 Success.
2023-11-18 19:22:30 Latest version is 1.4.16
2023-11-18 19:22:30 App is up to date.
2023-11-18 19:31:36 Loading updated app package /home/kelper/.config/obsidian/obsidian-1.4.16.asar
2023-11-18 19:31:36 Checking for update using Github
2023-11-18 19:33:18 Loading updated app package /home/kelper/.config/obsidian/obsidian-1.4.16.asar
2023-11-18 19:33:19 Checking for update using Github
2023-11-18 19:35:29 Failed to check for update using Github (net::ERR_CONNECTION_TIMED_OUT)
2023-11-18 19:35:29 Checking for update using obsidian.md
2023-11-18 19:35:29 Success.
2023-11-18 19:35:29 Latest version is 1.4.16
2023-11-18 19:35:29 App is up to date.
2023-11-22 11:37:32 Loading updated app package /home/kelper/.config/obsidian/obsidian-1.4.16.asar
2023-11-22 11:37:33 Checking for update using Github
2023-11-22 11:37:46 Loading updated app package /home/kelper/.config/obsidian/obsidian-1.4.16.asar
2023-11-22 11:37:46 Checking for update using Github
2023-11-22 11:39:55 Failed to check for update using Github (net::ERR_CONNECTION_TIMED_OUT)
2023-11-22 11:39:55 Checking for update using obsidian.md
2023-11-22 11:39:57 Success.
2023-11-22 11:39:57 Latest version is 1.4.16
2023-11-22 11:39:57 App is up to date.
2023-11-22 12:37:46 Checking for update using Github
2023-11-22 12:39:56 Failed to check for update using Github (net::ERR_CONNECTION_TIMED_OUT)
2023-11-22 12:39:56 Checking for update using obsidian.md
2023-11-22 12:39:59 Success.
2023-11-22 12:39:59 Latest version is 1.4.16
2023-11-22 12:39:59 App is up to date.
2023-11-26 04:24:54 Loading updated app package /home/kelper/.config/obsidian/obsidian-1.4.16.asar
2023-11-26 04:24:54 Checking for update using Github
2023-11-26 04:24:54 Failed to check for update using Github (net::ERR_INTERNET_DISCONNECTED)
2023-11-26 04:24:54 Checking for update using obsidian.md
2023-11-26 04:24:54 Failed to check for update using obsidian.md (net::ERR_INTERNET_DISCONNECTED)
2023-12-11 13:06:13 Loading updated app package /home/kelper/.config/obsidian/obsidian-1.4.16.asar
2023-12-11 13:06:13 Checking for update using Github
2023-12-11 13:08:23 Failed to check for update using Github (net::ERR_CONNECTION_TIMED_OUT)
2023-12-11 13:08:23 Checking for update using obsidian.md
2023-12-11 13:08:24 Success.
2023-12-11 13:08:24 Latest version is 1.4.16
2023-12-11 13:08:24 App is up to date.
2023-12-11 14:06:13 Checking for update using Github
2023-12-11 14:06:13 Failed to check for update using Github (net::ERR_INTERNET_DISCONNECTED)
2023-12-11 14:06:13 Checking for update using obsidian.md
2023-12-11 14:06:13 Success.
2023-12-11 14:06:13 Latest version is 1.4.16
2023-12-11 14:06:13 App is up to date.
2023-12-11 15:06:12 Checking for update using Github
2023-12-11 15:08:23 Failed to check for update using Github (net::ERR_CONNECTION_TIMED_OUT)
2023-12-11 15:08:23 Checking for update using obsidian.md
2023-12-11 15:08:24 Success.
2023-12-11 15:08:24 Latest version is 1.4.16
2023-12-11 15:08:24 App is up to date.
2023-12-11 16:06:12 Checking for update using Github
2023-12-11 16:06:12 Failed to check for update using Github (net::ERR_INTERNET_DISCONNECTED)
2023-12-11 16:06:12 Checking for update using obsidian.md
2023-12-11 16:06:12 Success.
2023-12-11 16:06:12 Latest version is 1.4.16
2023-12-11 16:06:12 App is up to date.
2023-12-11 17:06:12 Checking for update using Github
2023-12-11 17:08:22 Failed to check for update using Github (net::ERR_CONNECTION_TIMED_OUT)
2023-12-11 17:08:22 Checking for update using obsidian.md
2023-12-11 17:08:23 Success.
2023-12-11 17:08:23 Latest version is 1.4.16
2023-12-11 17:08:23 App is up to date.
2023-12-11 18:06:13 Checking for update using Github
2023-12-11 18:08:23 Failed to check for update using Github (net::ERR_CONNECTION_TIMED_OUT)
2023-12-11 18:08:23 Checking for update using obsidian.md
2023-12-11 18:08:23 Success.
2023-12-11 18:08:23 Latest version is 1.4.16
2023-12-11 18:08:23 App is up to date.
2023-12-12 15:50:34 Loading updated app package /home/kelper/.config/obsidian/obsidian-1.4.16.asar
2023-12-12 15:50:34 Checking for update using Github
2023-12-12 15:52:44 Failed to check for update using Github (net::ERR_CONNECTION_TIMED_OUT)
2023-12-12 15:52:44 Checking for update using obsidian.md
2023-12-12 15:52:44 Success.
2023-12-12 15:52:44 Latest version is 1.4.16
2023-12-12 15:52:44 App is up to date.
2023-12-12 16:50:34 Checking for update using Github
2023-12-12 16:52:43 Failed to check for update using Github (net::ERR_CONNECTION_TIMED_OUT)
2023-12-12 16:52:43 Checking for update using obsidian.md
2023-12-12 16:52:43 Success.
2023-12-12 16:52:43 Latest version is 1.4.16
2023-12-12 16:52:43 App is up to date.
2023-12-12 17:44:35 Loading updated app package /home/kelper/.config/obsidian/obsidian-1.4.16.asar
2023-12-12 17:44:35 Checking for update using Github
2023-12-12 17:50:34 Checking for update using Github
2023-12-12 17:50:35 Success.
2023-12-12 17:50:35 Latest version is 1.4.16
2023-12-12 17:50:35 App is up to date.
