-------------------------------------------------------------------------------->8
[2023-10-30T11:12:14.159198654Z][binfmt.out][I] {
[2023-10-30T11:12:14.159208850Z][binfmt.out][I]   "supported": [
[2023-10-30T11:12:14.159222138Z][binfmt.out][I]     "linux/amd64",
[2023-10-30T11:12:14.159224387Z][binfmt.out][I]     "linux/arm64",
[2023-10-30T11:12:14.159230536Z][binfmt.out][I]     "linux/riscv64",
[2023-10-30T11:12:14.159231031Z][binfmt.out][I]     "linux/ppc64le",
[2023-10-30T11:12:14.159233005Z][binfmt.out][I]     "linux/s390x",
[2023-10-30T11:12:14.159233295Z][binfmt.out][I]     "linux/386",
[2023-10-30T11:12:14.159234859Z][binfmt.out][I]     "linux/mips64le",
[2023-10-30T11:12:14.159235173Z][binfmt.out][I]     "linux/mips64",
[2023-10-30T11:12:14.159236634Z][binfmt.out][I]     "linux/arm/v7",
[2023-10-30T11:12:14.159236965Z][binfmt.out][I]     "linux/arm/v6"
[2023-10-30T11:12:14.159238783Z][binfmt.out][I]   ],
[2023-10-30T11:12:14.159239173Z][binfmt.out][I]   "emulators": [
[2023-10-30T11:12:14.159241017Z][binfmt.out][I]     "qemu-aarch64",
[2023-10-30T11:12:14.159241306Z][binfmt.out][I]     "qemu-arm",
[2023-10-30T11:12:14.159242959Z][binfmt.out][I]     "qemu-mips64",
[2023-10-30T11:12:14.159243246Z][binfmt.out][I]     "qemu-mips64el",
[2023-10-30T11:12:14.159245178Z][binfmt.out][I]     "qemu-ppc64le",
[2023-10-30T11:12:14.159245589Z][binfmt.out][I]     "qemu-riscv64",
[2023-10-30T11:12:14.159247429Z][binfmt.out][I]     "qemu-s390x"
[2023-10-30T11:12:14.159247809Z][binfmt.out][I]   ]
[2023-10-30T11:12:14.159249333Z][binfmt.out][I] }
[2023-10-30T11:12:14.160833834Z][binfmt.out][I] EOF
-------------------------------------------------------------------------------->8
[2023-10-30T11:16:29.198437448Z][binfmt.out][I] {
[2023-10-30T11:16:29.198446977Z][binfmt.out][I]   "supported": [
[2023-10-30T11:16:29.198462194Z][binfmt.out][I]     "linux/amd64",
[2023-10-30T11:16:29.198462886Z][binfmt.out][I]     "linux/arm64",
[2023-10-30T11:16:29.198472984Z][binfmt.out][I]     "linux/riscv64",
[2023-10-30T11:16:29.198473281Z][binfmt.out][I]     "linux/ppc64le",
[2023-10-30T11:16:29.198474748Z][binfmt.out][I]     "linux/s390x",
[2023-10-30T11:16:29.198475032Z][binfmt.out][I]     "linux/386",
[2023-10-30T11:16:29.198476208Z][binfmt.out][I]     "linux/mips64le",
[2023-10-30T11:16:29.198476497Z][binfmt.out][I]     "linux/mips64",
[2023-10-30T11:16:29.198477633Z][binfmt.out][I]     "linux/arm/v7",
[2023-10-30T11:16:29.198477838Z][binfmt.out][I]     "linux/arm/v6"
[2023-10-30T11:16:29.198479098Z][binfmt.out][I]   ],
[2023-10-30T11:16:29.198479618Z][binfmt.out][I]   "emulators": [
[2023-10-30T11:16:29.198480865Z][binfmt.out][I]     "qemu-aarch64",
[2023-10-30T11:16:29.198481089Z][binfmt.out][I]     "qemu-arm",
[2023-10-30T11:16:29.198482250Z][binfmt.out][I]     "qemu-mips64",
[2023-10-30T11:16:29.198487758Z][binfmt.out][I]     "qemu-mips64el",
[2023-10-30T11:16:29.198492845Z][binfmt.out][I]     "qemu-ppc64le",
[2023-10-30T11:16:29.198493179Z][binfmt.out][I]     "qemu-riscv64",
[2023-10-30T11:16:29.198494429Z][binfmt.out][I]     "qemu-s390x"
[2023-10-30T11:16:29.198494724Z][binfmt.out][I]   ]
[2023-10-30T11:16:29.198495968Z][binfmt.out][I] }
[2023-10-30T11:16:29.199649946Z][binfmt.out][I] EOF
-------------------------------------------------------------------------------->8
[2023-10-30T11:30:46.662182044Z][binfmt.out][I] {
[2023-10-30T11:30:46.662190082Z][binfmt.out][I]   "supported": [
[2023-10-30T11:30:46.662199720Z][binfmt.out][I]     "linux/amd64",
[2023-10-30T11:30:46.662200287Z][binfmt.out][I]     "linux/arm64",
[2023-10-30T11:30:46.662202891Z][binfmt.out][I]     "linux/riscv64",
[2023-10-30T11:30:46.662203270Z][binfmt.out][I]     "linux/ppc64le",
[2023-10-30T11:30:46.662205501Z][binfmt.out][I]     "linux/s390x",
[2023-10-30T11:30:46.662205897Z][binfmt.out][I]     "linux/386",
[2023-10-30T11:30:46.662208048Z][binfmt.out][I]     "linux/mips64le",
[2023-10-30T11:30:46.662208432Z][binfmt.out][I]     "linux/mips64",
[2023-10-30T11:30:46.662210571Z][binfmt.out][I]     "linux/arm/v7",
[2023-10-30T11:30:46.662210952Z][binfmt.out][I]     "linux/arm/v6"
[2023-10-30T11:30:46.662213091Z][binfmt.out][I]   ],
[2023-10-30T11:30:46.662213644Z][binfmt.out][I]   "emulators": [
[2023-10-30T11:30:46.662216355Z][binfmt.out][I]     "qemu-aarch64",
[2023-10-30T11:30:46.662216824Z][binfmt.out][I]     "qemu-arm",
[2023-10-30T11:30:46.662219324Z][binfmt.out][I]     "qemu-mips64",
[2023-10-30T11:30:46.662219723Z][binfmt.out][I]     "qemu-mips64el",
[2023-10-30T11:30:46.662222217Z][binfmt.out][I]     "qemu-ppc64le",
[2023-10-30T11:30:46.662222490Z][binfmt.out][I]     "qemu-riscv64",
[2023-10-30T11:30:46.662224500Z][binfmt.out][I]     "qemu-s390x"
[2023-10-30T11:30:46.662224914Z][binfmt.out][I]   ]
[2023-10-30T11:30:46.662227016Z][binfmt.out][I] }
[2023-10-30T11:30:46.663572217Z][binfmt.out][I] EOF
-------------------------------------------------------------------------------->8
[2023-10-30T12:16:49.540810044Z][binfmt.out][I] {
[2023-10-30T12:16:49.540819032Z][binfmt.out][I]   "supported": [
[2023-10-30T12:16:49.540828482Z][binfmt.out][I]     "linux/amd64",
[2023-10-30T12:16:49.540829069Z][binfmt.out][I]     "linux/arm64",
[2023-10-30T12:16:49.540830347Z][binfmt.out][I]     "linux/riscv64",
[2023-10-30T12:16:49.540830533Z][binfmt.out][I]     "linux/ppc64le",
[2023-10-30T12:16:49.540831547Z][binfmt.out][I]     "linux/s390x",
[2023-10-30T12:16:49.540831728Z][binfmt.out][I]     "linux/386",
[2023-10-30T12:16:49.540832778Z][binfmt.out][I]     "linux/mips64le",
[2023-10-30T12:16:49.540832975Z][binfmt.out][I]     "linux/mips64",
[2023-10-30T12:16:49.540833898Z][binfmt.out][I]     "linux/arm/v7",
[2023-10-30T12:16:49.540834076Z][binfmt.out][I]     "linux/arm/v6"
[2023-10-30T12:16:49.540835000Z][binfmt.out][I]   ],
[2023-10-30T12:16:49.540835248Z][binfmt.out][I]   "emulators": [
[2023-10-30T12:16:49.540836239Z][binfmt.out][I]     "qemu-aarch64",
[2023-10-30T12:16:49.540836485Z][binfmt.out][I]     "qemu-arm",
[2023-10-30T12:16:49.540837885Z][binfmt.out][I]     "qemu-mips64",
[2023-10-30T12:16:49.540838069Z][binfmt.out][I]     "qemu-mips64el",
[2023-10-30T12:16:49.540839032Z][binfmt.out][I]     "qemu-ppc64le",
[2023-10-30T12:16:49.540839208Z][binfmt.out][I]     "qemu-riscv64",
[2023-10-30T12:16:49.540840155Z][binfmt.out][I]     "qemu-s390x"
[2023-10-30T12:16:49.540840387Z][binfmt.out][I]   ]
[2023-10-30T12:16:49.540841367Z][binfmt.out][I] }
[2023-10-30T12:16:49.541511375Z][binfmt.out][I] EOF
-------------------------------------------------------------------------------->8
[2023-10-30T18:22:58.649760705Z][binfmt.out][I] {
[2023-10-30T18:22:58.649773633Z][binfmt.out][I]   "supported": [
[2023-10-30T18:22:58.649781213Z][binfmt.out][I]     "linux/amd64",
[2023-10-30T18:22:58.649783382Z][binfmt.out][I]     "linux/arm64",
[2023-10-30T18:22:58.649784365Z][binfmt.out][I]     "linux/riscv64",
[2023-10-30T18:22:58.649784577Z][binfmt.out][I]     "linux/ppc64le",
[2023-10-30T18:22:58.649785516Z][binfmt.out][I]     "linux/s390x",
[2023-10-30T18:22:58.649785667Z][binfmt.out][I]     "linux/386",
[2023-10-30T18:22:58.649786308Z][binfmt.out][I]     "linux/mips64le",
[2023-10-30T18:22:58.649786435Z][binfmt.out][I]     "linux/mips64",
[2023-10-30T18:22:58.649787054Z][binfmt.out][I]     "linux/arm/v7",
[2023-10-30T18:22:58.649787196Z][binfmt.out][I]     "linux/arm/v6"
[2023-10-30T18:22:58.649788085Z][binfmt.out][I]   ],
[2023-10-30T18:22:58.649788289Z][binfmt.out][I]   "emulators": [
[2023-10-30T18:22:58.649788943Z][binfmt.out][I]     "qemu-aarch64",
[2023-10-30T18:22:58.649789064Z][binfmt.out][I]     "qemu-arm",
[2023-10-30T18:22:58.649789783Z][binfmt.out][I]     "qemu-mips64",
[2023-10-30T18:22:58.649789981Z][binfmt.out][I]     "qemu-mips64el",
[2023-10-30T18:22:58.649790659Z][binfmt.out][I]     "qemu-ppc64le",
[2023-10-30T18:22:58.649790784Z][binfmt.out][I]     "qemu-riscv64",
[2023-10-30T18:22:58.649791432Z][binfmt.out][I]     "qemu-s390x"
[2023-10-30T18:22:58.649791586Z][binfmt.out][I]   ]
[2023-10-30T18:22:58.649792288Z][binfmt.out][I] }
[2023-10-30T18:22:58.650600181Z][binfmt.out][I] EOF
-------------------------------------------------------------------------------->8
[2023-10-31T14:21:23.268755235Z][binfmt.out][I] {
[2023-10-31T14:21:23.268762854Z][binfmt.out][I]   "supported": [
[2023-10-31T14:21:23.268775615Z][binfmt.out][I]     "linux/amd64",
[2023-10-31T14:21:23.268777612Z][binfmt.out][I]     "linux/arm64",
[2023-10-31T14:21:23.268779406Z][binfmt.out][I]     "linux/riscv64",
[2023-10-31T14:21:23.268779720Z][binfmt.out][I]     "linux/ppc64le",
[2023-10-31T14:21:23.268782245Z][binfmt.out][I]     "linux/s390x",
[2023-10-31T14:21:23.268830512Z][binfmt.out][I]     "linux/386",
[2023-10-31T14:21:23.268832195Z][binfmt.out][I]     "linux/mips64le",
[2023-10-31T14:21:23.268837851Z][binfmt.out][I]     "linux/mips64",
[2023-10-31T14:21:23.268838258Z][binfmt.out][I]     "linux/arm/v7",
[2023-10-31T14:21:23.268839843Z][binfmt.out][I]     "linux/arm/v6"
[2023-10-31T14:21:23.268840079Z][binfmt.out][I]   ],
[2023-10-31T14:21:23.268841112Z][binfmt.out][I]   "emulators": [
[2023-10-31T14:21:23.268841340Z][binfmt.out][I]     "qemu-aarch64",
[2023-10-31T14:21:23.268842273Z][binfmt.out][I]     "qemu-arm",
[2023-10-31T14:21:23.268842539Z][binfmt.out][I]     "qemu-mips64",
[2023-10-31T14:21:23.268843422Z][binfmt.out][I]     "qemu-mips64el",
[2023-10-31T14:21:23.268843576Z][binfmt.out][I]     "qemu-ppc64le",
[2023-10-31T14:21:23.268844482Z][binfmt.out][I]     "qemu-riscv64",
[2023-10-31T14:21:23.268844705Z][binfmt.out][I]     "qemu-s390x"
[2023-10-31T14:21:23.268845827Z][binfmt.out][I]   ]
[2023-10-31T14:21:23.268846096Z][binfmt.out][I] }
[2023-10-31T14:21:23.269848355Z][binfmt.out][I] EOF
-------------------------------------------------------------------------------->8
[2023-11-01T10:49:18.676893196Z][binfmt.out][I] {
[2023-11-01T10:49:18.676899623Z][binfmt.out][I]   "supported": [
[2023-11-01T10:49:18.676911278Z][binfmt.out][I]     "linux/amd64",
[2023-11-01T10:49:18.676911628Z][binfmt.out][I]     "linux/arm64",
[2023-11-01T10:49:18.676913057Z][binfmt.out][I]     "linux/riscv64",
[2023-11-01T10:49:18.676913237Z][binfmt.out][I]     "linux/ppc64le",
[2023-11-01T10:49:18.676914825Z][binfmt.out][I]     "linux/s390x",
[2023-11-01T10:49:18.676915011Z][binfmt.out][I]     "linux/386",
[2023-11-01T10:49:18.676916182Z][binfmt.out][I]     "linux/mips64le",
[2023-11-01T10:49:18.676916357Z][binfmt.out][I]     "linux/mips64",
[2023-11-01T10:49:18.676922974Z][binfmt.out][I]     "linux/arm/v7",
[2023-11-01T10:49:18.676923163Z][binfmt.out][I]     "linux/arm/v6"
[2023-11-01T10:49:18.676924189Z][binfmt.out][I]   ],
[2023-11-01T10:49:18.676924404Z][binfmt.out][I]   "emulators": [
[2023-11-01T10:49:18.676925342Z][binfmt.out][I]     "qemu-aarch64",
[2023-11-01T10:49:18.676925530Z][binfmt.out][I]     "qemu-arm",
[2023-11-01T10:49:18.676926650Z][binfmt.out][I]     "qemu-mips64",
[2023-11-01T10:49:18.676926806Z][binfmt.out][I]     "qemu-mips64el",
[2023-11-01T10:49:18.676987955Z][binfmt.out][I]     "qemu-ppc64le",
[2023-11-01T10:49:18.676988231Z][binfmt.out][I]     "qemu-riscv64",
[2023-11-01T10:49:18.676989345Z][binfmt.out][I]     "qemu-s390x"
[2023-11-01T10:49:18.676989546Z][binfmt.out][I]   ]
[2023-11-01T10:49:18.676990830Z][binfmt.out][I] }
[2023-11-01T10:49:18.679780882Z][binfmt.out][I] EOF
-------------------------------------------------------------------------------->8
[2023-11-02T11:16:21.802950519Z][binfmt.out][I] {
[2023-11-02T11:16:21.802958323Z][binfmt.out][I]   "supported": [
[2023-11-02T11:16:21.802970216Z][binfmt.out][I]     "linux/amd64",
[2023-11-02T11:16:21.802970843Z][binfmt.out][I]     "linux/arm64",
[2023-11-02T11:16:21.802972047Z][binfmt.out][I]     "linux/riscv64",
[2023-11-02T11:16:21.802972245Z][binfmt.out][I]     "linux/ppc64le",
[2023-11-02T11:16:21.802973311Z][binfmt.out][I]     "linux/s390x",
[2023-11-02T11:16:21.802973620Z][binfmt.out][I]     "linux/386",
[2023-11-02T11:16:21.802975192Z][binfmt.out][I]     "linux/mips64le",
[2023-11-02T11:16:21.802975396Z][binfmt.out][I]     "linux/mips64",
[2023-11-02T11:16:21.802976495Z][binfmt.out][I]     "linux/arm/v7",
[2023-11-02T11:16:21.802976669Z][binfmt.out][I]     "linux/arm/v6"
[2023-11-02T11:16:21.802977701Z][binfmt.out][I]   ],
[2023-11-02T11:16:21.802977969Z][binfmt.out][I]   "emulators": [
[2023-11-02T11:16:21.802978984Z][binfmt.out][I]     "qemu-aarch64",
[2023-11-02T11:16:21.802979166Z][binfmt.out][I]     "qemu-arm",
[2023-11-02T11:16:21.802980181Z][binfmt.out][I]     "qemu-mips64",
[2023-11-02T11:16:21.802980364Z][binfmt.out][I]     "qemu-mips64el",
[2023-11-02T11:16:21.802981280Z][binfmt.out][I]     "qemu-ppc64le",
[2023-11-02T11:16:21.802981452Z][binfmt.out][I]     "qemu-riscv64",
[2023-11-02T11:16:21.802982556Z][binfmt.out][I]     "qemu-s390x"
[2023-11-02T11:16:21.802982871Z][binfmt.out][I]   ]
[2023-11-02T11:16:21.802983917Z][binfmt.out][I] }
[2023-11-02T11:16:21.803746044Z][binfmt.out][I] EOF
-------------------------------------------------------------------------------->8
[2023-11-02T14:21:23.278777225Z][binfmt.out][I] {
[2023-11-02T14:21:23.278785845Z][binfmt.out][I]   "supported": [
[2023-11-02T14:21:23.278822078Z][binfmt.out][I]     "linux/amd64",
[2023-11-02T14:21:23.278823467Z][binfmt.out][I]     "linux/arm64",
[2023-11-02T14:21:23.278829331Z][binfmt.out][I]     "linux/riscv64",
[2023-11-02T14:21:23.278829572Z][binfmt.out][I]     "linux/ppc64le",
[2023-11-02T14:21:23.278830987Z][binfmt.out][I]     "linux/s390x",
[2023-11-02T14:21:23.278835616Z][binfmt.out][I]     "linux/386",
[2023-11-02T14:21:23.278837507Z][binfmt.out][I]     "linux/mips64le",
[2023-11-02T14:21:23.278837823Z][binfmt.out][I]     "linux/mips64",
[2023-11-02T14:21:23.278839138Z][binfmt.out][I]     "linux/arm/v7",
[2023-11-02T14:21:23.278839375Z][binfmt.out][I]     "linux/arm/v6"
[2023-11-02T14:21:23.278840524Z][binfmt.out][I]   ],
[2023-11-02T14:21:23.278840855Z][binfmt.out][I]   "emulators": [
[2023-11-02T14:21:23.278842040Z][binfmt.out][I]     "qemu-aarch64",
[2023-11-02T14:21:23.278842278Z][binfmt.out][I]     "qemu-arm",
[2023-11-02T14:21:23.278843750Z][binfmt.out][I]     "qemu-mips64",
[2023-11-02T14:21:23.278844041Z][binfmt.out][I]     "qemu-mips64el",
[2023-11-02T14:21:23.278845287Z][binfmt.out][I]     "qemu-ppc64le",
[2023-11-02T14:21:23.278845502Z][binfmt.out][I]     "qemu-riscv64",
[2023-11-02T14:21:23.278846724Z][binfmt.out][I]     "qemu-s390x"
[2023-11-02T14:21:23.278847007Z][binfmt.out][I]   ]
[2023-11-02T14:21:23.278848422Z][binfmt.out][I] }
[2023-11-02T14:21:23.279367602Z][binfmt.out][I] EOF
-------------------------------------------------------------------------------->8
[2023-11-08T08:59:00.779535838Z][binfmt.out][I] {
[2023-11-08T08:59:00.779540021Z][binfmt.out][I]   "supported": [
[2023-11-08T08:59:00.779544387Z][binfmt.out][I]     "linux/amd64",
[2023-11-08T08:59:00.779544729Z][binfmt.out][I]     "linux/arm64",
[2023-11-08T08:59:00.779545590Z][binfmt.out][I]     "linux/riscv64",
[2023-11-08T08:59:00.779545780Z][binfmt.out][I]     "linux/ppc64le",
[2023-11-08T08:59:00.779546812Z][binfmt.out][I]     "linux/s390x",
[2023-11-08T08:59:00.779546965Z][binfmt.out][I]     "linux/386",
[2023-11-08T08:59:00.779547680Z][binfmt.out][I]     "linux/mips64le",
[2023-11-08T08:59:00.779547805Z][binfmt.out][I]     "linux/mips64",
[2023-11-08T08:59:00.779548481Z][binfmt.out][I]     "linux/arm/v7",
[2023-11-08T08:59:00.779548596Z][binfmt.out][I]     "linux/arm/v6"
[2023-11-08T08:59:00.779549429Z][binfmt.out][I]   ],
[2023-11-08T08:59:00.779549602Z][binfmt.out][I]   "emulators": [
[2023-11-08T08:59:00.779550303Z][binfmt.out][I]     "qemu-aarch64",
[2023-11-08T08:59:00.779550483Z][binfmt.out][I]     "qemu-arm",
[2023-11-08T08:59:00.779551334Z][binfmt.out][I]     "qemu-mips64",
[2023-11-08T08:59:00.779551450Z][binfmt.out][I]     "qemu-mips64el",
[2023-11-08T08:59:00.779552091Z][binfmt.out][I]     "qemu-ppc64le",
[2023-11-08T08:59:00.779552207Z][binfmt.out][I]     "qemu-riscv64",
[2023-11-08T08:59:00.779552924Z][binfmt.out][I]     "qemu-s390x"
[2023-11-08T08:59:00.779553079Z][binfmt.out][I]   ]
[2023-11-08T08:59:00.779553887Z][binfmt.out][I] }
[2023-11-08T08:59:00.780083399Z][binfmt.out][I] EOF
-------------------------------------------------------------------------------->8
[2023-11-14T06:44:35.422462880Z][binfmt.out][I] {
[2023-11-14T06:44:35.422631429Z][binfmt.out][I]   "supported": [
[2023-11-14T06:44:35.422633389Z][binfmt.out][I]     "linux/amd64",
[2023-11-14T06:44:35.422639435Z][binfmt.out][I]     "linux/arm64",
[2023-11-14T06:44:35.422639692Z][binfmt.out][I]     "linux/riscv64",
[2023-11-14T06:44:35.422641131Z][binfmt.out][I]     "linux/ppc64le",
[2023-11-14T06:44:35.422641350Z][binfmt.out][I]     "linux/s390x",
[2023-11-14T06:44:35.422642529Z][binfmt.out][I]     "linux/386",
[2023-11-14T06:44:35.422642748Z][binfmt.out][I]     "linux/mips64le",
[2023-11-14T06:44:35.422643838Z][binfmt.out][I]     "linux/mips64",
[2023-11-14T06:44:35.422644037Z][binfmt.out][I]     "linux/arm/v7",
[2023-11-14T06:44:35.422645089Z][binfmt.out][I]     "linux/arm/v6"
[2023-11-14T06:44:35.422645281Z][binfmt.out][I]   ],
[2023-11-14T06:44:35.422646337Z][binfmt.out][I]   "emulators": [
[2023-11-14T06:44:35.422646538Z][binfmt.out][I]     "qemu-aarch64",
[2023-11-14T06:44:35.422647788Z][binfmt.out][I]     "qemu-arm",
[2023-11-14T06:44:35.422648120Z][binfmt.out][I]     "qemu-mips64",
[2023-11-14T06:44:35.422649337Z][binfmt.out][I]     "qemu-mips64el",
[2023-11-14T06:44:35.422649535Z][binfmt.out][I]     "qemu-ppc64le",
[2023-11-14T06:44:35.422650761Z][binfmt.out][I]     "qemu-riscv64",
[2023-11-14T06:44:35.422651011Z][binfmt.out][I]     "qemu-s390x"
[2023-11-14T06:44:35.422652035Z][binfmt.out][I]   ]
[2023-11-14T06:44:35.422652296Z][binfmt.out][I] }
[2023-11-14T06:44:35.423383772Z][binfmt.out][I] EOF
-------------------------------------------------------------------------------->8
[2023-11-15T10:03:06.049434820Z][binfmt.out][I] {
[2023-11-15T10:03:06.049435719Z][binfmt.out][I]   "supported": [
[2023-11-15T10:03:06.049440276Z][binfmt.out][I]     "linux/amd64",
[2023-11-15T10:03:06.049440600Z][binfmt.out][I]     "linux/arm64",
[2023-11-15T10:03:06.049441873Z][binfmt.out][I]     "linux/riscv64",
[2023-11-15T10:03:06.049442052Z][binfmt.out][I]     "linux/ppc64le",
[2023-11-15T10:03:06.049443068Z][binfmt.out][I]     "linux/s390x",
[2023-11-15T10:03:06.049443674Z][binfmt.out][I]     "linux/386",
[2023-11-15T10:03:06.049445016Z][binfmt.out][I]     "linux/mips64le",
[2023-11-15T10:03:06.049445287Z][binfmt.out][I]     "linux/mips64",
[2023-11-15T10:03:06.049446338Z][binfmt.out][I]     "linux/arm/v7",
[2023-11-15T10:03:06.049446533Z][binfmt.out][I]     "linux/arm/v6"
[2023-11-15T10:03:06.049448416Z][binfmt.out][I]   ],
[2023-11-15T10:03:06.049448608Z][binfmt.out][I]   "emulators": [
[2023-11-15T10:03:06.049449641Z][binfmt.out][I]     "qemu-aarch64",
[2023-11-15T10:03:06.049449822Z][binfmt.out][I]     "qemu-arm",
[2023-11-15T10:03:06.049451197Z][binfmt.out][I]     "qemu-mips64",
[2023-11-15T10:03:06.049451381Z][binfmt.out][I]     "qemu-mips64el",
[2023-11-15T10:03:06.049452279Z][binfmt.out][I]     "qemu-ppc64le",
[2023-11-15T10:03:06.049452454Z][binfmt.out][I]     "qemu-riscv64",
[2023-11-15T10:03:06.049453467Z][binfmt.out][I]     "qemu-s390x"
[2023-11-15T10:03:06.049490465Z][binfmt.out][I]   ]
[2023-11-15T10:03:06.049491379Z][binfmt.out][I] }
[2023-11-15T10:03:06.050209799Z][binfmt.out][I] EOF
-------------------------------------------------------------------------------->8
[2023-11-15T12:53:02.169477875Z][binfmt.out][I] {
[2023-11-15T12:53:02.169508584Z][binfmt.out][I]   "supported": [
[2023-11-15T12:53:02.169509129Z][binfmt.out][I]     "linux/amd64",
[2023-11-15T12:53:02.169512485Z][binfmt.out][I]     "linux/arm64",
[2023-11-15T12:53:02.169512709Z][binfmt.out][I]     "linux/riscv64",
[2023-11-15T12:53:02.169513842Z][binfmt.out][I]     "linux/ppc64le",
[2023-11-15T12:53:02.169514029Z][binfmt.out][I]     "linux/s390x",
[2023-11-15T12:53:02.169515001Z][binfmt.out][I]     "linux/386",
[2023-11-15T12:53:02.169515172Z][binfmt.out][I]     "linux/mips64le",
[2023-11-15T12:53:02.169516249Z][binfmt.out][I]     "linux/mips64",
[2023-11-15T12:53:02.169516507Z][binfmt.out][I]     "linux/arm/v7",
[2023-11-15T12:53:02.169517531Z][binfmt.out][I]     "linux/arm/v6"
[2023-11-15T12:53:02.169517717Z][binfmt.out][I]   ],
[2023-11-15T12:53:02.169518929Z][binfmt.out][I]   "emulators": [
[2023-11-15T12:53:02.169519200Z][binfmt.out][I]     "qemu-aarch64",
[2023-11-15T12:53:02.169520121Z][binfmt.out][I]     "qemu-arm",
[2023-11-15T12:53:02.169520348Z][binfmt.out][I]     "qemu-mips64",
[2023-11-15T12:53:02.169521454Z][binfmt.out][I]     "qemu-mips64el",
[2023-11-15T12:53:02.169521644Z][binfmt.out][I]     "qemu-ppc64le",
[2023-11-15T12:53:02.169522604Z][binfmt.out][I]     "qemu-riscv64",
[2023-11-15T12:53:02.169522813Z][binfmt.out][I]     "qemu-s390x"
[2023-11-15T12:53:02.169523733Z][binfmt.out][I]   ]
[2023-11-15T12:53:02.169523971Z][binfmt.out][I] }
[2023-11-15T12:53:02.170198145Z][binfmt.out][I] EOF
-------------------------------------------------------------------------------->8
[2023-11-15T13:04:10.188175033Z][binfmt.out][I] {
[2023-11-15T13:04:10.188182299Z][binfmt.out][I]   "supported": [
[2023-11-15T13:04:10.188189736Z][binfmt.out][I]     "linux/amd64",
[2023-11-15T13:04:10.188190220Z][binfmt.out][I]     "linux/arm64",
[2023-11-15T13:04:10.188191422Z][binfmt.out][I]     "linux/riscv64",
[2023-11-15T13:04:10.188191662Z][binfmt.out][I]     "linux/ppc64le",
[2023-11-15T13:04:10.188192846Z][binfmt.out][I]     "linux/s390x",
[2023-11-15T13:04:10.188193032Z][binfmt.out][I]     "linux/386",
[2023-11-15T13:04:10.188193941Z][binfmt.out][I]     "linux/mips64le",
[2023-11-15T13:04:10.188194121Z][binfmt.out][I]     "linux/mips64",
[2023-11-15T13:04:10.188195236Z][binfmt.out][I]     "linux/arm/v7",
[2023-11-15T13:04:10.188195406Z][binfmt.out][I]     "linux/arm/v6"
[2023-11-15T13:04:10.188196651Z][binfmt.out][I]   ],
[2023-11-15T13:04:10.188196885Z][binfmt.out][I]   "emulators": [
[2023-11-15T13:04:10.188197889Z][binfmt.out][I]     "qemu-aarch64",
[2023-11-15T13:04:10.188198064Z][binfmt.out][I]     "qemu-arm",
[2023-11-15T13:04:10.188199065Z][binfmt.out][I]     "qemu-mips64",
[2023-11-15T13:04:10.188199238Z][binfmt.out][I]     "qemu-mips64el",
[2023-11-15T13:04:10.188200450Z][binfmt.out][I]     "qemu-ppc64le",
[2023-11-15T13:04:10.188200642Z][binfmt.out][I]     "qemu-riscv64",
[2023-11-15T13:04:10.188201550Z][binfmt.out][I]     "qemu-s390x"
[2023-11-15T13:04:10.188201816Z][binfmt.out][I]   ]
[2023-11-15T13:04:10.188202809Z][binfmt.out][I] }
[2023-11-15T13:04:10.188764355Z][binfmt.out][I] EOF
-------------------------------------------------------------------------------->8
[2023-11-16T09:41:55.524154404Z][binfmt.out][I] {
[2023-11-16T09:41:55.524162707Z][binfmt.out][I]   "supported": [
[2023-11-16T09:41:55.524176381Z][binfmt.out][I]     "linux/amd64",
[2023-11-16T09:41:55.524177101Z][binfmt.out][I]     "linux/arm64",
[2023-11-16T09:41:55.524179033Z][binfmt.out][I]     "linux/riscv64",
[2023-11-16T09:41:55.524179265Z][binfmt.out][I]     "linux/ppc64le",
[2023-11-16T09:41:55.524180647Z][binfmt.out][I]     "linux/s390x",
[2023-11-16T09:41:55.524180941Z][binfmt.out][I]     "linux/386",
[2023-11-16T09:41:55.524182451Z][binfmt.out][I]     "linux/mips64le",
[2023-11-16T09:41:55.524182682Z][binfmt.out][I]     "linux/mips64",
[2023-11-16T09:41:55.524183812Z][binfmt.out][I]     "linux/arm/v7",
[2023-11-16T09:41:55.524184022Z][binfmt.out][I]     "linux/arm/v6"
[2023-11-16T09:41:55.524185118Z][binfmt.out][I]   ],
[2023-11-16T09:41:55.524185402Z][binfmt.out][I]   "emulators": [
[2023-11-16T09:41:55.524186508Z][binfmt.out][I]     "qemu-aarch64",
[2023-11-16T09:41:55.524186724Z][binfmt.out][I]     "qemu-arm",
[2023-11-16T09:41:55.524187905Z][binfmt.out][I]     "qemu-mips64",
[2023-11-16T09:41:55.524188105Z][binfmt.out][I]     "qemu-mips64el",
[2023-11-16T09:41:55.524189161Z][binfmt.out][I]     "qemu-ppc64le",
[2023-11-16T09:41:55.524189361Z][binfmt.out][I]     "qemu-riscv64",
[2023-11-16T09:41:55.524190742Z][binfmt.out][I]     "qemu-s390x"
[2023-11-16T09:41:55.524191152Z][binfmt.out][I]   ]
[2023-11-16T09:41:55.524192368Z][binfmt.out][I] }
[2023-11-16T09:41:55.524803743Z][binfmt.out][I] EOF
-------------------------------------------------------------------------------->8
[2023-11-16T11:01:41.147200595Z][binfmt.out][I] {
[2023-11-16T11:01:41.147204531Z][binfmt.out][I]   "supported": [
[2023-11-16T11:01:41.147209804Z][binfmt.out][I]     "linux/amd64",
[2023-11-16T11:01:41.147210226Z][binfmt.out][I]     "linux/arm64",
[2023-11-16T11:01:41.147211028Z][binfmt.out][I]     "linux/riscv64",
[2023-11-16T11:01:41.147211178Z][binfmt.out][I]     "linux/ppc64le",
[2023-11-16T11:01:41.147211817Z][binfmt.out][I]     "linux/s390x",
[2023-11-16T11:01:41.147211961Z][binfmt.out][I]     "linux/386",
[2023-11-16T11:01:41.147212957Z][binfmt.out][I]     "linux/mips64le",
[2023-11-16T11:01:41.147213116Z][binfmt.out][I]     "linux/mips64",
[2023-11-16T11:01:41.147213772Z][binfmt.out][I]     "linux/arm/v7",
[2023-11-16T11:01:41.147213883Z][binfmt.out][I]     "linux/arm/v6"
[2023-11-16T11:01:41.147214481Z][binfmt.out][I]   ],
[2023-11-16T11:01:41.147214650Z][binfmt.out][I]   "emulators": [
[2023-11-16T11:01:41.147215275Z][binfmt.out][I]     "qemu-aarch64",
[2023-11-16T11:01:41.147215389Z][binfmt.out][I]     "qemu-arm",
[2023-11-16T11:01:41.147216086Z][binfmt.out][I]     "qemu-mips64",
[2023-11-16T11:01:41.147216249Z][binfmt.out][I]     "qemu-mips64el",
[2023-11-16T11:01:41.147216864Z][binfmt.out][I]     "qemu-ppc64le",
[2023-11-16T11:01:41.147216990Z][binfmt.out][I]     "qemu-riscv64",
[2023-11-16T11:01:41.147217573Z][binfmt.out][I]     "qemu-s390x"
[2023-11-16T11:01:41.147217730Z][binfmt.out][I]   ]
[2023-11-16T11:01:41.147218368Z][binfmt.out][I] }
[2023-11-16T11:01:41.148048658Z][binfmt.out][I] EOF
-------------------------------------------------------------------------------->8
[2023-11-18T16:49:48.161792882Z][binfmt.out][I] {
[2023-11-18T16:49:48.161797892Z][binfmt.out][I]   "supported": [
[2023-11-18T16:49:48.161806246Z][binfmt.out][I]     "linux/amd64",
[2023-11-18T16:49:48.161806836Z][binfmt.out][I]     "linux/arm64",
[2023-11-18T16:49:48.161808198Z][binfmt.out][I]     "linux/riscv64",
[2023-11-18T16:49:48.161808435Z][binfmt.out][I]     "linux/ppc64le",
[2023-11-18T16:49:48.161809325Z][binfmt.out][I]     "linux/s390x",
[2023-11-18T16:49:48.161809470Z][binfmt.out][I]     "linux/386",
[2023-11-18T16:49:48.161810162Z][binfmt.out][I]     "linux/mips64le",
[2023-11-18T16:49:48.161810353Z][binfmt.out][I]     "linux/mips64",
[2023-11-18T16:49:48.161810947Z][binfmt.out][I]     "linux/arm/v7",
[2023-11-18T16:49:48.161811133Z][binfmt.out][I]     "linux/arm/v6"
[2023-11-18T16:49:48.161811816Z][binfmt.out][I]   ],
[2023-11-18T16:49:48.161811999Z][binfmt.out][I]   "emulators": [
[2023-11-18T16:49:48.161812802Z][binfmt.out][I]     "qemu-aarch64",
[2023-11-18T16:49:48.161812924Z][binfmt.out][I]     "qemu-arm",
[2023-11-18T16:49:48.161813608Z][binfmt.out][I]     "qemu-mips64",
[2023-11-18T16:49:48.161813755Z][binfmt.out][I]     "qemu-mips64el",
[2023-11-18T16:49:48.161814682Z][binfmt.out][I]     "qemu-ppc64le",
[2023-11-18T16:49:48.161814837Z][binfmt.out][I]     "qemu-riscv64",
[2023-11-18T16:49:48.161815540Z][binfmt.out][I]     "qemu-s390x"
[2023-11-18T16:49:48.161815730Z][binfmt.out][I]   ]
[2023-11-18T16:49:48.161816427Z][binfmt.out][I] }
[2023-11-18T16:49:48.162530096Z][binfmt.out][I] EOF
-------------------------------------------------------------------------------->8
[2023-11-18T17:17:20.256042522Z][binfmt.out][I] {
[2023-11-18T17:17:20.256048083Z][binfmt.out][I]   "supported": [
[2023-11-18T17:17:20.256056387Z][binfmt.out][I]     "linux/amd64",
[2023-11-18T17:17:20.256056714Z][binfmt.out][I]     "linux/arm64",
[2023-11-18T17:17:20.256057681Z][binfmt.out][I]     "linux/riscv64",
[2023-11-18T17:17:20.256057836Z][binfmt.out][I]     "linux/ppc64le",
[2023-11-18T17:17:20.256058538Z][binfmt.out][I]     "linux/s390x",
[2023-11-18T17:17:20.256058683Z][binfmt.out][I]     "linux/386",
[2023-11-18T17:17:20.256059394Z][binfmt.out][I]     "linux/mips64le",
[2023-11-18T17:17:20.256059618Z][binfmt.out][I]     "linux/mips64",
[2023-11-18T17:17:20.256060607Z][binfmt.out][I]     "linux/arm/v7",
[2023-11-18T17:17:20.256085208Z][binfmt.out][I]     "linux/arm/v6"
[2023-11-18T17:17:20.256086309Z][binfmt.out][I]   ],
[2023-11-18T17:17:20.256086549Z][binfmt.out][I]   "emulators": [
[2023-11-18T17:17:20.256090200Z][binfmt.out][I]     "qemu-aarch64",
[2023-11-18T17:17:20.256090343Z][binfmt.out][I]     "qemu-arm",
[2023-11-18T17:17:20.256091151Z][binfmt.out][I]     "qemu-mips64",
[2023-11-18T17:17:20.256091286Z][binfmt.out][I]     "qemu-mips64el",
[2023-11-18T17:17:20.256091956Z][binfmt.out][I]     "qemu-ppc64le",
[2023-11-18T17:17:20.256092080Z][binfmt.out][I]     "qemu-riscv64",
[2023-11-18T17:17:20.256092772Z][binfmt.out][I]     "qemu-s390x"
[2023-11-18T17:17:20.256092922Z][binfmt.out][I]   ]
[2023-11-18T17:17:20.256093596Z][binfmt.out][I] }
[2023-11-18T17:17:20.256693482Z][binfmt.out][I] EOF
-------------------------------------------------------------------------------->8
[2023-11-23T09:32:56.189237459Z][binfmt.out][I] {
[2023-11-23T09:32:56.189357459Z][binfmt.out][I]   "supported": [
[2023-11-23T09:32:56.189362533Z][binfmt.out][I]     "linux/amd64",
[2023-11-23T09:32:56.189377244Z][binfmt.out][I]     "linux/arm64",
[2023-11-23T09:32:56.189377839Z][binfmt.out][I]     "linux/riscv64",
[2023-11-23T09:32:56.189381005Z][binfmt.out][I]     "linux/ppc64le",
[2023-11-23T09:32:56.189381426Z][binfmt.out][I]     "linux/s390x",
[2023-11-23T09:32:56.189383689Z][binfmt.out][I]     "linux/386",
[2023-11-23T09:32:56.189384157Z][binfmt.out][I]     "linux/mips64le",
[2023-11-23T09:32:56.189386735Z][binfmt.out][I]     "linux/mips64",
[2023-11-23T09:32:56.189387601Z][binfmt.out][I]     "linux/arm/v7",
[2023-11-23T09:32:56.189389777Z][binfmt.out][I]     "linux/arm/v6"
[2023-11-23T09:32:56.189390157Z][binfmt.out][I]   ],
[2023-11-23T09:32:56.189392953Z][binfmt.out][I]   "emulators": [
[2023-11-23T09:32:56.189393337Z][binfmt.out][I]     "qemu-aarch64",
[2023-11-23T09:32:56.189395236Z][binfmt.out][I]     "qemu-arm",
[2023-11-23T09:32:56.189395747Z][binfmt.out][I]     "qemu-mips64",
[2023-11-23T09:32:56.189397765Z][binfmt.out][I]     "qemu-mips64el",
[2023-11-23T09:32:56.189398146Z][binfmt.out][I]     "qemu-ppc64le",
[2023-11-23T09:32:56.189401439Z][binfmt.out][I]     "qemu-riscv64",
[2023-11-23T09:32:56.189401954Z][binfmt.out][I]     "qemu-s390x"
[2023-11-23T09:32:56.189404184Z][binfmt.out][I]   ]
[2023-11-23T09:32:56.189404722Z][binfmt.out][I] }
[2023-11-23T09:32:56.191249833Z][binfmt.out][I] EOF
-------------------------------------------------------------------------------->8
[2023-11-23T10:41:29.395312435Z][binfmt.out][I] {
[2023-11-23T10:41:29.395358708Z][binfmt.out][I]   "supported": [
[2023-11-23T10:41:29.395361821Z][binfmt.out][I]     "linux/amd64",
[2023-11-23T10:41:29.395375435Z][binfmt.out][I]     "linux/arm64",
[2023-11-23T10:41:29.395375818Z][binfmt.out][I]     "linux/riscv64",
[2023-11-23T10:41:29.395377482Z][binfmt.out][I]     "linux/ppc64le",
[2023-11-23T10:41:29.395377740Z][binfmt.out][I]     "linux/s390x",
[2023-11-23T10:41:29.395379318Z][binfmt.out][I]     "linux/386",
[2023-11-23T10:41:29.395379603Z][binfmt.out][I]     "linux/mips64le",
[2023-11-23T10:41:29.395381149Z][binfmt.out][I]     "linux/mips64",
[2023-11-23T10:41:29.395381384Z][binfmt.out][I]     "linux/arm/v7",
[2023-11-23T10:41:29.395382760Z][binfmt.out][I]     "linux/arm/v6"
[2023-11-23T10:41:29.395382999Z][binfmt.out][I]   ],
[2023-11-23T10:41:29.395384389Z][binfmt.out][I]   "emulators": [
[2023-11-23T10:41:29.395384656Z][binfmt.out][I]     "qemu-aarch64",
[2023-11-23T10:41:29.395385966Z][binfmt.out][I]     "qemu-arm",
[2023-11-23T10:41:29.395386510Z][binfmt.out][I]     "qemu-mips64",
[2023-11-23T10:41:29.395388033Z][binfmt.out][I]     "qemu-mips64el",
[2023-11-23T10:41:29.395388327Z][binfmt.out][I]     "qemu-ppc64le",
[2023-11-23T10:41:29.395389987Z][binfmt.out][I]     "qemu-riscv64",
[2023-11-23T10:41:29.395390272Z][binfmt.out][I]     "qemu-s390x"
[2023-11-23T10:41:29.395393080Z][binfmt.out][I]   ]
[2023-11-23T10:41:29.395393444Z][binfmt.out][I] }
[2023-11-23T10:41:29.396378610Z][binfmt.out][I] EOF
