-------------------------------------------------------------------------------->8
[2023-10-30T11:12:13.959778972Z][container-filesystem][I] [2023-10-30T11:12:13.959226637Z][container-filesystem.ipc][I] run (with context) 209e4ea6-container-filesystem for component container-filesystem on /run/guest-services/container-filesystem.sock
-------------------------------------------------------------------------------->8
[2023-10-30T11:16:29.142741651Z][container-filesystem][I] [2023-10-30T11:16:29.142539737Z][container-filesystem.ipc][I] run (with context) 8b9ade3b-container-filesystem for component container-filesystem on /run/guest-services/container-filesystem.sock
[2023-10-30T11:24:31.490055817Z][container-filesystem][I] EOF
-------------------------------------------------------------------------------->8
[2023-10-30T11:30:46.021649207Z][container-filesystem][I] [2023-10-30T11:30:46.020988641Z][container-filesystem.ipc][I] run (with context) 393c0096-container-filesystem for component container-filesystem on /run/guest-services/container-filesystem.sock
-------------------------------------------------------------------------------->8
[2023-10-30T12:16:48.988524543Z][container-filesystem][I] [2023-10-30T12:16:48.988245858Z][container-filesystem.ipc][I] run (with context) fa71f9c0-container-filesystem for component container-filesystem on /run/guest-services/container-filesystem.sock
-------------------------------------------------------------------------------->8
[2023-10-30T18:22:58.051582570Z][container-filesystem][I] [2023-10-30T18:22:58.051245779Z][container-filesystem.ipc][I] run (with context) f6ea0775-container-filesystem for component container-filesystem on /run/guest-services/container-filesystem.sock
[2023-10-30T18:23:16.376148384Z][container-filesystem][I] [2023-10-30T18:23:16.376016537Z][container-filesystem.ipc][I] (9c09242c) f6ea0775-container-filesystem S<-C Docker-Desktop/4.25.0 (Linux; x64) GET /image/files
[2023-10-30T18:23:18.275390756Z][container-filesystem][I] [2023-10-30T18:23:18.275246293Z][container-filesystem.ipc][I] (7e4af278) f6ea0775-container-filesystem S<-C Docker-Desktop/4.25.0 (Linux; x64) GET /image/files
[2023-10-30T18:23:34.224536591Z][container-filesystem][I] [2023-10-30T18:23:34.224385198Z][container-filesystem.ipc][I] (7e4af278) f6ea0775-container-filesystem S->C Docker-Desktop/4.25.0 (Linux; x64) GET /image/files (15.948826849s): {"cacheHit":false,"files":{"/bin":{"linkTarget":"usr/bin","mode":134218239,"mtime":"2023-07-03T00:00:00Z","name":"bin","size":0},"/boot":{"linkTarget":"","mode":2147484141,"mtime":"2023-03-02T13:55:00Z","name":"boot","size":0},"/dev":{"linkTarget":"","mode":2147484141,"mtime":"2023-07-03T00:00:00Z","name":"dev","size":0},"/etc":{"linkTarget":"","mode":2147484141,"mtime":"2023-10-06T07:23:07Z","name":"etc","size":0},"/home":{"linkTarget":"","mode":2147484141,"mtime":"2023-07-18T07:46:50Z","name":"home","size":0},"/lib":{"linkTarget":"usr/lib","mode":134218239,"mtime":"2023-07-03T00:00:00Z","name":"lib","size":0},"/lib32":{"linkTarget":"usr/lib32","mode":134218239,"mtime":"2023-07-03T00:00:00Z","name":"lib32","size":0},"/lib64":{"linkTarget":"usr/lib64","mode":134218239,"mtime":"2023-07-03T00:00:00Z","name":"lib64","size":0},"/libx32":{"
[2023-10-30T18:23:34.224547329Z][container-filesystem][I] [2023-10-30T18:23:34.224416313Z][container-filesystem.ipc][I] (9c09242c) f6ea0775-container-filesystem S->C Docker-Desktop/4.25.0 (Linux; x64) GET /image/files (17.847608488s): {"cacheHit":false,"files":{"/bin":{"linkTarget":"usr/bin","mode":134218239,"mtime":"2023-07-03T00:00:00Z","name":"bin","size":0},"/boot":{"linkTarget":"","mode":2147484141,"mtime":"2023-03-02T13:55:00Z","name":"boot","size":0},"/dev":{"linkTarget":"","mode":2147484141,"mtime":"2023-07-03T00:00:00Z","name":"dev","size":0},"/etc":{"linkTarget":"","mode":2147484141,"mtime":"2023-10-06T07:23:07Z","name":"etc","size":0},"/home":{"linkTarget":"","mode":2147484141,"mtime":"2023-07-18T07:46:50Z","name":"home","size":0},"/lib":{"linkTarget":"usr/lib","mode":134218239,"mtime":"2023-07-03T00:00:00Z","name":"lib","size":0},"/lib32":{"linkTarget":"usr/lib32","mode":134218239,"mtime":"2023-07-03T00:00:00Z","name":"lib32","size":0},"/lib64":{"linkTarget":"usr/lib64","mode":134218239,"mtime":"2023-07-03T00:00:00Z","name":"lib64","size":0},"/libx32":{"
-------------------------------------------------------------------------------->8
[2023-10-31T14:21:22.228413337Z][container-filesystem][I] [2023-10-31T14:21:22.228222665Z][container-filesystem.ipc][I] run (with context) b584fd6d-container-filesystem for component container-filesystem on /run/guest-services/container-filesystem.sock
[2023-10-31T18:19:41.681393569Z][container-filesystem][I] EOF
-------------------------------------------------------------------------------->8
[2023-11-01T10:49:18.036015728Z][container-filesystem][I] [2023-11-01T10:49:18.035729960Z][container-filesystem.ipc][I] run (with context) 879d986a-container-filesystem for component container-filesystem on /run/guest-services/container-filesystem.sock
[2023-11-01T12:12:02.809678389Z][container-filesystem][I] EOF
-------------------------------------------------------------------------------->8
[2023-11-02T11:16:20.953244012Z][container-filesystem][I] [2023-11-02T11:16:20.953049051Z][container-filesystem.ipc][I] run (with context) 53af9aa5-container-filesystem for component container-filesystem on /run/guest-services/container-filesystem.sock
-------------------------------------------------------------------------------->8
[2023-11-02T14:21:22.972888467Z][container-filesystem][I] [2023-11-02T14:21:22.972615435Z][container-filesystem.ipc][I] run (with context) d3a174a2-container-filesystem for component container-filesystem on /run/guest-services/container-filesystem.sock
[2023-11-02T17:26:29.034267508Z][container-filesystem][I] EOF
-------------------------------------------------------------------------------->8
[2023-11-08T08:58:59.978465805Z][container-filesystem][I] [2023-11-08T08:58:59.978094643Z][container-filesystem.ipc][I] run (with context) 8aaa7abb-container-filesystem for component container-filesystem on /run/guest-services/container-filesystem.sock
[2023-11-08T04:04:46.066312619Z][container-filesystem][I] [2023-11-08T04:04:46.062549861Z][container-filesystem][I] processed image framac/frama-c-gui:dev
-------------------------------------------------------------------------------->8
[2023-11-14T06:44:35.056219399Z][container-filesystem][I] [2023-11-14T06:44:35.055992710Z][container-filesystem.ipc][I] run (with context) 892306a3-container-filesystem for component container-filesystem on /run/guest-services/container-filesystem.sock
-------------------------------------------------------------------------------->8
[2023-11-15T10:03:04.963705498Z][container-filesystem][I] [2023-11-15T10:03:04.963456028Z][container-filesystem.ipc][I] run (with context) 004f846e-container-filesystem for component container-filesystem on /run/guest-services/container-filesystem.sock
[2023-11-15T11:38:21.030701583Z][container-filesystem][I] EOF
-------------------------------------------------------------------------------->8
[2023-11-15T12:53:02.142677947Z][container-filesystem][I] [2023-11-15T12:53:02.142392792Z][container-filesystem.ipc][I] run (with context) 1bff7cad-container-filesystem for component container-filesystem on /run/guest-services/container-filesystem.sock
[2023-11-15T12:59:07.660142284Z][container-filesystem][I] EOF
-------------------------------------------------------------------------------->8
[2023-11-15T13:04:10.158746261Z][container-filesystem][I] [2023-11-15T13:04:10.158578886Z][container-filesystem.ipc][I] run (with context) 2dfc27b3-container-filesystem for component container-filesystem on /run/guest-services/container-filesystem.sock
-------------------------------------------------------------------------------->8
[2023-11-16T09:41:54.944845408Z][container-filesystem][I] [2023-11-16T09:41:54.944628273Z][container-filesystem.ipc][I] run (with context) b8435290-container-filesystem for component container-filesystem on /run/guest-services/container-filesystem.sock
-------------------------------------------------------------------------------->8
[2023-11-16T11:01:41.126391438Z][container-filesystem][I] [2023-11-16T11:01:41.126228345Z][container-filesystem.ipc][I] run (with context) 655060b3-container-filesystem for component container-filesystem on /run/guest-services/container-filesystem.sock
-------------------------------------------------------------------------------->8
[2023-11-18T16:49:47.017356983Z][container-filesystem][I] [2023-11-18T16:49:47.017140491Z][container-filesystem.ipc][I] run (with context) ef43e6d4-container-filesystem for component container-filesystem on /run/guest-services/container-filesystem.sock
[2023-11-18T16:55:55.046174282Z][container-filesystem][I] EOF
-------------------------------------------------------------------------------->8
[2023-11-18T17:17:20.257710732Z][container-filesystem][I] [2023-11-18T17:17:20.257538894Z][container-filesystem.ipc][I] run (with context) d8515aa9-container-filesystem for component container-filesystem on /run/guest-services/container-filesystem.sock
[2023-11-18T17:24:55.652454566Z][container-filesystem][I] EOF
-------------------------------------------------------------------------------->8
[2023-11-23T09:32:55.999137631Z][container-filesystem][I] [2023-11-23T09:32:55.998688718Z][container-filesystem.ipc][I] run (with context) c8092491-container-filesystem for component container-filesystem on /run/guest-services/container-filesystem.sock
-------------------------------------------------------------------------------->8
[2023-11-23T10:41:28.947660997Z][container-filesystem][I] [2023-11-23T10:41:28.947402834Z][container-filesystem.ipc][I] run (with context) 13380548-container-filesystem for component container-filesystem on /run/guest-services/container-filesystem.sock
