-------------------------------------------------------------------------------->8
[2023-10-30T11:12:13.658474649Z][dockerd][I] time="2023-10-30T11:12:13.658227530Z" level=info msg="Starting up"
[2023-10-30T11:12:13.799809573Z][dockerd][I] time="2023-10-30T11:12:13.799655760Z" level=info msg="Loading containers: start."
[2023-10-30T11:12:14.086532909Z][dockerd][I] time="2023-10-30T11:12:14.086407820Z" level=info msg="Loading containers: done."
[2023-10-30T11:12:14.146262681Z][dockerd][I] time="2023-10-30T11:12:14.146184628Z" level=warning msg="WARNING: daemon is not using the default seccomp profile"
[2023-10-30T11:12:14.146268659Z][dockerd][I] time="2023-10-30T11:12:14.146221281Z" level=info msg="Docker daemon" commit=1a79695 graphdriver=overlay2 version=24.0.6
[2023-10-30T11:12:14.146404459Z][dockerd][I] time="2023-10-30T11:12:14.146332757Z" level=info msg="Daemon has completed initialization"
[2023-10-30T11:12:15.125912868Z][dockerd][I] time="2023-10-30T11:12:15.125137446Z" level=info msg="API listen on /var/run/docker.sock"
[2023-10-30T11:12:15.125957335Z][dockerd][I] time="2023-10-30T11:12:15.125212540Z" level=info msg="API listen on /run/guest-services/docker.sock"
[2023-10-30T11:12:15.159870562Z][dockerd][I] time="2023-10-30T11:12:15.159111155Z" level=error msg="Handler for GET /v1.43/services returned error: This node is not a swarm manager. Use \"docker swarm init\" or \"docker swarm join\" to connect this node to swarm and try again."
[2023-10-30T11:12:15.162018278Z][dockerd][I] time="2023-10-30T11:12:15.161221967Z" level=error msg="Handler for GET /v1.43/services returned error: This node is not a swarm manager. Use \"docker swarm init\" or \"docker swarm join\" to connect this node to swarm and try again."
[2023-10-30T11:12:15.162055467Z][dockerd][I] time="2023-10-30T11:12:15.161226959Z" level=error msg="Handler for GET /v1.43/services returned error: This node is not a swarm manager. Use \"docker swarm init\" or \"docker swarm join\" to connect this node to swarm and try again."
-------------------------------------------------------------------------------->8
[2023-10-30T11:16:28.664332201Z][dockerd][I] time="2023-10-30T11:16:28.664158590Z" level=info msg="Starting up"
[2023-10-30T11:16:28.702169412Z][dockerd][I] time="2023-10-30T11:16:28.701911848Z" level=info msg="[graphdriver] using prior storage driver: overlay2"
[2023-10-30T11:16:28.704227495Z][dockerd][I] time="2023-10-30T11:16:28.704034753Z" level=info msg="Loading containers: start."
[2023-10-30T11:16:28.834001218Z][dockerd][I] time="2023-10-30T11:16:28.833715624Z" level=info msg="Default bridge (docker0) is assigned with an IP address 172.17.0.0/16. Daemon option --bip can be used to set a preferred IP address"
[2023-10-30T11:16:28.892659406Z][dockerd][I] time="2023-10-30T11:16:28.892334746Z" level=info msg="Loading containers: done."
[2023-10-30T11:16:28.917110351Z][dockerd][I] time="2023-10-30T11:16:28.916906395Z" level=warning msg="WARNING: daemon is not using the default seccomp profile"
[2023-10-30T11:16:28.917115932Z][dockerd][I] time="2023-10-30T11:16:28.916929242Z" level=info msg="Docker daemon" commit=1a79695 graphdriver=overlay2 version=24.0.6
[2023-10-30T11:16:28.917228839Z][dockerd][I] time="2023-10-30T11:16:28.917062722Z" level=info msg="Daemon has completed initialization"
[2023-10-30T11:16:28.948187191Z][dockerd][I] time="2023-10-30T11:16:28.948051211Z" level=info msg="API listen on /run/guest-services/docker.sock"
[2023-10-30T11:16:28.948324571Z][dockerd][I] time="2023-10-30T11:16:28.948152564Z" level=info msg="API listen on /var/run/docker.sock"
[2023-10-30T11:16:28.958308183Z][dockerd][I] time="2023-10-30T11:16:28.957727324Z" level=error msg="Handler for GET /v1.43/services returned error: This node is not a swarm manager. Use \"docker swarm init\" or \"docker swarm join\" to connect this node to swarm and try again."
[2023-10-30T11:16:28.958349641Z][dockerd][I] time="2023-10-30T11:16:28.957863846Z" level=error msg="Handler for GET /v1.43/services returned error: This node is not a swarm manager. Use \"docker swarm init\" or \"docker swarm join\" to connect this node to swarm and try again."
[2023-10-30T11:16:28.958799882Z][dockerd][I] time="2023-10-30T11:16:28.957787324Z" level=error msg="Handler for GET /v1.43/services returned error: This node is not a swarm manager. Use \"docker swarm init\" or \"docker swarm join\" to connect this node to swarm and try again."
[2023-10-30T11:17:48.500984987Z][dockerd][I] time="2023-10-30T11:17:48.500885508Z" level=info msg="ignoring event" container=6ed42eaf6c84a247b21377051d546f6799f9cebe40f72a4641303fc8b8584d98 module=libcontainerd namespace=moby topic=/tasks/delete type="*events.TaskDelete"
[2023-10-30T11:18:04.185712788Z][dockerd][I] time="2023-10-30T11:18:04.185567052Z" level=info msg="ignoring event" container=975844fedee5b2f853a5724b8ecda29fcb053a024235e6f90d235aea4537103b module=libcontainerd namespace=moby topic=/tasks/delete type="*events.TaskDelete"
[2023-10-30T11:18:12.829837050Z][dockerd][I] time="2023-10-30T11:18:12.829685064Z" level=info msg="ignoring event" container=975844fedee5b2f853a5724b8ecda29fcb053a024235e6f90d235aea4537103b module=libcontainerd namespace=moby topic=/tasks/delete type="*events.TaskDelete"
[2023-10-30T11:24:26.350502834Z][dockerd][I] time="2023-10-30T11:24:26.349914398Z" level=info msg="Processing signal 'terminated'"
[2023-10-30T11:24:26.354275879Z][dockerd][I] time="2023-10-30T11:24:26.354147304Z" level=info msg="Daemon shutdown complete"
[2023-10-30T11:24:26.354534306Z][dockerd][I] time="2023-10-30T11:24:26.354410596Z" level=info msg="stopping event stream following graceful shutdown" error="<nil>" module=libcontainerd namespace=moby
[2023-10-30T11:24:31.363773427Z][dockerd][I] time="2023-10-30T11:24:31.363311101Z" level=error msg="Error shutting down http server" error="context canceled"
[2023-10-30T11:24:31.363981887Z][dockerd][I] time="2023-10-30T11:24:31.363762439Z" level=info msg="stopping event stream following graceful shutdown" error="context canceled" module=libcontainerd namespace=plugins.moby
[2023-10-30T11:24:31.369948296Z][dockerd][I] EOF
-------------------------------------------------------------------------------->8
[2023-10-30T11:30:45.840433467Z][dockerd][I] time="2023-10-30T11:30:45.840282016Z" level=info msg="Starting up"
[2023-10-30T11:30:45.899116151Z][dockerd][I] time="2023-10-30T11:30:45.898963417Z" level=info msg="[graphdriver] using prior storage driver: overlay2"
[2023-10-30T11:30:45.929021582Z][dockerd][I] time="2023-10-30T11:30:45.928871309Z" level=info msg="Loading containers: start."
[2023-10-30T11:30:46.155061764Z][dockerd][I] time="2023-10-30T11:30:46.154870135Z" level=info msg="Default bridge (docker0) is assigned with an IP address 172.17.0.0/16. Daemon option --bip can be used to set a preferred IP address"
[2023-10-30T11:30:46.661383016Z][dockerd][I] time="2023-10-30T11:30:46.661231725Z" level=info msg="Loading containers: done."
[2023-10-30T11:30:46.717518084Z][dockerd][I] time="2023-10-30T11:30:46.717370839Z" level=warning msg="WARNING: daemon is not using the default seccomp profile"
[2023-10-30T11:30:46.717530237Z][dockerd][I] time="2023-10-30T11:30:46.717452081Z" level=info msg="Docker daemon" commit=1a79695 graphdriver=overlay2 version=24.0.6
[2023-10-30T11:30:46.717910861Z][dockerd][I] time="2023-10-30T11:30:46.717843687Z" level=info msg="Daemon has completed initialization"
[2023-10-30T11:30:46.804886926Z][dockerd][I] time="2023-10-30T11:30:46.804575048Z" level=info msg="API listen on /var/run/docker.sock"
[2023-10-30T11:30:46.804899218Z][dockerd][I] time="2023-10-30T11:30:46.804576955Z" level=info msg="API listen on /run/guest-services/docker.sock"
[2023-10-30T11:30:46.812049880Z][dockerd][I] time="2023-10-30T11:30:46.811835535Z" level=error msg="Handler for GET /v1.43/services returned error: This node is not a swarm manager. Use \"docker swarm init\" or \"docker swarm join\" to connect this node to swarm and try again."
[2023-10-30T11:30:46.812215479Z][dockerd][I] time="2023-10-30T11:30:46.811845783Z" level=error msg="Handler for GET /v1.43/services returned error: This node is not a swarm manager. Use \"docker swarm init\" or \"docker swarm join\" to connect this node to swarm and try again."
[2023-10-30T11:30:46.812476097Z][dockerd][I] time="2023-10-30T11:30:46.812304888Z" level=error msg="Handler for GET /v1.43/services returned error: This node is not a swarm manager. Use \"docker swarm init\" or \"docker swarm join\" to connect this node to swarm and try again."
[2023-10-30T11:30:47.471807775Z][dockerd][I] time="2023-10-30T11:30:47.471684396Z" level=info msg="ignoring event" container=ad0a02853174956520b5accc4c698a8b4e0e36b8c0d143e054c5a7848c3c6f29 module=libcontainerd namespace=moby topic=/tasks/delete type="*events.TaskDelete"
[2023-10-30T11:31:11.631460694Z][dockerd][I] time="2023-10-30T11:31:11.631337060Z" level=info msg="ignoring event" container=1374669f637db74f392e06e95001d195524d90b288d9de239df88fb0c6732817 module=libcontainerd namespace=moby topic=/tasks/delete type="*events.TaskDelete"
[2023-10-30T11:51:48.699780195Z][dockerd][I] time="2023-10-30T11:51:48.699600522Z" level=info msg="ignoring event" container=052c2c74b2903b7f85d09dc7723bdf0abe2077abaebceda4f1511e4db2259d63 module=libcontainerd namespace=moby topic=/tasks/delete type="*events.TaskDelete"
[2023-10-30T11:51:48.710126056Z][dockerd][I] time="2023-10-30T11:51:48.710033858Z" level=warning msg="failed to close stdin: task 052c2c74b2903b7f85d09dc7723bdf0abe2077abaebceda4f1511e4db2259d63 not found: not found"
[2023-10-30T11:52:14.567790907Z][dockerd][I] time="2023-10-30T11:52:14.567574763Z" level=error msg="Not continuing with pull after error: errors:\ndenied: requested access to the resource is denied\nunauthorized: authentication required\n"
[2023-10-30T11:52:14.567802133Z][dockerd][I] time="2023-10-30T11:52:14.567613282Z" level=info msg="Ignoring extra error returned from registry" error="unauthorized: authentication required"
[2023-10-30T11:52:51.959729994Z][dockerd][I] time="2023-10-30T11:52:51.959101750Z" level=error msg="Not continuing with pull after error: errors:\ndenied: requested access to the resource is denied\nunauthorized: authentication required\n"
[2023-10-30T11:52:51.959817491Z][dockerd][I] time="2023-10-30T11:52:51.959240133Z" level=info msg="Ignoring extra error returned from registry" error="unauthorized: authentication required"
-------------------------------------------------------------------------------->8
[2023-10-30T12:16:48.549015672Z][dockerd][I] time="2023-10-30T12:16:48.548827026Z" level=info msg="Starting up"
[2023-10-30T12:16:48.597155567Z][dockerd][I] time="2023-10-30T12:16:48.596727252Z" level=info msg="[graphdriver] using prior storage driver: overlay2"
[2023-10-30T12:16:48.640200133Z][dockerd][I] time="2023-10-30T12:16:48.639987247Z" level=info msg="Loading containers: start."
[2023-10-30T12:16:48.830395111Z][dockerd][I] time="2023-10-30T12:16:48.830273737Z" level=info msg="Removing stale sandbox dada6ae717af76557f8447e40b01b322ee1cd17608ef28c8e4ba96ff303fb7dd (1bb4b65d99a7e9be7eb41d59db315fb4cc1a071e841d8a4498691ccc96f012c5)"
[2023-10-30T12:16:48.844891763Z][dockerd][I] time="2023-10-30T12:16:48.844819957Z" level=warning msg="Error (Unable to complete atomic operation, key modified) deleting object [endpoint ca10b207f05769295a9cde7038590f733c91f4c1d59ba740752b4e9e5f6d7af3 e0518e15a00e009af57319e389badc7a7658b311c66f56dd3faf47eaef5630a4], retrying...."
[2023-10-30T12:16:48.915999499Z][dockerd][I] time="2023-10-30T12:16:48.915926886Z" level=info msg="Default bridge (docker0) is assigned with an IP address 172.17.0.0/16. Daemon option --bip can be used to set a preferred IP address"
[2023-10-30T12:16:48.955946113Z][dockerd][I] time="2023-10-30T12:16:48.955864763Z" level=info msg="Loading containers: done."
[2023-10-30T12:16:49.011479094Z][dockerd][I] time="2023-10-30T12:16:49.011320591Z" level=warning msg="WARNING: daemon is not using the default seccomp profile"
[2023-10-30T12:16:49.011486920Z][dockerd][I] time="2023-10-30T12:16:49.011356450Z" level=info msg="Docker daemon" commit=1a79695 graphdriver=overlay2 version=24.0.6
[2023-10-30T12:16:49.011549969Z][dockerd][I] time="2023-10-30T12:16:49.011518503Z" level=info msg="Daemon has completed initialization"
[2023-10-30T12:16:49.545754924Z][dockerd][I] time="2023-10-30T12:16:49.545628102Z" level=info msg="API listen on /run/guest-services/docker.sock"
[2023-10-30T12:16:49.546333327Z][dockerd][I] time="2023-10-30T12:16:49.545634929Z" level=info msg="API listen on /var/run/docker.sock"
[2023-10-30T12:16:49.550912590Z][dockerd][I] time="2023-10-30T12:16:49.550744133Z" level=error msg="Handler for GET /v1.43/services returned error: This node is not a swarm manager. Use \"docker swarm init\" or \"docker swarm join\" to connect this node to swarm and try again."
[2023-10-30T12:16:49.550914839Z][dockerd][I] time="2023-10-30T12:16:49.550745282Z" level=error msg="Handler for GET /v1.43/services returned error: This node is not a swarm manager. Use \"docker swarm init\" or \"docker swarm join\" to connect this node to swarm and try again."
[2023-10-30T12:16:49.551073415Z][dockerd][I] time="2023-10-30T12:16:49.551036762Z" level=error msg="Handler for GET /v1.43/services returned error: This node is not a swarm manager. Use \"docker swarm init\" or \"docker swarm join\" to connect this node to swarm and try again."
[2023-10-30T17:43:28.010639743Z][dockerd][I] time="2023-10-30T17:43:28.010432617Z" level=info msg="ignoring event" container=6370e5e1ea3d288f2630368a99bc2b6c76b9ca529ec9ed0e474114711762ce0f module=libcontainerd namespace=moby topic=/tasks/delete type="*events.TaskDelete"
[2023-10-30T17:43:28.020284741Z][dockerd][I] time="2023-10-30T17:43:28.020207492Z" level=warning msg="failed to close stdin: task 6370e5e1ea3d288f2630368a99bc2b6c76b9ca529ec9ed0e474114711762ce0f not found: not found"
[2023-10-30T17:44:45.619157745Z][dockerd][I] time="2023-10-30T17:44:45.618947415Z" level=info msg="ignoring event" container=518c85b92929680698c8e0fe7ad1fae2e9f5e6076f983ae64bd9c1bff8b906e0 module=libcontainerd namespace=moby topic=/tasks/delete type="*events.TaskDelete"
[2023-10-30T17:44:45.629102139Z][dockerd][I] time="2023-10-30T17:44:45.629022806Z" level=warning msg="failed to close stdin: task 518c85b92929680698c8e0fe7ad1fae2e9f5e6076f983ae64bd9c1bff8b906e0 not found: not found"
[2023-10-30T17:44:58.355899754Z][dockerd][I] time="2023-10-30T17:44:58.355816360Z" level=info msg="ignoring event" container=518c85b92929680698c8e0fe7ad1fae2e9f5e6076f983ae64bd9c1bff8b906e0 module=libcontainerd namespace=moby topic=/tasks/delete type="*events.TaskDelete"
[2023-10-30T17:44:58.365925162Z][dockerd][I] time="2023-10-30T17:44:58.365855446Z" level=warning msg="failed to close stdin: task 518c85b92929680698c8e0fe7ad1fae2e9f5e6076f983ae64bd9c1bff8b906e0 not found: not found"
[2023-10-30T17:45:11.774129756Z][dockerd][I] time="2023-10-30T17:45:11.773967956Z" level=info msg="ignoring event" container=518c85b92929680698c8e0fe7ad1fae2e9f5e6076f983ae64bd9c1bff8b906e0 module=libcontainerd namespace=moby topic=/tasks/delete type="*events.TaskDelete"
[2023-10-30T17:45:11.783472822Z][dockerd][I] time="2023-10-30T17:45:11.783426080Z" level=warning msg="failed to close stdin: task 518c85b92929680698c8e0fe7ad1fae2e9f5e6076f983ae64bd9c1bff8b906e0 not found: not found"
-------------------------------------------------------------------------------->8
[2023-10-30T18:22:57.608132155Z][dockerd][I] time="2023-10-30T18:22:57.607948973Z" level=info msg="Starting up"
[2023-10-30T18:22:57.646374747Z][dockerd][I] time="2023-10-30T18:22:57.646223734Z" level=info msg="[graphdriver] using prior storage driver: overlay2"
[2023-10-30T18:22:57.670906204Z][dockerd][I] time="2023-10-30T18:22:57.670722875Z" level=info msg="Loading containers: start."
[2023-10-30T18:22:57.807414869Z][dockerd][I] time="2023-10-30T18:22:57.807326492Z" level=info msg="Default bridge (docker0) is assigned with an IP address 172.17.0.0/16. Daemon option --bip can be used to set a preferred IP address"
[2023-10-30T18:22:57.843320275Z][dockerd][I] time="2023-10-30T18:22:57.843203573Z" level=info msg="Loading containers: done."
[2023-10-30T18:22:57.879574906Z][dockerd][I] time="2023-10-30T18:22:57.879511733Z" level=warning msg="WARNING: daemon is not using the default seccomp profile"
[2023-10-30T18:22:57.879582241Z][dockerd][I] time="2023-10-30T18:22:57.879536985Z" level=info msg="Docker daemon" commit=1a79695 graphdriver=overlay2 version=24.0.6
[2023-10-30T18:22:57.879672907Z][dockerd][I] time="2023-10-30T18:22:57.879653902Z" level=info msg="Daemon has completed initialization"
[2023-10-30T18:22:57.907006884Z][dockerd][I] time="2023-10-30T18:22:57.906901474Z" level=info msg="API listen on /run/guest-services/docker.sock"
[2023-10-30T18:22:57.907147841Z][dockerd][I] time="2023-10-30T18:22:57.906908638Z" level=info msg="API listen on /var/run/docker.sock"
[2023-10-30T18:22:57.915587270Z][dockerd][I] time="2023-10-30T18:22:57.915439360Z" level=error msg="Handler for GET /v1.43/services returned error: This node is not a swarm manager. Use \"docker swarm init\" or \"docker swarm join\" to connect this node to swarm and try again."
[2023-10-30T18:22:57.916519644Z][dockerd][I] time="2023-10-30T18:22:57.916421512Z" level=error msg="Handler for GET /v1.43/services returned error: This node is not a swarm manager. Use \"docker swarm init\" or \"docker swarm join\" to connect this node to swarm and try again."
[2023-10-30T18:22:57.918104928Z][dockerd][I] time="2023-10-30T18:22:57.918002195Z" level=error msg="Handler for GET /v1.43/services returned error: This node is not a swarm manager. Use \"docker swarm init\" or \"docker swarm join\" to connect this node to swarm and try again."
[2023-10-30T18:23:04.015027375Z][dockerd][I] time="2023-10-30T18:23:04.014945260Z" level=info msg="ignoring event" container=3fb8835fcc00abb16becc326a50bfc75b997c182599c76124322b994645c29aa module=libcontainerd namespace=moby topic=/tasks/delete type="*events.TaskDelete"
[2023-10-30T18:24:15.312707886Z][dockerd][I] time="2023-10-30T18:24:15.312478047Z" level=info msg="ignoring event" container=518c85b92929680698c8e0fe7ad1fae2e9f5e6076f983ae64bd9c1bff8b906e0 module=libcontainerd namespace=moby topic=/tasks/delete type="*events.TaskDelete"
[2023-10-30T18:24:15.322273248Z][dockerd][I] time="2023-10-30T18:24:15.322103059Z" level=warning msg="failed to close stdin: task 518c85b92929680698c8e0fe7ad1fae2e9f5e6076f983ae64bd9c1bff8b906e0 not found: not found"
[2023-10-30T18:24:37.584795731Z][dockerd][I] time="2023-10-30T18:24:37.584573672Z" level=info msg="ignoring event" container=518c85b92929680698c8e0fe7ad1fae2e9f5e6076f983ae64bd9c1bff8b906e0 module=libcontainerd namespace=moby topic=/tasks/delete type="*events.TaskDelete"
[2023-10-30T18:24:37.593719286Z][dockerd][I] time="2023-10-30T18:24:37.593660298Z" level=warning msg="failed to close stdin: task 518c85b92929680698c8e0fe7ad1fae2e9f5e6076f983ae64bd9c1bff8b906e0 not found: not found"
-------------------------------------------------------------------------------->8
[2023-10-31T14:21:22.113302444Z][dockerd][I] time="2023-10-31T14:21:22.113138494Z" level=info msg="Starting up"
[2023-10-31T14:21:22.225981060Z][dockerd][I] time="2023-10-31T14:21:22.225862785Z" level=info msg="[graphdriver] using prior storage driver: overlay2"
[2023-10-31T14:21:22.303104037Z][dockerd][I] time="2023-10-31T14:21:22.302953322Z" level=info msg="Loading containers: start."
[2023-10-31T14:21:23.527073746Z][dockerd][I] time="2023-10-31T14:21:23.526808865Z" level=info msg="Removing stale sandbox 28d208f83faf53f8635cf8ea681359700de82d165286fe6802f0ee0e1d234b33 (518c85b92929680698c8e0fe7ad1fae2e9f5e6076f983ae64bd9c1bff8b906e0)"
[2023-10-31T14:21:23.556385778Z][dockerd][I] time="2023-10-31T14:21:23.556199383Z" level=warning msg="Error (Unable to complete atomic operation, key modified) deleting object [endpoint e301230431d162f905c9a7ad1da6a241f043195469748c722546f188d93b22d3 1eb9b4c4be66e73e911031911c35406131126e6c274d56ae2c603708033c24a1], retrying...."
[2023-10-31T14:21:23.712288683Z][dockerd][I] time="2023-10-31T14:21:23.712150871Z" level=info msg="Default bridge (docker0) is assigned with an IP address 172.17.0.0/16. Daemon option --bip can be used to set a preferred IP address"
[2023-10-31T14:21:23.782765246Z][dockerd][I] time="2023-10-31T14:21:23.782681990Z" level=info msg="Loading containers: done."
[2023-10-31T14:21:23.840177890Z][dockerd][I] time="2023-10-31T14:21:23.838935546Z" level=warning msg="WARNING: daemon is not using the default seccomp profile"
[2023-10-31T14:21:23.840213512Z][dockerd][I] time="2023-10-31T14:21:23.839112239Z" level=info msg="Docker daemon" commit=1a79695 graphdriver=overlay2 version=24.0.6
[2023-10-31T14:21:23.841039099Z][dockerd][I] time="2023-10-31T14:21:23.840479730Z" level=info msg="Daemon has completed initialization"
[2023-10-31T14:21:23.899094311Z][dockerd][I] time="2023-10-31T14:21:23.898852517Z" level=info msg="API listen on /var/run/docker.sock"
[2023-10-31T14:21:23.899102400Z][dockerd][I] time="2023-10-31T14:21:23.898862263Z" level=info msg="API listen on /run/guest-services/docker.sock"
[2023-10-31T14:21:23.917205891Z][dockerd][I] time="2023-10-31T14:21:23.916430480Z" level=error msg="Handler for GET /v1.43/services returned error: This node is not a swarm manager. Use \"docker swarm init\" or \"docker swarm join\" to connect this node to swarm and try again."
[2023-10-31T14:21:23.917284548Z][dockerd][I] time="2023-10-31T14:21:23.916749490Z" level=error msg="Handler for GET /v1.43/services returned error: This node is not a swarm manager. Use \"docker swarm init\" or \"docker swarm join\" to connect this node to swarm and try again."
[2023-10-31T14:21:23.918325908Z][dockerd][I] time="2023-10-31T14:21:23.916453734Z" level=error msg="Handler for GET /v1.43/services returned error: This node is not a swarm manager. Use \"docker swarm init\" or \"docker swarm join\" to connect this node to swarm and try again."
[2023-10-31T18:14:36.379581836Z][dockerd][I] time="2023-10-31T18:14:36.379060443Z" level=info msg="Container failed to exit within 10s of signal 15 - using the force" container=518c85b92929680698c8e0fe7ad1fae2e9f5e6076f983ae64bd9c1bff8b906e0
[2023-10-31T18:14:36.433081234Z][dockerd][I] time="2023-10-31T18:14:36.432997354Z" level=info msg="ignoring event" container=518c85b92929680698c8e0fe7ad1fae2e9f5e6076f983ae64bd9c1bff8b906e0 module=libcontainerd namespace=moby topic=/tasks/delete type="*events.TaskDelete"
[2023-10-31T18:14:36.440501242Z][dockerd][I] time="2023-10-31T18:14:36.440454729Z" level=warning msg="failed to close stdin: task 518c85b92929680698c8e0fe7ad1fae2e9f5e6076f983ae64bd9c1bff8b906e0 not found: not found"
[2023-10-31T18:19:36.621116710Z][dockerd][I] time="2023-10-31T18:19:36.620793642Z" level=info msg="Processing signal 'terminated'"
[2023-10-31T18:19:36.622617925Z][dockerd][I] time="2023-10-31T18:19:36.622507485Z" level=info msg="stopping event stream following graceful shutdown" error="<nil>" module=libcontainerd namespace=moby
[2023-10-31T18:19:36.622949129Z][dockerd][I] time="2023-10-31T18:19:36.622868628Z" level=info msg="Daemon shutdown complete"
[2023-10-31T18:19:41.624313026Z][dockerd][I] time="2023-10-31T18:19:41.623680038Z" level=error msg="Error shutting down http server" error="context canceled"
[2023-10-31T18:19:41.629029636Z][dockerd][I] EOF
-------------------------------------------------------------------------------->8
[2023-11-01T10:49:17.612543680Z][dockerd][I] time="2023-11-01T10:49:17.612355882Z" level=info msg="Starting up"
[2023-11-01T10:49:17.680723792Z][dockerd][I] time="2023-11-01T10:49:17.680385736Z" level=info msg="[graphdriver] using prior storage driver: overlay2"
[2023-11-01T10:49:17.731274600Z][dockerd][I] time="2023-11-01T10:49:17.731043246Z" level=info msg="Loading containers: start."
[2023-11-01T10:49:17.934956817Z][dockerd][I] time="2023-11-01T10:49:17.934805623Z" level=info msg="Default bridge (docker0) is assigned with an IP address 172.17.0.0/16. Daemon option --bip can be used to set a preferred IP address"
[2023-11-01T10:49:17.976031504Z][dockerd][I] time="2023-11-01T10:49:17.975928951Z" level=info msg="Loading containers: done."
[2023-11-01T10:49:18.030950917Z][dockerd][I] time="2023-11-01T10:49:18.030882984Z" level=warning msg="WARNING: daemon is not using the default seccomp profile"
[2023-11-01T10:49:18.030959281Z][dockerd][I] time="2023-11-01T10:49:18.030909280Z" level=info msg="Docker daemon" commit=1a79695 graphdriver=overlay2 version=24.0.6
[2023-11-01T10:49:18.031055405Z][dockerd][I] time="2023-11-01T10:49:18.031029372Z" level=info msg="Daemon has completed initialization"
[2023-11-01T10:49:18.685234715Z][dockerd][I] time="2023-11-01T10:49:18.685117111Z" level=info msg="API listen on /run/guest-services/docker.sock"
[2023-11-01T10:49:18.685326929Z][dockerd][I] time="2023-11-01T10:49:18.685117112Z" level=info msg="API listen on /var/run/docker.sock"
[2023-11-01T10:49:18.692195737Z][dockerd][I] time="2023-11-01T10:49:18.691839445Z" level=error msg="Handler for GET /v1.43/services returned error: This node is not a swarm manager. Use \"docker swarm init\" or \"docker swarm join\" to connect this node to swarm and try again."
[2023-11-01T10:49:18.692387409Z][dockerd][I] time="2023-11-01T10:49:18.692180033Z" level=error msg="Handler for GET /v1.43/services returned error: This node is not a swarm manager. Use \"docker swarm init\" or \"docker swarm join\" to connect this node to swarm and try again."
[2023-11-01T10:49:18.692389754Z][dockerd][I] time="2023-11-01T10:49:18.692215541Z" level=error msg="Handler for GET /v1.43/services returned error: This node is not a swarm manager. Use \"docker swarm init\" or \"docker swarm join\" to connect this node to swarm and try again."
[2023-11-01T10:50:30.988778271Z][dockerd][I] time="2023-11-01T10:50:30.987941034Z" level=info msg="Container failed to exit within 10s of signal 15 - using the force" container=518c85b92929680698c8e0fe7ad1fae2e9f5e6076f983ae64bd9c1bff8b906e0
[2023-11-01T10:50:31.043100152Z][dockerd][I] time="2023-11-01T10:50:31.042903863Z" level=info msg="ignoring event" container=518c85b92929680698c8e0fe7ad1fae2e9f5e6076f983ae64bd9c1bff8b906e0 module=libcontainerd namespace=moby topic=/tasks/delete type="*events.TaskDelete"
[2023-11-01T10:50:31.054840786Z][dockerd][I] time="2023-11-01T10:50:31.054701536Z" level=warning msg="failed to close stdin: task 518c85b92929680698c8e0fe7ad1fae2e9f5e6076f983ae64bd9c1bff8b906e0 not found: not found"
[2023-11-01T12:06:57.552260451Z][dockerd][I] time="2023-11-01T12:06:57.551437305Z" level=info msg="Container failed to exit within 10s of signal 15 - using the force" container=518c85b92929680698c8e0fe7ad1fae2e9f5e6076f983ae64bd9c1bff8b906e0
[2023-11-01T12:06:57.600663704Z][dockerd][I] time="2023-11-01T12:06:57.600572449Z" level=info msg="ignoring event" container=518c85b92929680698c8e0fe7ad1fae2e9f5e6076f983ae64bd9c1bff8b906e0 module=libcontainerd namespace=moby topic=/tasks/delete type="*events.TaskDelete"
[2023-11-01T12:06:57.607424360Z][dockerd][I] time="2023-11-01T12:06:57.607370149Z" level=warning msg="failed to close stdin: task 518c85b92929680698c8e0fe7ad1fae2e9f5e6076f983ae64bd9c1bff8b906e0 not found: not found"
[2023-11-01T12:11:57.754610030Z][dockerd][I] time="2023-11-01T12:11:57.754474363Z" level=info msg="Processing signal 'terminated'"
[2023-11-01T12:11:57.756367402Z][dockerd][I] time="2023-11-01T12:11:57.756058985Z" level=info msg="stopping event stream following graceful shutdown" error="<nil>" module=libcontainerd namespace=moby
[2023-11-01T12:11:57.756665634Z][dockerd][I] time="2023-11-01T12:11:57.756460722Z" level=info msg="Daemon shutdown complete"
[2023-11-01T12:12:02.757037611Z][dockerd][I] time="2023-11-01T12:12:02.756600133Z" level=error msg="Error shutting down http server" error="context canceled"
[2023-11-01T12:12:02.757048699Z][dockerd][I] time="2023-11-01T12:12:02.756858005Z" level=info msg="stopping event stream following graceful shutdown" error="context canceled" module=libcontainerd namespace=plugins.moby
[2023-11-01T12:12:02.761063253Z][dockerd][I] EOF
-------------------------------------------------------------------------------->8
[2023-11-02T11:16:20.718905591Z][dockerd][I] time="2023-11-02T11:16:20.718607993Z" level=info msg="Starting up"
[2023-11-02T11:16:20.787738041Z][dockerd][I] time="2023-11-02T11:16:20.787615896Z" level=info msg="[graphdriver] using prior storage driver: overlay2"
[2023-11-02T11:16:20.836491202Z][dockerd][I] time="2023-11-02T11:16:20.836412835Z" level=info msg="Loading containers: start."
[2023-11-02T11:16:21.029611891Z][dockerd][I] time="2023-11-02T11:16:21.029503433Z" level=info msg="Default bridge (docker0) is assigned with an IP address 172.17.0.0/16. Daemon option --bip can be used to set a preferred IP address"
[2023-11-02T11:16:21.747550695Z][dockerd][I] time="2023-11-02T11:16:21.747469806Z" level=info msg="Loading containers: done."
[2023-11-02T11:16:21.794953863Z][dockerd][I] time="2023-11-02T11:16:21.794864076Z" level=warning msg="WARNING: daemon is not using the default seccomp profile"
[2023-11-02T11:16:21.794965030Z][dockerd][I] time="2023-11-02T11:16:21.794893735Z" level=info msg="Docker daemon" commit=1a79695 graphdriver=overlay2 version=24.0.6
[2023-11-02T11:16:21.795047427Z][dockerd][I] time="2023-11-02T11:16:21.795019546Z" level=info msg="Daemon has completed initialization"
[2023-11-02T11:16:21.842703274Z][dockerd][I] time="2023-11-02T11:16:21.842561689Z" level=info msg="API listen on /var/run/docker.sock"
[2023-11-02T11:16:21.842718738Z][dockerd][I] time="2023-11-02T11:16:21.842560333Z" level=info msg="API listen on /run/guest-services/docker.sock"
[2023-11-02T11:16:21.847996765Z][dockerd][I] time="2023-11-02T11:16:21.847926173Z" level=error msg="Handler for GET /v1.43/services returned error: This node is not a swarm manager. Use \"docker swarm init\" or \"docker swarm join\" to connect this node to swarm and try again."
[2023-11-02T11:16:21.848872638Z][dockerd][I] time="2023-11-02T11:16:21.848784850Z" level=error msg="Handler for GET /v1.43/services returned error: This node is not a swarm manager. Use \"docker swarm init\" or \"docker swarm join\" to connect this node to swarm and try again."
[2023-11-02T11:16:21.848941805Z][dockerd][I] time="2023-11-02T11:16:21.848832968Z" level=error msg="Handler for GET /v1.43/services returned error: This node is not a swarm manager. Use \"docker swarm init\" or \"docker swarm join\" to connect this node to swarm and try again."
-------------------------------------------------------------------------------->8
[2023-11-02T14:21:22.537901508Z][dockerd][I] time="2023-11-02T14:21:22.537645678Z" level=info msg="Starting up"
[2023-11-02T14:21:22.584066360Z][dockerd][I] time="2023-11-02T14:21:22.583624883Z" level=info msg="[graphdriver] using prior storage driver: overlay2"
[2023-11-02T14:21:22.627749569Z][dockerd][I] time="2023-11-02T14:21:22.627528929Z" level=info msg="Loading containers: start."
[2023-11-02T14:21:22.821790932Z][dockerd][I] time="2023-11-02T14:21:22.821674075Z" level=info msg="Removing stale sandbox aa61efbb2d28f174f43c3a3d3c8810f04346c80203ae8a7e0979c8f212443b78 (518c85b92929680698c8e0fe7ad1fae2e9f5e6076f983ae64bd9c1bff8b906e0)"
[2023-11-02T14:21:22.835527330Z][dockerd][I] time="2023-11-02T14:21:22.835462765Z" level=warning msg="Error (Unable to complete atomic operation, key modified) deleting object [endpoint 95fccad2065d0ef29ca3b587fb28aecd3d6fcd51724876c185ceefe4d2a902c8 cf41c94e04167977ee38060094f65f2b76247af927b03671022ea0f70fede013], retrying...."
[2023-11-02T14:21:22.898985463Z][dockerd][I] time="2023-11-02T14:21:22.898899040Z" level=info msg="Default bridge (docker0) is assigned with an IP address 172.17.0.0/16. Daemon option --bip can be used to set a preferred IP address"
[2023-11-02T14:21:22.938141465Z][dockerd][I] time="2023-11-02T14:21:22.938077506Z" level=info msg="Loading containers: done."
[2023-11-02T14:21:22.990683795Z][dockerd][I] time="2023-11-02T14:21:22.990559752Z" level=warning msg="WARNING: daemon is not using the default seccomp profile"
[2023-11-02T14:21:22.990693431Z][dockerd][I] time="2023-11-02T14:21:22.990597571Z" level=info msg="Docker daemon" commit=1a79695 graphdriver=overlay2 version=24.0.6
[2023-11-02T14:21:22.990819612Z][dockerd][I] time="2023-11-02T14:21:22.990776140Z" level=info msg="Daemon has completed initialization"
[2023-11-02T14:21:23.283206949Z][dockerd][I] time="2023-11-02T14:21:23.283030510Z" level=info msg="API listen on /run/guest-services/docker.sock"
[2023-11-02T14:21:23.283217855Z][dockerd][I] time="2023-11-02T14:21:23.283031126Z" level=info msg="API listen on /var/run/docker.sock"
[2023-11-02T14:21:23.287723107Z][dockerd][I] time="2023-11-02T14:21:23.287507564Z" level=error msg="Handler for GET /v1.43/services returned error: This node is not a swarm manager. Use \"docker swarm init\" or \"docker swarm join\" to connect this node to swarm and try again."
[2023-11-02T14:21:23.287728210Z][dockerd][I] time="2023-11-02T14:21:23.287515246Z" level=error msg="Handler for GET /v1.43/services returned error: This node is not a swarm manager. Use \"docker swarm init\" or \"docker swarm join\" to connect this node to swarm and try again."
[2023-11-02T14:21:23.287733058Z][dockerd][I] time="2023-11-02T14:21:23.287507757Z" level=error msg="Handler for GET /v1.43/services returned error: This node is not a swarm manager. Use \"docker swarm init\" or \"docker swarm join\" to connect this node to swarm and try again."
[2023-11-02T17:17:52.909890607Z][dockerd][I] time="2023-11-02T17:17:52.909431423Z" level=info msg="Container failed to exit within 10s of signal 15 - using the force" container=518c85b92929680698c8e0fe7ad1fae2e9f5e6076f983ae64bd9c1bff8b906e0
[2023-11-02T17:17:52.960349562Z][dockerd][I] time="2023-11-02T17:17:52.960236097Z" level=info msg="ignoring event" container=518c85b92929680698c8e0fe7ad1fae2e9f5e6076f983ae64bd9c1bff8b906e0 module=libcontainerd namespace=moby topic=/tasks/delete type="*events.TaskDelete"
[2023-11-02T17:17:52.969626958Z][dockerd][I] time="2023-11-02T17:17:52.969493255Z" level=warning msg="failed to close stdin: task 518c85b92929680698c8e0fe7ad1fae2e9f5e6076f983ae64bd9c1bff8b906e0 not found: not found"
[2023-11-02T17:26:23.979198009Z][dockerd][I] time="2023-11-02T17:26:23.978623452Z" level=info msg="Processing signal 'terminated'"
[2023-11-02T17:26:23.980191817Z][dockerd][I] time="2023-11-02T17:26:23.980054936Z" level=info msg="stopping event stream following graceful shutdown" error="<nil>" module=libcontainerd namespace=moby
[2023-11-02T17:26:23.980526578Z][dockerd][I] time="2023-11-02T17:26:23.980383221Z" level=info msg="Daemon shutdown complete"
[2023-11-02T17:26:28.982205014Z][dockerd][I] time="2023-11-02T17:26:28.981596579Z" level=error msg="Error shutting down http server" error="context canceled"
[2023-11-02T17:26:28.987186888Z][dockerd][I] EOF
-------------------------------------------------------------------------------->8
[2023-11-08T08:58:59.528806495Z][dockerd][I] time="2023-11-08T08:58:59.528595508Z" level=info msg="Starting up"
[2023-11-08T08:58:59.588087815Z][dockerd][I] time="2023-11-08T08:58:59.587725872Z" level=info msg="[graphdriver] using prior storage driver: overlay2"
[2023-11-08T08:58:59.643598481Z][dockerd][I] time="2023-11-08T08:58:59.643408346Z" level=info msg="Loading containers: start."
[2023-11-08T08:58:59.819308382Z][dockerd][I] time="2023-11-08T08:58:59.819109721Z" level=info msg="Default bridge (docker0) is assigned with an IP address 172.17.0.0/16. Daemon option --bip can be used to set a preferred IP address"
[2023-11-08T08:58:59.861701124Z][dockerd][I] time="2023-11-08T08:58:59.861505745Z" level=info msg="Loading containers: done."
[2023-11-08T08:58:59.906086787Z][dockerd][I] time="2023-11-08T08:58:59.906002621Z" level=warning msg="WARNING: daemon is not using the default seccomp profile"
[2023-11-08T08:58:59.906092806Z][dockerd][I] time="2023-11-08T08:58:59.906034910Z" level=info msg="Docker daemon" commit=1a79695 graphdriver=overlay2 version=24.0.6
[2023-11-08T08:58:59.906217963Z][dockerd][I] time="2023-11-08T08:58:59.906184461Z" level=info msg="Daemon has completed initialization"
[2023-11-08T08:58:59.935528783Z][dockerd][I] time="2023-11-08T08:58:59.935296311Z" level=info msg="API listen on /run/guest-services/docker.sock"
[2023-11-08T08:58:59.935538103Z][dockerd][I] time="2023-11-08T08:58:59.935296455Z" level=info msg="API listen on /var/run/docker.sock"
[2023-11-08T08:58:59.942396362Z][dockerd][I] time="2023-11-08T08:58:59.942182859Z" level=error msg="Handler for GET /v1.43/services returned error: This node is not a swarm manager. Use \"docker swarm init\" or \"docker swarm join\" to connect this node to swarm and try again."
[2023-11-08T08:58:59.942399138Z][dockerd][I] time="2023-11-08T08:58:59.942188170Z" level=error msg="Handler for GET /v1.43/services returned error: This node is not a swarm manager. Use \"docker swarm init\" or \"docker swarm join\" to connect this node to swarm and try again."
[2023-11-08T08:58:59.942408217Z][dockerd][I] time="2023-11-08T08:58:59.942263464Z" level=error msg="Handler for GET /v1.43/services returned error: This node is not a swarm manager. Use \"docker swarm init\" or \"docker swarm join\" to connect this node to swarm and try again."
-------------------------------------------------------------------------------->8
[2023-11-14T06:44:34.527327446Z][dockerd][I] time="2023-11-14T06:44:34.527133608Z" level=info msg="Starting up"
[2023-11-14T06:44:34.571675263Z][dockerd][I] time="2023-11-14T06:44:34.571520630Z" level=info msg="[graphdriver] using prior storage driver: overlay2"
[2023-11-14T06:44:34.611255839Z][dockerd][I] time="2023-11-14T06:44:34.611084261Z" level=info msg="Loading containers: start."
[2023-11-14T06:44:34.772366797Z][dockerd][I] time="2023-11-14T06:44:34.772197621Z" level=info msg="Removing stale sandbox 45e7718f737bb5911aa30e0754f234fe2493f231c45efc01ff485cbf038ce976 (518c85b92929680698c8e0fe7ad1fae2e9f5e6076f983ae64bd9c1bff8b906e0)"
[2023-11-14T06:44:34.787033065Z][dockerd][I] time="2023-11-14T06:44:34.786933144Z" level=warning msg="Error (Unable to complete atomic operation, key modified) deleting object [endpoint 8256f2fe4d77e46e48a89d35c9adfdfa0dc666934c8b0de456a9ef53f0218e08 c4008b6d7e96233f01d9fb14df718cf69abcb8ec9184f736a10ceb68138e72fd], retrying...."
[2023-11-14T06:44:34.805342081Z][dockerd][I] time="2023-11-14T06:44:34.805186778Z" level=info msg="Removing stale sandbox 602297e5e07f55f764bc72f765e1159b5e1fbca5f44e6dabc3e840cc04a0be47 (c528194807f9d9a85bf826070907ca34c1934ffe0f0271ccf921b05c287388c7)"
[2023-11-14T06:44:34.822025823Z][dockerd][I] time="2023-11-14T06:44:34.821893772Z" level=warning msg="Error (Unable to complete atomic operation, key modified) deleting object [endpoint 8256f2fe4d77e46e48a89d35c9adfdfa0dc666934c8b0de456a9ef53f0218e08 3e636724a14a3d797d19ebc2d2a4a1a50ad55869ad424eac0a88372ef1045e6c], retrying...."
[2023-11-14T06:44:34.877801746Z][dockerd][I] time="2023-11-14T06:44:34.877703281Z" level=info msg="Default bridge (docker0) is assigned with an IP address 172.17.0.0/16. Daemon option --bip can be used to set a preferred IP address"
[2023-11-14T06:44:34.924410616Z][dockerd][I] time="2023-11-14T06:44:34.924330057Z" level=info msg="Loading containers: done."
[2023-11-14T06:44:34.968333943Z][dockerd][I] time="2023-11-14T06:44:34.968189090Z" level=warning msg="WARNING: daemon is not using the default seccomp profile"
[2023-11-14T06:44:34.968411098Z][dockerd][I] time="2023-11-14T06:44:34.968226702Z" level=info msg="Docker daemon" commit=1a79695 graphdriver=overlay2 version=24.0.6
[2023-11-14T06:44:34.968487064Z][dockerd][I] time="2023-11-14T06:44:34.968443583Z" level=info msg="Daemon has completed initialization"
[2023-11-14T06:44:35.001143693Z][dockerd][I] time="2023-11-14T06:44:35.001047867Z" level=info msg="API listen on /var/run/docker.sock"
[2023-11-14T06:44:35.001168895Z][dockerd][I] time="2023-11-14T06:44:35.001074575Z" level=info msg="API listen on /run/guest-services/docker.sock"
[2023-11-14T06:44:35.008597971Z][dockerd][I] time="2023-11-14T06:44:35.008527422Z" level=error msg="Handler for GET /v1.43/services returned error: This node is not a swarm manager. Use \"docker swarm init\" or \"docker swarm join\" to connect this node to swarm and try again."
[2023-11-14T06:44:35.008603542Z][dockerd][I] time="2023-11-14T06:44:35.008531873Z" level=error msg="Handler for GET /v1.43/services returned error: This node is not a swarm manager. Use \"docker swarm init\" or \"docker swarm join\" to connect this node to swarm and try again."
[2023-11-14T06:44:35.008671721Z][dockerd][I] time="2023-11-14T06:44:35.008624026Z" level=error msg="Handler for GET /v1.43/services returned error: This node is not a swarm manager. Use \"docker swarm init\" or \"docker swarm join\" to connect this node to swarm and try again."
-------------------------------------------------------------------------------->8
[2023-11-15T10:03:04.592988406Z][dockerd][I] time="2023-11-15T10:03:04.592694861Z" level=info msg="Starting up"
[2023-11-15T10:03:04.638403320Z][dockerd][I] time="2023-11-15T10:03:04.638105103Z" level=info msg="[graphdriver] using prior storage driver: overlay2"
[2023-11-15T10:03:04.695970551Z][dockerd][I] time="2023-11-15T10:03:04.695728306Z" level=info msg="Loading containers: start."
[2023-11-15T10:03:04.892846332Z][dockerd][I] time="2023-11-15T10:03:04.892757638Z" level=info msg="Removing stale sandbox c74e0425023df4b035889c086cf0686c98f7dccf333d25a31da9881831336c48 (d9f5a052d50244d587104199298ba91b3232687f1d2a5cf0a3a51b33cb80e6d4)"
[2023-11-15T10:03:04.915831078Z][dockerd][I] time="2023-11-15T10:03:04.915753031Z" level=warning msg="Error (Unable to complete atomic operation, key modified) deleting object [endpoint 76bd97794d56af72c44d8a11c72280cf44deece4e0555a9757b4ab680f5c3a15 34de6edcc17d0c309943164f9224e92dce708ee9b0e5550293445626102d18d2], retrying...."
[2023-11-15T10:03:04.982621745Z][dockerd][I] time="2023-11-15T10:03:04.982546213Z" level=info msg="Default bridge (docker0) is assigned with an IP address 172.17.0.0/16. Daemon option --bip can be used to set a preferred IP address"
[2023-11-15T10:03:05.030205819Z][dockerd][I] time="2023-11-15T10:03:05.030138704Z" level=info msg="Loading containers: done."
[2023-11-15T10:03:05.938792170Z][dockerd][I] time="2023-11-15T10:03:05.938710102Z" level=warning msg="WARNING: daemon is not using the default seccomp profile"
[2023-11-15T10:03:05.938799315Z][dockerd][I] time="2023-11-15T10:03:05.938736115Z" level=info msg="Docker daemon" commit=1a79695 graphdriver=overlay2 version=24.0.6
[2023-11-15T10:03:05.938904456Z][dockerd][I] time="2023-11-15T10:03:05.938871927Z" level=info msg="Daemon has completed initialization"
[2023-11-15T10:03:06.053487266Z][dockerd][I] time="2023-11-15T10:03:06.053334472Z" level=info msg="API listen on /run/guest-services/docker.sock"
[2023-11-15T10:03:06.053523497Z][dockerd][I] time="2023-11-15T10:03:06.053334395Z" level=info msg="API listen on /var/run/docker.sock"
[2023-11-15T10:03:06.057745399Z][dockerd][I] time="2023-11-15T10:03:06.057600571Z" level=error msg="Handler for GET /v1.43/services returned error: This node is not a swarm manager. Use \"docker swarm init\" or \"docker swarm join\" to connect this node to swarm and try again."
[2023-11-15T10:03:06.057750077Z][dockerd][I] time="2023-11-15T10:03:06.057601037Z" level=error msg="Handler for GET /v1.43/services returned error: This node is not a swarm manager. Use \"docker swarm init\" or \"docker swarm join\" to connect this node to swarm and try again."
[2023-11-15T10:03:06.057810561Z][dockerd][I] time="2023-11-15T10:03:06.057768830Z" level=error msg="Handler for GET /v1.43/services returned error: This node is not a swarm manager. Use \"docker swarm init\" or \"docker swarm join\" to connect this node to swarm and try again."
[2023-11-15T10:04:03.176297999Z][dockerd][I] time="2023-11-15T10:04:03.176125965Z" level=info msg="ignoring event" container=d9f5a052d50244d587104199298ba91b3232687f1d2a5cf0a3a51b33cb80e6d4 module=libcontainerd namespace=moby topic=/tasks/delete type="*events.TaskDelete"
[2023-11-15T11:33:15.787340602Z][dockerd][I] time="2023-11-15T11:33:15.787082265Z" level=info msg="ignoring event" container=d9f5a052d50244d587104199298ba91b3232687f1d2a5cf0a3a51b33cb80e6d4 module=libcontainerd namespace=moby topic=/tasks/delete type="*events.TaskDelete"
[2023-11-15T11:38:15.987801383Z][dockerd][I] time="2023-11-15T11:38:15.987567669Z" level=info msg="Processing signal 'terminated'"
[2023-11-15T11:38:15.988488665Z][dockerd][I] time="2023-11-15T11:38:15.988406690Z" level=info msg="stopping event stream following graceful shutdown" error="<nil>" module=libcontainerd namespace=moby
[2023-11-15T11:38:15.988656021Z][dockerd][I] time="2023-11-15T11:38:15.988554817Z" level=info msg="Daemon shutdown complete"
[2023-11-15T11:38:20.989167673Z][dockerd][I] time="2023-11-15T11:38:20.988859733Z" level=error msg="Error shutting down http server" error="context canceled"
[2023-11-15T11:38:20.991086915Z][dockerd][I] EOF
-------------------------------------------------------------------------------->8
[2023-11-15T12:53:07.239606020Z][dockerd][I] time="2023-11-15T12:53:07.239434755Z" level=info msg="Starting up"
[2023-11-15T12:53:07.277325119Z][dockerd][I] time="2023-11-15T12:53:07.277014885Z" level=info msg="[graphdriver] using prior storage driver: overlay2"
[2023-11-15T12:53:07.299032174Z][dockerd][I] time="2023-11-15T12:53:07.298865167Z" level=info msg="Loading containers: start."
[2023-11-15T12:53:07.505428770Z][dockerd][I] time="2023-11-15T12:53:07.505047749Z" level=info msg="Default bridge (docker0) is assigned with an IP address 172.17.0.0/16. Daemon option --bip can be used to set a preferred IP address"
[2023-11-15T12:53:07.567608319Z][dockerd][I] time="2023-11-15T12:53:07.567427627Z" level=info msg="Loading containers: done."
[2023-11-15T12:53:07.604014257Z][dockerd][I] time="2023-11-15T12:53:07.603831634Z" level=warning msg="WARNING: daemon is not using the default seccomp profile"
[2023-11-15T12:53:07.604063629Z][dockerd][I] time="2023-11-15T12:53:07.603870035Z" level=info msg="Docker daemon" commit=1a79695 graphdriver=overlay2 version=24.0.6
[2023-11-15T12:53:07.604358182Z][dockerd][I] time="2023-11-15T12:53:07.604180271Z" level=info msg="Daemon has completed initialization"
[2023-11-15T12:53:07.651546296Z][dockerd][I] time="2023-11-15T12:53:07.651316128Z" level=info msg="API listen on /var/run/docker.sock"
[2023-11-15T12:53:07.651553453Z][dockerd][I] time="2023-11-15T12:53:07.651328788Z" level=info msg="API listen on /run/guest-services/docker.sock"
[2023-11-15T12:53:07.656870086Z][dockerd][I] time="2023-11-15T12:53:07.656737354Z" level=error msg="Handler for GET /v1.43/services returned error: This node is not a swarm manager. Use \"docker swarm init\" or \"docker swarm join\" to connect this node to swarm and try again."
[2023-11-15T12:53:07.656942406Z][dockerd][I] time="2023-11-15T12:53:07.656739252Z" level=error msg="Handler for GET /v1.43/services returned error: This node is not a swarm manager. Use \"docker swarm init\" or \"docker swarm join\" to connect this node to swarm and try again."
[2023-11-15T12:53:07.656978263Z][dockerd][I] time="2023-11-15T12:53:07.656781682Z" level=error msg="Handler for GET /v1.43/services returned error: This node is not a swarm manager. Use \"docker swarm init\" or \"docker swarm join\" to connect this node to swarm and try again."
[2023-11-15T12:59:02.584256887Z][dockerd][I] time="2023-11-15T12:59:02.584016506Z" level=info msg="Processing signal 'terminated'"
[2023-11-15T12:59:02.585243131Z][dockerd][I] time="2023-11-15T12:59:02.585136547Z" level=info msg="stopping event stream following graceful shutdown" error="<nil>" module=libcontainerd namespace=moby
[2023-11-15T12:59:02.585558531Z][dockerd][I] time="2023-11-15T12:59:02.585460524Z" level=info msg="Daemon shutdown complete"
[2023-11-15T12:59:07.586934351Z][dockerd][I] time="2023-11-15T12:59:07.586130180Z" level=error msg="Error shutting down http server" error="context canceled"
[2023-11-15T12:59:07.593228139Z][dockerd][I] EOF
-------------------------------------------------------------------------------->8
[2023-11-15T13:04:09.415938776Z][dockerd][I] time="2023-11-15T13:04:09.415687681Z" level=info msg="Starting up"
[2023-11-15T13:04:09.445395478Z][dockerd][I] time="2023-11-15T13:04:09.445275543Z" level=info msg="[graphdriver] using prior storage driver: overlay2"
[2023-11-15T13:04:09.457845328Z][dockerd][I] time="2023-11-15T13:04:09.457651273Z" level=info msg="Loading containers: start."
[2023-11-15T13:04:09.675190783Z][dockerd][I] time="2023-11-15T13:04:09.674972783Z" level=info msg="Default bridge (docker0) is assigned with an IP address 172.17.0.0/16. Daemon option --bip can be used to set a preferred IP address"
[2023-11-15T13:04:09.737207120Z][dockerd][I] time="2023-11-15T13:04:09.737028064Z" level=info msg="Loading containers: done."
[2023-11-15T13:04:09.755290192Z][dockerd][I] time="2023-11-15T13:04:09.755162252Z" level=warning msg="WARNING: daemon is not using the default seccomp profile"
[2023-11-15T13:04:09.755316465Z][dockerd][I] time="2023-11-15T13:04:09.755185448Z" level=info msg="Docker daemon" commit=1a79695 graphdriver=overlay2 version=24.0.6
[2023-11-15T13:04:09.755372314Z][dockerd][I] time="2023-11-15T13:04:09.755346163Z" level=info msg="Daemon has completed initialization"
[2023-11-15T13:04:09.778549637Z][dockerd][I] time="2023-11-15T13:04:09.778380918Z" level=info msg="API listen on /var/run/docker.sock"
[2023-11-15T13:04:09.778554965Z][dockerd][I] time="2023-11-15T13:04:09.778387729Z" level=info msg="API listen on /run/guest-services/docker.sock"
[2023-11-15T13:04:09.783880131Z][dockerd][I] time="2023-11-15T13:04:09.783746965Z" level=error msg="Handler for GET /v1.43/services returned error: This node is not a swarm manager. Use \"docker swarm init\" or \"docker swarm join\" to connect this node to swarm and try again."
[2023-11-15T13:04:09.783945265Z][dockerd][I] time="2023-11-15T13:04:09.783828241Z" level=error msg="Handler for GET /v1.43/services returned error: This node is not a swarm manager. Use \"docker swarm init\" or \"docker swarm join\" to connect this node to swarm and try again."
[2023-11-15T13:04:09.783959840Z][dockerd][I] time="2023-11-15T13:04:09.783765474Z" level=error msg="Handler for GET /v1.43/services returned error: This node is not a swarm manager. Use \"docker swarm init\" or \"docker swarm join\" to connect this node to swarm and try again."
-------------------------------------------------------------------------------->8
[2023-11-16T09:41:54.659500310Z][dockerd][I] time="2023-11-16T09:41:54.659325141Z" level=info msg="Starting up"
[2023-11-16T09:41:54.702556794Z][dockerd][I] time="2023-11-16T09:41:54.702274310Z" level=info msg="[graphdriver] using prior storage driver: overlay2"
[2023-11-16T09:41:54.768217181Z][dockerd][I] time="2023-11-16T09:41:54.768145379Z" level=info msg="Loading containers: start."
[2023-11-16T09:41:54.949864949Z][dockerd][I] time="2023-11-16T09:41:54.949781426Z" level=info msg="Removing stale sandbox 83a3340a64af712a558827278d8bfe2b9d211dd2738cb15ce26d310be932f87e (d9f5a052d50244d587104199298ba91b3232687f1d2a5cf0a3a51b33cb80e6d4)"
[2023-11-16T09:41:54.970827470Z][dockerd][I] time="2023-11-16T09:41:54.970743588Z" level=warning msg="Error (Unable to complete atomic operation, key modified) deleting object [endpoint 76bd97794d56af72c44d8a11c72280cf44deece4e0555a9757b4ab680f5c3a15 aa966425cbb26fff45d71dc049628dd851be2eabd0623fa1f4d9f92bf0e572f6], retrying...."
[2023-11-16T09:41:55.042934767Z][dockerd][I] time="2023-11-16T09:41:55.042867624Z" level=info msg="Default bridge (docker0) is assigned with an IP address 172.17.0.0/16. Daemon option --bip can be used to set a preferred IP address"
[2023-11-16T09:41:55.441565612Z][dockerd][I] time="2023-11-16T09:41:55.085018695Z" level=info msg="Loading containers: done."
[2023-11-16T09:41:55.487227436Z][dockerd][I] time="2023-11-16T09:41:55.487127305Z" level=warning msg="WARNING: daemon is not using the default seccomp profile"
[2023-11-16T09:41:55.487281952Z][dockerd][I] time="2023-11-16T09:41:55.487157853Z" level=info msg="Docker daemon" commit=1a79695 graphdriver=overlay2 version=24.0.6
[2023-11-16T09:41:55.487393248Z][dockerd][I] time="2023-11-16T09:41:55.487367602Z" level=info msg="Daemon has completed initialization"
[2023-11-16T09:41:55.543447843Z][dockerd][I] time="2023-11-16T09:41:55.543316229Z" level=info msg="API listen on /run/guest-services/docker.sock"
[2023-11-16T09:41:55.543503473Z][dockerd][I] time="2023-11-16T09:41:55.543353815Z" level=info msg="API listen on /var/run/docker.sock"
[2023-11-16T09:41:55.548139562Z][dockerd][I] time="2023-11-16T09:41:55.547931936Z" level=error msg="Handler for GET /v1.43/services returned error: This node is not a swarm manager. Use \"docker swarm init\" or \"docker swarm join\" to connect this node to swarm and try again."
[2023-11-16T09:41:55.548142504Z][dockerd][I] time="2023-11-16T09:41:55.548063845Z" level=error msg="Handler for GET /v1.43/services returned error: This node is not a swarm manager. Use \"docker swarm init\" or \"docker swarm join\" to connect this node to swarm and try again."
[2023-11-16T09:41:55.548174023Z][dockerd][I] time="2023-11-16T09:41:55.548143544Z" level=error msg="Handler for GET /v1.43/services returned error: This node is not a swarm manager. Use \"docker swarm init\" or \"docker swarm join\" to connect this node to swarm and try again."
-------------------------------------------------------------------------------->8
[2023-11-16T11:01:40.527790583Z][dockerd][I] time="2023-11-16T11:01:40.527653956Z" level=info msg="Starting up"
[2023-11-16T11:01:40.577396549Z][dockerd][I] time="2023-11-16T11:01:40.577274517Z" level=info msg="[graphdriver] using prior storage driver: overlay2"
[2023-11-16T11:01:40.627322481Z][dockerd][I] time="2023-11-16T11:01:40.627040424Z" level=info msg="Loading containers: start."
[2023-11-16T11:01:40.860044715Z][dockerd][I] time="2023-11-16T11:01:40.859959058Z" level=info msg="Removing stale sandbox 8bafc9448ccabacf6ee95102421b7bdb818e19a39fced4c49bd56e0ff07c9f4f (518c85b92929680698c8e0fe7ad1fae2e9f5e6076f983ae64bd9c1bff8b906e0)"
[2023-11-16T11:01:40.874872830Z][dockerd][I] time="2023-11-16T11:01:40.874753064Z" level=warning msg="Error (Unable to complete atomic operation, key modified) deleting object [endpoint c77af2402441a032e50ccfd854f57c0a235dd47ecc0a8044d5682948b9e11820 b2a4405a68ae35fc2367a99f86bc4b40ba9c1fe12249c89f97fd54fd4c35ad8e], retrying...."
[2023-11-16T11:01:40.963034566Z][dockerd][I] time="2023-11-16T11:01:40.962759557Z" level=info msg="Default bridge (docker0) is assigned with an IP address 172.17.0.0/16. Daemon option --bip can be used to set a preferred IP address"
[2023-11-16T11:01:41.020431886Z][dockerd][I] time="2023-11-16T11:01:41.020352554Z" level=info msg="Loading containers: done."
[2023-11-16T11:01:41.043492787Z][dockerd][I] time="2023-11-16T11:01:41.043428018Z" level=warning msg="WARNING: daemon is not using the default seccomp profile"
[2023-11-16T11:01:41.043498595Z][dockerd][I] time="2023-11-16T11:01:41.043464222Z" level=info msg="Docker daemon" commit=1a79695 graphdriver=overlay2 version=24.0.6
[2023-11-16T11:01:41.043649726Z][dockerd][I] time="2023-11-16T11:01:41.043620689Z" level=info msg="Daemon has completed initialization"
[2023-11-16T11:01:41.076143825Z][dockerd][I] time="2023-11-16T11:01:41.076031365Z" level=info msg="API listen on /run/guest-services/docker.sock"
[2023-11-16T11:01:41.076169344Z][dockerd][I] time="2023-11-16T11:01:41.076061380Z" level=info msg="API listen on /var/run/docker.sock"
[2023-11-16T11:01:41.081643405Z][dockerd][I] time="2023-11-16T11:01:41.081128714Z" level=error msg="Handler for GET /v1.43/services returned error: This node is not a swarm manager. Use \"docker swarm init\" or \"docker swarm join\" to connect this node to swarm and try again."
[2023-11-16T11:01:41.082437243Z][dockerd][I] time="2023-11-16T11:01:41.082371692Z" level=error msg="Handler for GET /v1.43/services returned error: This node is not a swarm manager. Use \"docker swarm init\" or \"docker swarm join\" to connect this node to swarm and try again."
[2023-11-16T11:01:41.082615909Z][dockerd][I] time="2023-11-16T11:01:41.082371971Z" level=error msg="Handler for GET /v1.43/services returned error: This node is not a swarm manager. Use \"docker swarm init\" or \"docker swarm join\" to connect this node to swarm and try again."
-------------------------------------------------------------------------------->8
[2023-11-18T16:49:49.006283720Z][dockerd][I] time="2023-11-18T16:49:49.006070859Z" level=info msg="Starting up"
[2023-11-18T16:49:49.043214859Z][dockerd][I] time="2023-11-18T16:49:49.043005426Z" level=info msg="[graphdriver] using prior storage driver: overlay2"
[2023-11-18T16:49:49.103386765Z][dockerd][I] time="2023-11-18T16:49:49.103161422Z" level=info msg="Loading containers: start."
[2023-11-18T16:49:49.316903440Z][dockerd][I] time="2023-11-18T16:49:49.316552658Z" level=info msg="Default bridge (docker0) is assigned with an IP address 172.17.0.0/16. Daemon option --bip can be used to set a preferred IP address"
[2023-11-18T16:49:49.368236424Z][dockerd][I] time="2023-11-18T16:49:49.368149570Z" level=info msg="Loading containers: done."
[2023-11-18T16:49:49.397022748Z][dockerd][I] time="2023-11-18T16:49:49.396921545Z" level=warning msg="WARNING: daemon is not using the default seccomp profile"
[2023-11-18T16:49:49.397030415Z][dockerd][I] time="2023-11-18T16:49:49.396947298Z" level=info msg="Docker daemon" commit=1a79695 graphdriver=overlay2 version=24.0.6
[2023-11-18T16:49:49.397195045Z][dockerd][I] time="2023-11-18T16:49:49.397097845Z" level=info msg="Daemon has completed initialization"
[2023-11-18T16:49:49.433141894Z][dockerd][I] time="2023-11-18T16:49:49.432998969Z" level=info msg="API listen on /var/run/docker.sock"
[2023-11-18T16:49:49.433150874Z][dockerd][I] time="2023-11-18T16:49:49.433001866Z" level=info msg="API listen on /run/guest-services/docker.sock"
[2023-11-18T16:49:49.440672023Z][dockerd][I] time="2023-11-18T16:49:49.440274705Z" level=error msg="Handler for GET /v1.43/services returned error: This node is not a swarm manager. Use \"docker swarm init\" or \"docker swarm join\" to connect this node to swarm and try again."
[2023-11-18T16:49:49.441413019Z][dockerd][I] time="2023-11-18T16:49:49.440304651Z" level=error msg="Handler for GET /v1.43/services returned error: This node is not a swarm manager. Use \"docker swarm init\" or \"docker swarm join\" to connect this node to swarm and try again."
[2023-11-18T16:49:49.441416149Z][dockerd][I] time="2023-11-18T16:49:49.440979469Z" level=error msg="Handler for GET /v1.43/services returned error: This node is not a swarm manager. Use \"docker swarm init\" or \"docker swarm join\" to connect this node to swarm and try again."
[2023-11-18T16:55:49.969648982Z][dockerd][I] time="2023-11-18T16:55:49.969562665Z" level=info msg="Processing signal 'terminated'"
[2023-11-18T16:55:49.970181873Z][dockerd][I] time="2023-11-18T16:55:49.970112733Z" level=info msg="stopping event stream following graceful shutdown" error="<nil>" module=libcontainerd namespace=moby
[2023-11-18T16:55:49.970304213Z][dockerd][I] time="2023-11-18T16:55:49.970264770Z" level=info msg="Daemon shutdown complete"
[2023-11-18T16:55:54.971540719Z][dockerd][I] time="2023-11-18T16:55:54.970767345Z" level=error msg="Error shutting down http server" error="context canceled"
[2023-11-18T16:55:54.979040651Z][dockerd][I] EOF
-------------------------------------------------------------------------------->8
[2023-11-18T17:17:11.013107258Z][dockerd][I] time="2023-11-18T17:17:11.012934492Z" level=info msg="Starting up"
[2023-11-18T17:17:20.154204816Z][dockerd][I] time="2023-11-18T17:17:20.154126594Z" level=info msg="Loading containers: start."
[2023-11-18T17:17:20.362812387Z][dockerd][I] time="2023-11-18T17:17:20.362680597Z" level=info msg="Loading containers: done."
[2023-11-18T17:17:20.384897551Z][dockerd][I] time="2023-11-18T17:17:20.384827093Z" level=warning msg="WARNING: daemon is not using the default seccomp profile"
[2023-11-18T17:17:20.384904608Z][dockerd][I] time="2023-11-18T17:17:20.384853517Z" level=info msg="Docker daemon" commit=1a79695 graphdriver=overlay2 version=24.0.6
[2023-11-18T17:17:20.384949876Z][dockerd][I] time="2023-11-18T17:17:20.384920854Z" level=info msg="Daemon has completed initialization"
[2023-11-18T17:17:21.252234084Z][dockerd][I] time="2023-11-18T17:17:21.252129902Z" level=info msg="API listen on /run/guest-services/docker.sock"
[2023-11-18T17:17:21.252315444Z][dockerd][I] time="2023-11-18T17:17:21.252144770Z" level=info msg="API listen on /var/run/docker.sock"
[2023-11-18T17:17:21.256941115Z][dockerd][I] time="2023-11-18T17:17:21.256870543Z" level=error msg="Handler for GET /v1.43/services returned error: This node is not a swarm manager. Use \"docker swarm init\" or \"docker swarm join\" to connect this node to swarm and try again."
[2023-11-18T17:17:21.257194933Z][dockerd][I] time="2023-11-18T17:17:21.257112334Z" level=error msg="Handler for GET /v1.43/services returned error: This node is not a swarm manager. Use \"docker swarm init\" or \"docker swarm join\" to connect this node to swarm and try again."
[2023-11-18T17:17:21.258598013Z][dockerd][I] time="2023-11-18T17:17:21.258506633Z" level=error msg="Handler for GET /v1.43/services returned error: This node is not a swarm manager. Use \"docker swarm init\" or \"docker swarm join\" to connect this node to swarm and try again."
[2023-11-18T17:24:50.627860495Z][dockerd][I] time="2023-11-18T17:24:50.627697357Z" level=info msg="Processing signal 'terminated'"
[2023-11-18T17:24:50.629010204Z][dockerd][I] time="2023-11-18T17:24:50.628864480Z" level=info msg="stopping event stream following graceful shutdown" error="<nil>" module=libcontainerd namespace=moby
[2023-11-18T17:24:50.629452286Z][dockerd][I] time="2023-11-18T17:24:50.629345977Z" level=info msg="Daemon shutdown complete"
[2023-11-18T17:24:55.597174175Z][dockerd][I] time="2023-11-18T17:24:55.596674140Z" level=error msg="Error shutting down http server" error="context canceled"
[2023-11-18T17:24:55.597547241Z][dockerd][I] time="2023-11-18T17:24:55.597160872Z" level=info msg="stopping event stream following graceful shutdown" error="context canceled" module=libcontainerd namespace=plugins.moby
[2023-11-18T17:24:55.603005277Z][dockerd][I] EOF
-------------------------------------------------------------------------------->8
[2023-11-23T09:32:55.979035604Z][dockerd][I] time="2023-11-23T09:32:55.978796047Z" level=info msg="Starting up"
[2023-11-23T09:32:56.041748846Z][dockerd][I] time="2023-11-23T09:32:56.041610285Z" level=info msg="[graphdriver] using prior storage driver: overlay2"
[2023-11-23T09:32:56.044845152Z][dockerd][I] time="2023-11-23T09:32:56.044711968Z" level=info msg="Loading containers: start."
[2023-11-23T09:32:56.327217686Z][dockerd][I] time="2023-11-23T09:32:56.327095698Z" level=info msg="Default bridge (docker0) is assigned with an IP address 172.17.0.0/16. Daemon option --bip can be used to set a preferred IP address"
[2023-11-23T09:32:56.385406452Z][dockerd][I] time="2023-11-23T09:32:56.385237409Z" level=info msg="Loading containers: done."
[2023-11-23T09:32:56.437393412Z][dockerd][I] time="2023-11-23T09:32:56.437257933Z" level=warning msg="WARNING: daemon is not using the default seccomp profile"
[2023-11-23T09:32:56.437403331Z][dockerd][I] time="2023-11-23T09:32:56.437311689Z" level=info msg="Docker daemon" commit=1a79695 graphdriver=overlay2 version=24.0.6
[2023-11-23T09:32:56.437712909Z][dockerd][I] time="2023-11-23T09:32:56.437612750Z" level=info msg="Daemon has completed initialization"
[2023-11-23T09:32:56.543819067Z][dockerd][I] time="2023-11-23T09:32:56.543615444Z" level=info msg="API listen on /var/run/docker.sock"
[2023-11-23T09:32:56.543850814Z][dockerd][I] time="2023-11-23T09:32:56.543622491Z" level=info msg="API listen on /run/guest-services/docker.sock"
[2023-11-23T09:32:56.553133806Z][dockerd][I] time="2023-11-23T09:32:56.553003960Z" level=error msg="Handler for GET /v1.43/services returned error: This node is not a swarm manager. Use \"docker swarm init\" or \"docker swarm join\" to connect this node to swarm and try again."
[2023-11-23T09:32:56.553147122Z][dockerd][I] time="2023-11-23T09:32:56.553038708Z" level=error msg="Handler for GET /v1.43/services returned error: This node is not a swarm manager. Use \"docker swarm init\" or \"docker swarm join\" to connect this node to swarm and try again."
[2023-11-23T09:32:56.553298534Z][dockerd][I] time="2023-11-23T09:32:56.553008076Z" level=error msg="Handler for GET /v1.43/services returned error: This node is not a swarm manager. Use \"docker swarm init\" or \"docker swarm join\" to connect this node to swarm and try again."
-------------------------------------------------------------------------------->8
[2023-11-23T10:41:28.592061591Z][dockerd][I] time="2023-11-23T10:41:28.591827554Z" level=info msg="Starting up"
[2023-11-23T10:41:28.641883571Z][dockerd][I] time="2023-11-23T10:41:28.641554580Z" level=info msg="[graphdriver] using prior storage driver: overlay2"
[2023-11-23T10:41:28.668872379Z][dockerd][I] time="2023-11-23T10:41:28.668600407Z" level=info msg="Loading containers: start."
[2023-11-23T10:41:28.833172553Z][dockerd][I] time="2023-11-23T10:41:28.832995984Z" level=info msg="Removing stale sandbox 5684c46f4b5c89fe0e7a3e340f87ca3548fb45b2c6ea0f04722a2b179efc06cb (3091218d3be5564f481760b79bc30934b76c1db185409031cb4eb0f0187a6822)"
[2023-11-23T10:41:28.846035070Z][dockerd][I] time="2023-11-23T10:41:28.845951266Z" level=warning msg="Error (Unable to complete atomic operation, key modified) deleting object [endpoint 59b4d996f705ce2ebd409ecf4df58eba860b321c3c6fd5ffd487a5dea05ce307 abe0a5410d20c96e53d9913831f52d95d639ebb8396d5d5802321ef9a2065f53], retrying...."
[2023-11-23T10:41:28.915593644Z][dockerd][I] time="2023-11-23T10:41:28.915477070Z" level=info msg="Default bridge (docker0) is assigned with an IP address 172.17.0.0/16. Daemon option --bip can be used to set a preferred IP address"
[2023-11-23T10:41:28.966196966Z][dockerd][I] time="2023-11-23T10:41:28.966077030Z" level=info msg="Loading containers: done."
[2023-11-23T10:41:29.010343621Z][dockerd][I] time="2023-11-23T10:41:29.010256055Z" level=warning msg="WARNING: daemon is not using the default seccomp profile"
[2023-11-23T10:41:29.010413871Z][dockerd][I] time="2023-11-23T10:41:29.010285711Z" level=info msg="Docker daemon" commit=1a79695 graphdriver=overlay2 version=24.0.6
[2023-11-23T10:41:29.010440542Z][dockerd][I] time="2023-11-23T10:41:29.010405497Z" level=info msg="Daemon has completed initialization"
[2023-11-23T10:41:29.401179298Z][dockerd][I] time="2023-11-23T10:41:29.401037236Z" level=info msg="API listen on /run/guest-services/docker.sock"
[2023-11-23T10:41:29.401209520Z][dockerd][I] time="2023-11-23T10:41:29.401052435Z" level=info msg="API listen on /var/run/docker.sock"
[2023-11-23T10:41:29.407929521Z][dockerd][I] time="2023-11-23T10:41:29.407733131Z" level=error msg="Handler for GET /v1.43/services returned error: This node is not a swarm manager. Use \"docker swarm init\" or \"docker swarm join\" to connect this node to swarm and try again."
[2023-11-23T10:41:29.407937902Z][dockerd][I] time="2023-11-23T10:41:29.407792984Z" level=error msg="Handler for GET /v1.43/services returned error: This node is not a swarm manager. Use \"docker swarm init\" or \"docker swarm join\" to connect this node to swarm and try again."
[2023-11-23T10:41:29.407942234Z][dockerd][I] time="2023-11-23T10:41:29.407756987Z" level=error msg="Handler for GET /v1.43/services returned error: This node is not a swarm manager. Use \"docker swarm init\" or \"docker swarm join\" to connect this node to swarm and try again."
