-------------------------------------------------------------------------------->8
[2023-10-30T11:12:15.224983278Z][oom-tracer][I] [2023-10-30T11:12:15.224870029Z][oom-tracer][I] 
[2023-10-30T11:12:15.225021103Z][oom-tracer][I] [2023-10-30T11:12:15.224934933Z][oom-tracer.ipc][I] ipc.NewClient: 924ba419-oom-tracer -> <HOME>run<HOME>host-services<HOME>backend.sock BackendAPI
[2023-10-30T11:12:15.225027084Z][oom-tracer][I] 2023/10/30 11:12:15 oom-tracer started
-------------------------------------------------------------------------------->8
[2023-10-30T11:16:30.044483415Z][oom-tracer][I] [2023-10-30T11:16:30.044372788Z][oom-tracer][I] 
[2023-10-30T11:16:30.044499431Z][oom-tracer][I] [2023-10-30T11:16:30.044468334Z][oom-tracer.ipc][I] ipc.NewClient: a83de39f-oom-tracer -> <HOME>run<HOME>host-services<HOME>backend.sock BackendAPI
[2023-10-30T11:16:30.044555188Z][oom-tracer][I] 2023/10/30 11:16:30 oom-tracer started
[2023-10-30T11:24:31.475671221Z][oom-tracer][I] EOF
-------------------------------------------------------------------------------->8
[2023-10-30T11:30:46.788980913Z][oom-tracer][I] [2023-10-30T11:30:46.788710714Z][oom-tracer][I] 
[2023-10-30T11:30:46.789000751Z][oom-tracer][I] [2023-10-30T11:30:46.788869867Z][oom-tracer.ipc][I] ipc.NewClient: 75cd75f3-oom-tracer -> <HOME>run<HOME>host-services<HOME>backend.sock BackendAPI
[2023-10-30T11:30:46.789064816Z][oom-tracer][I] 2023/10/30 11:30:46 oom-tracer started
-------------------------------------------------------------------------------->8
[2023-10-30T12:16:49.578693967Z][oom-tracer][I] [2023-10-30T12:16:49.578602478Z][oom-tracer][I] 
[2023-10-30T12:16:49.578709880Z][oom-tracer][I] [2023-10-30T12:16:49.578666152Z][oom-tracer.ipc][I] ipc.NewClient: 77cccb1c-oom-tracer -> <HOME>run<HOME>host-services<HOME>backend.sock BackendAPI
[2023-10-30T12:16:49.578729173Z][oom-tracer][I] 2023/10/30 12:16:49 oom-tracer started
-------------------------------------------------------------------------------->8
[2023-10-30T18:22:58.705276754Z][oom-tracer][I] [2023-10-30T18:22:58.705175841Z][oom-tracer][I] 
[2023-10-30T18:22:58.705285864Z][oom-tracer][I] [2023-10-30T18:22:58.705239298Z][oom-tracer.ipc][I] ipc.NewClient: bd36f8ff-oom-tracer -> <HOME>run<HOME>host-services<HOME>backend.sock BackendAPI
[2023-10-30T18:22:58.705300376Z][oom-tracer][I] 2023/10/30 18:22:58 oom-tracer started
-------------------------------------------------------------------------------->8
[2023-10-31T14:21:23.674701562Z][oom-tracer][I] [2023-10-31T14:21:23.674023109Z][oom-tracer][I] 
[2023-10-31T14:21:23.674790792Z][oom-tracer][I] [2023-10-31T14:21:23.674417328Z][oom-tracer.ipc][I] ipc.NewClient: cc992fc1-oom-tracer -> <HOME>run<HOME>host-services<HOME>backend.sock BackendAPI
[2023-10-31T14:21:23.675070836Z][oom-tracer][I] 2023/10/31 14:21:23 oom-tracer started
[2023-10-31T18:19:41.710266158Z][oom-tracer][I] EOF
-------------------------------------------------------------------------------->8
[2023-11-01T10:49:18.719014499Z][oom-tracer][I] [2023-11-01T10:49:18.718943755Z][oom-tracer][I] 
[2023-11-01T10:49:18.719020106Z][oom-tracer][I] [2023-11-01T10:49:18.718998446Z][oom-tracer.ipc][I] ipc.NewClient: b623ebad-oom-tracer -> <HOME>run<HOME>host-services<HOME>backend.sock BackendAPI
[2023-11-01T10:49:18.719053955Z][oom-tracer][I] 2023/11/01 10:49:18 oom-tracer started
[2023-11-01T12:12:02.842384072Z][oom-tracer][I] EOF
-------------------------------------------------------------------------------->8
[2023-11-02T11:16:21.886890760Z][oom-tracer][I] [2023-11-02T11:16:21.886822871Z][oom-tracer][I] 
[2023-11-02T11:16:21.886917733Z][oom-tracer][I] [2023-11-02T11:16:21.886890688Z][oom-tracer.ipc][I] ipc.NewClient: 2673c544-oom-tracer -> <HOME>run<HOME>host-services<HOME>backend.sock BackendAPI
[2023-11-02T11:16:21.886949439Z][oom-tracer][I] 2023/11/02 11:16:21 oom-tracer started
-------------------------------------------------------------------------------->8
[2023-11-02T14:21:23.334906387Z][oom-tracer][I] [2023-11-02T14:21:23.334829786Z][oom-tracer][I] 
[2023-11-02T14:21:23.334914761Z][oom-tracer][I] [2023-11-02T14:21:23.334892691Z][oom-tracer.ipc][I] ipc.NewClient: 44a4a8ca-oom-tracer -> <HOME>run<HOME>host-services<HOME>backend.sock BackendAPI
[2023-11-02T14:21:23.334948700Z][oom-tracer][I] 2023/11/02 14:21:23 oom-tracer started
[2023-11-02T17:26:29.040144203Z][oom-tracer][I] EOF
-------------------------------------------------------------------------------->8
[2023-11-08T08:59:00.889702538Z][oom-tracer][I] [2023-11-08T08:59:00.889596733Z][oom-tracer][I] 
[2023-11-08T08:59:00.889750843Z][oom-tracer][I] [2023-11-08T08:59:00.889652431Z][oom-tracer.ipc][I] ipc.NewClient: 30dbf73d-oom-tracer -> <HOME>run<HOME>host-services<HOME>backend.sock BackendAPI
[2023-11-08T08:59:00.889763379Z][oom-tracer][I] 2023/11/08 08:59:00 oom-tracer started
-------------------------------------------------------------------------------->8
[2023-11-14T06:44:35.495431035Z][oom-tracer][I] [2023-11-14T06:44:35.495323982Z][oom-tracer][I] 
[2023-11-14T06:44:35.495437152Z][oom-tracer][I] [2023-11-14T06:44:35.495399119Z][oom-tracer.ipc][I] ipc.NewClient: e980fc13-oom-tracer -> <HOME>run<HOME>host-services<HOME>backend.sock BackendAPI
[2023-11-14T06:44:35.495460245Z][oom-tracer][I] 2023/11/14 06:44:35 oom-tracer started
-------------------------------------------------------------------------------->8
[2023-11-15T10:03:06.020781676Z][oom-tracer][I] [2023-11-15T10:03:06.020697116Z][oom-tracer][I] 
[2023-11-15T10:03:06.020804200Z][oom-tracer][I] [2023-11-15T10:03:06.020759800Z][oom-tracer.ipc][I] ipc.NewClient: 9ce06f0f-oom-tracer -> <HOME>run<HOME>host-services<HOME>backend.sock BackendAPI
[2023-11-15T10:03:06.020850580Z][oom-tracer][I] 2023/11/15 10:03:06 oom-tracer started
[2023-11-15T11:38:21.032030714Z][oom-tracer][I] EOF
-------------------------------------------------------------------------------->8
[2023-11-15T12:53:02.486620772Z][oom-tracer][I] [2023-11-15T12:53:02.486481170Z][oom-tracer][I] 
[2023-11-15T12:53:02.486648947Z][oom-tracer][I] [2023-11-15T12:53:02.486534936Z][oom-tracer.ipc][I] ipc.NewClient: fff0c9f9-oom-tracer -> <HOME>run<HOME>host-services<HOME>backend.sock BackendAPI
[2023-11-15T12:53:02.486649870Z][oom-tracer][I] 2023/11/15 12:53:02 oom-tracer started
[2023-11-15T12:59:07.660109735Z][oom-tracer][I] EOF
-------------------------------------------------------------------------------->8
[2023-11-15T13:04:11.182263410Z][oom-tracer][I] [2023-11-15T13:04:11.182186058Z][oom-tracer][I] 
[2023-11-15T13:04:11.182274832Z][oom-tracer][I] [2023-11-15T13:04:11.182246415Z][oom-tracer.ipc][I] ipc.NewClient: cb89ced5-oom-tracer -> <HOME>run<HOME>host-services<HOME>backend.sock BackendAPI
[2023-11-15T13:04:11.182304431Z][oom-tracer][I] 2023/11/15 13:04:11 oom-tracer started
-------------------------------------------------------------------------------->8
[2023-11-16T09:41:55.582871728Z][oom-tracer][I] [2023-11-16T09:41:55.582786367Z][oom-tracer][I] 
[2023-11-16T09:41:55.582898031Z][oom-tracer][I] [2023-11-16T09:41:55.582842208Z][oom-tracer.ipc][I] ipc.NewClient: 9ad65b73-oom-tracer -> <HOME>run<HOME>host-services<HOME>backend.sock BackendAPI
[2023-11-16T09:41:55.582899140Z][oom-tracer][I] 2023/11/16 09:41:55 oom-tracer started
-------------------------------------------------------------------------------->8
[2023-11-16T11:01:41.892654982Z][oom-tracer][I] [2023-11-16T11:01:41.892482380Z][oom-tracer][I] 
[2023-11-16T11:01:41.892671605Z][oom-tracer][I] [2023-11-16T11:01:41.892545131Z][oom-tracer.ipc][I] ipc.NewClient: 3eedb97e-oom-tracer -> <HOME>run<HOME>host-services<HOME>backend.sock BackendAPI
[2023-11-16T11:01:41.892678368Z][oom-tracer][I] 2023/11/16 11:01:41 oom-tracer started
-------------------------------------------------------------------------------->8
[2023-11-18T16:49:48.223519945Z][oom-tracer][I] [2023-11-18T16:49:48.223375206Z][oom-tracer][I] 
[2023-11-18T16:49:48.223545752Z][oom-tracer][I] [2023-11-18T16:49:48.223460631Z][oom-tracer.ipc][I] ipc.NewClient: 832c825a-oom-tracer -> <HOME>run<HOME>host-services<HOME>backend.sock BackendAPI
[2023-11-18T16:49:48.223560276Z][oom-tracer][I] 2023/11/18 16:49:48 oom-tracer started
[2023-11-18T16:55:55.047833035Z][oom-tracer][I] EOF
-------------------------------------------------------------------------------->8
[2023-11-18T17:17:20.517083897Z][oom-tracer][I] [2023-11-18T17:17:20.517013322Z][oom-tracer][I] 
[2023-11-18T17:17:20.517098126Z][oom-tracer][I] [2023-11-18T17:17:20.517067282Z][oom-tracer.ipc][I] ipc.NewClient: dcd786db-oom-tracer -> <HOME>run<HOME>host-services<HOME>backend.sock BackendAPI
[2023-11-18T17:17:20.517116618Z][oom-tracer][I] 2023/11/18 17:17:20 oom-tracer started
[2023-11-18T17:24:55.649061782Z][oom-tracer][I] EOF
-------------------------------------------------------------------------------->8
[2023-11-23T09:32:56.484512444Z][oom-tracer][I] [2023-11-23T09:32:56.484321091Z][oom-tracer][I] 
[2023-11-23T09:32:56.484569545Z][oom-tracer][I] [2023-11-23T09:32:56.484468562Z][oom-tracer.ipc][I] ipc.NewClient: b6323187-oom-tracer -> <HOME>run<HOME>host-services<HOME>backend.sock BackendAPI
[2023-11-23T09:32:56.484618879Z][oom-tracer][I] 2023/11/23 09:32:56 oom-tracer started
-------------------------------------------------------------------------------->8
[2023-11-23T10:41:29.500041115Z][oom-tracer][I] [2023-11-23T10:41:29.499945273Z][oom-tracer][I] 
[2023-11-23T10:41:29.500119148Z][oom-tracer][I] [2023-11-23T10:41:29.500086813Z][oom-tracer.ipc][I] ipc.NewClient: ed501c08-oom-tracer -> <HOME>run<HOME>host-services<HOME>backend.sock BackendAPI
[2023-11-23T10:41:29.500167208Z][oom-tracer][I] 2023/11/23 10:41:29 oom-tracer started
