-------------------------------------------------------------------------------->8
[2023-10-30T11:12:15.275371402Z][volume-contents][I] [2023-10-30T11:12:15.274910041Z][volume-contents.ipc][I] run (with context) 2485aebf-volume-contents for component volume-contents on /run/guest-services/volume-contents.sock
[2023-10-30T11:12:15.440052848Z][volume-contents][I] [2023-10-30T11:12:15.439695035Z][volume-contents.ipc][I] (4ad711c8) 2485aebf-volume-contents S<-C Docker-Desktop/4.25.0 (Linux; x64) GET /volumes
[2023-10-30T11:12:15.440060778Z][volume-contents][I] [2023-10-30T11:12:15.439744266Z][volume-contents][I] reading : /var/lib/docker/volumes
[2023-10-30T11:12:15.440496101Z][volume-contents][I] [2023-10-30T11:12:15.440307383Z][volume-contents.ipc][I] (4ad711c8) 2485aebf-volume-contents S->C Docker-Desktop/4.25.0 (Linux; x64) GET /volumes (521.466µs): {"contents":[{"atime":"2023-10-30T11:12:13.677002Z","mode":"Drw-------","mtime":"2023-10-30T11:12:13.677002Z","name":"backingFsBlockDev","size":0,"type":"file"},{"atime":"2023-10-30T11:12:13.687002Z","mode":"-rw-------","mtime":"2023-10-30T11:12:13.740002Z","name":"metadata.db","size":32,"type":"file"}]}
[2023-10-30T11:12:15.441165635Z][volume-contents][I] [2023-10-30T11:12:15.440968389Z][volume-contents.ipc][I] (9ddcf3d5) 2485aebf-volume-contents S<-C 721ca209-backendAnalyticsGatherer GET /metrics
[2023-10-30T11:12:15.441307264Z][volume-contents][I] [2023-10-30T11:12:15.441263973Z][volume-contents.ipc][I] (9ddcf3d5) 2485aebf-volume-contents S->C 721ca209-backendAnalyticsGatherer GET /metrics (307.657µs): {"count":0}
-------------------------------------------------------------------------------->8
[2023-10-30T11:16:30.042654910Z][volume-contents][I] [2023-10-30T11:16:30.042368793Z][volume-contents.ipc][I] run (with context) 35bbf965-volume-contents for component volume-contents on /run/guest-services/volume-contents.sock
[2023-10-30T11:16:30.236905602Z][volume-contents][I] [2023-10-30T11:16:30.236725480Z][volume-contents.ipc][I] (0f905776) 35bbf965-volume-contents S<-C c7b5ec70-backendAnalyticsGatherer GET /metrics
[2023-10-30T11:16:30.237226903Z][volume-contents][I] [2023-10-30T11:16:30.237105494Z][volume-contents.ipc][I] (0f905776) 35bbf965-volume-contents S->C c7b5ec70-backendAnalyticsGatherer GET /metrics (382.673µs): {"count":0}
[2023-10-30T11:16:30.326727570Z][volume-contents][I] [2023-10-30T11:16:30.326536138Z][volume-contents.ipc][I] (459d0ecd) 35bbf965-volume-contents S<-C Docker-Desktop/4.25.0 (Linux; x64) GET /volumes
[2023-10-30T11:16:30.326742943Z][volume-contents][I] [2023-10-30T11:16:30.326622116Z][volume-contents][I] reading : /var/lib/docker/volumes
[2023-10-30T11:16:30.327487743Z][volume-contents][I] [2023-10-30T11:16:30.327216878Z][volume-contents.ipc][I] (459d0ecd) 35bbf965-volume-contents S->C Docker-Desktop/4.25.0 (Linux; x64) GET /volumes (557.698µs): {"contents":[{"atime":"2023-10-30T11:16:28.673705Z","mode":"Drw-------","mtime":"2023-10-30T11:16:28.673705Z","name":"backingFsBlockDev","size":0,"type":"file"},{"atime":"2023-10-30T11:16:28.673705Z","mode":"-rw-------","mtime":"2023-10-30T11:16:28.682705Z","name":"metadata.db","size":32,"type":"file"}]}
[2023-10-30T11:24:31.475647523Z][volume-contents][I] EOF
-------------------------------------------------------------------------------->8
[2023-10-30T11:30:46.756285251Z][volume-contents][I] [2023-10-30T11:30:46.755971114Z][volume-contents.ipc][I] run (with context) abde7a8b-volume-contents for component volume-contents on /run/guest-services/volume-contents.sock
[2023-10-30T11:30:46.757340746Z][volume-contents][I] [2023-10-30T11:30:46.757272955Z][volume-contents.ipc][I] (6cac913f) abde7a8b-volume-contents S<-C Docker-Desktop/4.25.0 (Linux; x64) GET /volumes
[2023-10-30T11:30:46.757352676Z][volume-contents][I] [2023-10-30T11:30:46.757300464Z][volume-contents][I] reading : /var/lib/docker/volumes
[2023-10-30T11:30:46.757682815Z][volume-contents][I] [2023-10-30T11:30:46.757624955Z][volume-contents.ipc][I] (6cac913f) abde7a8b-volume-contents S->C Docker-Desktop/4.25.0 (Linux; x64) GET /volumes (290.471µs): {"contents":[{"atime":"2023-10-30T11:30:45.859924Z","mode":"Drw-------","mtime":"2023-10-30T11:30:45.859924Z","name":"backingFsBlockDev","size":0,"type":"file"},{"atime":"2023-10-30T11:30:45.860924Z","mode":"-rw-------","mtime":"2023-10-30T11:30:45.870924Z","name":"metadata.db","size":32,"type":"file"}]}
[2023-10-30T11:30:51.830228973Z][volume-contents][I] [2023-10-30T11:30:51.829952437Z][volume-contents.ipc][I] (c700ca2b) abde7a8b-volume-contents S<-C Docker-Desktop/4.25.0 (Linux; x64) GET /volumes
[2023-10-30T11:30:51.830235541Z][volume-contents][I] [2023-10-30T11:30:51.829978306Z][volume-contents][I] reading : /var/lib/docker/volumes
[2023-10-30T11:30:51.830240064Z][volume-contents][I] [2023-10-30T11:30:51.830085069Z][volume-contents.ipc][I] (c700ca2b) abde7a8b-volume-contents S->C Docker-Desktop/4.25.0 (Linux; x64) GET /volumes (112.144µs): {"contents":[{"atime":"2023-10-30T11:30:45.859924Z","mode":"Drw-------","mtime":"2023-10-30T11:30:45.859924Z","name":"backingFsBlockDev","size":0,"type":"file"},{"atime":"2023-10-30T11:30:45.860924Z","mode":"-rw-------","mtime":"2023-10-30T11:30:45.870924Z","name":"metadata.db","size":32,"type":"file"}]}
-------------------------------------------------------------------------------->8
[2023-10-30T12:16:49.580771280Z][volume-contents][I] [2023-10-30T12:16:49.580616577Z][volume-contents.ipc][I] run (with context) 4abdfda4-volume-contents for component volume-contents on /run/guest-services/volume-contents.sock
[2023-10-30T12:16:49.874230574Z][volume-contents][I] [2023-10-30T12:16:49.874164235Z][volume-contents.ipc][I] (110489c9) 4abdfda4-volume-contents S<-C 185628c9-backendAnalyticsGatherer GET /metrics
[2023-10-30T12:16:49.874331582Z][volume-contents][I] [2023-10-30T12:16:49.874306721Z][volume-contents.ipc][I] (110489c9) 4abdfda4-volume-contents S->C 185628c9-backendAnalyticsGatherer GET /metrics (145.205µs): {"count":0}
[2023-10-30T12:16:49.930958032Z][volume-contents][I] [2023-10-30T12:16:49.930814982Z][volume-contents.ipc][I] (40bc1b82) 4abdfda4-volume-contents S<-C Docker-Desktop/4.25.0 (Linux; x64) GET /volumes
[2023-10-30T12:16:49.930967669Z][volume-contents][I] [2023-10-30T12:16:49.930872894Z][volume-contents][I] reading : /var/lib/docker/volumes
[2023-10-30T12:16:49.931252244Z][volume-contents][I] [2023-10-30T12:16:49.931194263Z][volume-contents.ipc][I] (40bc1b82) 4abdfda4-volume-contents S->C Docker-Desktop/4.25.0 (Linux; x64) GET /volumes (329.348µs): {"contents":[{"atime":"2023-10-30T12:16:48.559573Z","mode":"Drw-------","mtime":"2023-10-30T12:16:48.559573Z","name":"backingFsBlockDev","size":0,"type":"file"},{"atime":"2023-10-30T12:16:48.559573Z","mode":"-rw-------","mtime":"2023-10-30T12:16:48.568573Z","name":"metadata.db","size":32,"type":"file"}]}
[2023-10-30T12:17:39.543086991Z][volume-contents][I] [2023-10-30T12:17:39.542950686Z][volume-contents.ipc][I] (414e6aa1) 4abdfda4-volume-contents S<-C Docker-Desktop/4.25.0 (Linux; x64) GET /volumes
[2023-10-30T12:17:39.543091613Z][volume-contents][I] [2023-10-30T12:17:39.543002448Z][volume-contents][I] reading : /var/lib/docker/volumes
[2023-10-30T12:17:39.543241133Z][volume-contents][I] [2023-10-30T12:17:39.543199686Z][volume-contents.ipc][I] (414e6aa1) 4abdfda4-volume-contents S->C Docker-Desktop/4.25.0 (Linux; x64) GET /volumes (203.361µs): {"contents":[{"atime":"2023-10-30T12:16:48.559573Z","mode":"Drw-------","mtime":"2023-10-30T12:16:48.559573Z","name":"backingFsBlockDev","size":0,"type":"file"},{"atime":"2023-10-30T12:16:48.559573Z","mode":"-rw-------","mtime":"2023-10-30T12:16:48.568573Z","name":"metadata.db","size":32,"type":"file"}]}
[2023-10-30T12:17:39.573560956Z][volume-contents][I] [2023-10-30T12:17:39.573472994Z][volume-contents.ipc][I] (d8b06a76) 4abdfda4-volume-contents S<-C Docker-Desktop/4.25.0 (Linux; x64) GET /volumes
[2023-10-30T12:17:39.573571370Z][volume-contents][I] [2023-10-30T12:17:39.573500933Z][volume-contents][I] reading : /var/lib/docker/volumes
[2023-10-30T12:17:39.573645872Z][volume-contents][I] [2023-10-30T12:17:39.573614724Z][volume-contents.ipc][I] (d8b06a76) 4abdfda4-volume-contents S->C Docker-Desktop/4.25.0 (Linux; x64) GET /volumes (108.965µs): {"contents":[{"atime":"2023-10-30T12:16:48.559573Z","mode":"Drw-------","mtime":"2023-10-30T12:16:48.559573Z","name":"backingFsBlockDev","size":0,"type":"file"},{"atime":"2023-10-30T12:16:48.559573Z","mode":"-rw-------","mtime":"2023-10-30T12:16:48.568573Z","name":"metadata.db","size":32,"type":"file"}]}
-------------------------------------------------------------------------------->8
[2023-10-30T18:22:58.722661438Z][volume-contents][I] [2023-10-30T18:22:58.722456444Z][volume-contents.ipc][I] run (with context) 610bf795-volume-contents for component volume-contents on /run/guest-services/volume-contents.sock
[2023-10-30T18:22:59.009650787Z][volume-contents][I] [2023-10-30T18:22:59.009527690Z][volume-contents.ipc][I] (9431f759) 610bf795-volume-contents S<-C 498647f4-backendAnalyticsGatherer GET /metrics
[2023-10-30T18:22:59.009838403Z][volume-contents][I] [2023-10-30T18:22:59.009799398Z][volume-contents.ipc][I] (9431f759) 610bf795-volume-contents S->C 498647f4-backendAnalyticsGatherer GET /metrics (277.27µs): {"count":0}
[2023-10-30T18:22:59.073002763Z][volume-contents][I] [2023-10-30T18:22:59.072854430Z][volume-contents.ipc][I] (f8b9f724) 610bf795-volume-contents S<-C Docker-Desktop/4.25.0 (Linux; x64) GET /volumes
[2023-10-30T18:22:59.073010998Z][volume-contents][I] [2023-10-30T18:22:59.072954808Z][volume-contents][I] reading : /var/lib/docker/volumes
[2023-10-30T18:22:59.073414271Z][volume-contents][I] [2023-10-30T18:22:59.073363530Z][volume-contents.ipc][I] (f8b9f724) 610bf795-volume-contents S->C Docker-Desktop/4.25.0 (Linux; x64) GET /volumes (458.854µs): {"contents":[{"atime":"2023-10-30T18:22:57.619629Z","mode":"Drw-------","mtime":"2023-10-30T18:22:57.619629Z","name":"backingFsBlockDev","size":0,"type":"file"},{"atime":"2023-10-30T18:22:57.619629Z","mode":"-rw-------","mtime":"2023-10-30T18:22:57.628629Z","name":"metadata.db","size":32,"type":"file"}]}
-------------------------------------------------------------------------------->8
[2023-10-31T14:21:23.653840464Z][volume-contents][I] [2023-10-31T14:21:23.653428604Z][volume-contents.ipc][I] run (with context) 56a7b6b2-volume-contents for component volume-contents on /run/guest-services/volume-contents.sock
[2023-10-31T14:21:24.105476990Z][volume-contents][I] [2023-10-31T14:21:24.104767187Z][volume-contents.ipc][I] (2dca7580) 56a7b6b2-volume-contents S<-C 9b7c1260-backendAnalyticsGatherer GET /metrics
[2023-10-31T14:21:24.106594530Z][volume-contents][I] [2023-10-31T14:21:24.106015266Z][volume-contents.ipc][I] (2dca7580) 56a7b6b2-volume-contents S->C 9b7c1260-backendAnalyticsGatherer GET /metrics (1.254332ms): {"count":0}
[2023-10-31T14:21:24.484842138Z][volume-contents][I] [2023-10-31T14:21:24.484701186Z][volume-contents.ipc][I] (ecf24dbf) 56a7b6b2-volume-contents S<-C Docker-Desktop/4.25.0 (Linux; x64) GET /volumes
[2023-10-31T14:21:24.484847172Z][volume-contents][I] [2023-10-31T14:21:24.484802976Z][volume-contents][I] reading : /var/lib/docker/volumes
[2023-10-31T14:21:24.485259163Z][volume-contents][I] [2023-10-31T14:21:24.485174283Z][volume-contents.ipc][I] (ecf24dbf) 56a7b6b2-volume-contents S->C Docker-Desktop/4.25.0 (Linux; x64) GET /volumes (416.843µs): {"contents":[{"atime":"2023-10-31T14:21:22.156182Z","mode":"Drw-------","mtime":"2023-10-31T14:21:22.156182Z","name":"backingFsBlockDev","size":0,"type":"file"},{"atime":"2023-10-31T14:21:22.158182Z","mode":"-rw-------","mtime":"2023-10-31T14:21:22.176182Z","name":"metadata.db","size":32,"type":"file"}]}
[2023-10-31T18:19:41.691806209Z][volume-contents][I] EOF
-------------------------------------------------------------------------------->8
[2023-11-01T10:49:18.740624839Z][volume-contents][I] [2023-11-01T10:49:18.740313630Z][volume-contents.ipc][I] run (with context) a21af92d-volume-contents for component volume-contents on /run/guest-services/volume-contents.sock
[2023-11-01T10:49:19.046971061Z][volume-contents][I] [2023-11-01T10:49:19.046881801Z][volume-contents.ipc][I] (6ddd3b74) a21af92d-volume-contents S<-C ff9ae043-backendAnalyticsGatherer GET /metrics
[2023-11-01T10:49:19.047067393Z][volume-contents][I] [2023-11-01T10:49:19.047013202Z][volume-contents.ipc][I] (6ddd3b74) a21af92d-volume-contents S->C ff9ae043-backendAnalyticsGatherer GET /metrics (133.853µs): {"count":0}
[2023-11-01T10:49:19.086590164Z][volume-contents][I] [2023-11-01T10:49:19.086489975Z][volume-contents.ipc][I] (b62c038c) a21af92d-volume-contents S<-C Docker-Desktop/4.25.0 (Linux; x64) GET /volumes
[2023-11-01T10:49:19.086594798Z][volume-contents][I] [2023-11-01T10:49:19.086544494Z][volume-contents][I] reading : /var/lib/docker/volumes
[2023-11-01T10:49:19.087003742Z][volume-contents][I] [2023-11-01T10:49:19.086953004Z][volume-contents.ipc][I] (b62c038c) a21af92d-volume-contents S->C Docker-Desktop/4.25.0 (Linux; x64) GET /volumes (359.555µs): {"contents":[{"atime":"2023-11-01T10:49:17.631132Z","mode":"Drw-------","mtime":"2023-11-01T10:49:17.631132Z","name":"backingFsBlockDev","size":0,"type":"file"},{"atime":"2023-11-01T10:49:17.632132Z","mode":"-rw-------","mtime":"2023-11-01T10:49:17.641132Z","name":"metadata.db","size":32,"type":"file"}]}
[2023-11-01T12:12:02.821365346Z][volume-contents][I] EOF
-------------------------------------------------------------------------------->8
[2023-11-02T11:16:21.864372575Z][volume-contents][I] [2023-11-02T11:16:21.864169243Z][volume-contents.ipc][I] run (with context) 21b364d2-volume-contents for component volume-contents on /run/guest-services/volume-contents.sock
[2023-11-02T11:16:22.317637302Z][volume-contents][I] [2023-11-02T11:16:22.317541003Z][volume-contents.ipc][I] (78e8f562) 21b364d2-volume-contents S<-C c444393c-backendAnalyticsGatherer GET /metrics
[2023-11-02T11:16:22.317707036Z][volume-contents][I] [2023-11-02T11:16:22.317667686Z][volume-contents.ipc][I] (78e8f562) 21b364d2-volume-contents S->C c444393c-backendAnalyticsGatherer GET /metrics (128.974µs): {"count":0}
[2023-11-02T11:16:22.360329473Z][volume-contents][I] [2023-11-02T11:16:22.360251977Z][volume-contents.ipc][I] (a2d25254) 21b364d2-volume-contents S<-C Docker-Desktop/4.25.0 (Linux; x64) GET /volumes
[2023-11-02T11:16:22.360338114Z][volume-contents][I] [2023-11-02T11:16:22.360302611Z][volume-contents][I] reading : /var/lib/docker/volumes
[2023-11-02T11:16:22.360660841Z][volume-contents][I] [2023-11-02T11:16:22.360621436Z][volume-contents.ipc][I] (a2d25254) 21b364d2-volume-contents S->C Docker-Desktop/4.25.0 (Linux; x64) GET /volumes (314.429µs): {"contents":[{"atime":"2023-11-02T11:16:20.743788Z","mode":"Drw-------","mtime":"2023-11-02T11:16:20.743788Z","name":"backingFsBlockDev","size":0,"type":"file"},{"atime":"2023-11-02T11:16:20.743788Z","mode":"-rw-------","mtime":"2023-11-02T11:16:20.752788Z","name":"metadata.db","size":32,"type":"file"}]}
-------------------------------------------------------------------------------->8
[2023-11-02T14:21:23.317096230Z][volume-contents][I] [2023-11-02T14:21:23.316823674Z][volume-contents.ipc][I] run (with context) d74c097e-volume-contents for component volume-contents on /run/guest-services/volume-contents.sock
[2023-11-02T14:21:23.631540497Z][volume-contents][I] [2023-11-02T14:21:23.631414103Z][volume-contents.ipc][I] (e94fcd5d) d74c097e-volume-contents S<-C a601f566-backendAnalyticsGatherer GET /metrics
[2023-11-02T14:21:23.631721877Z][volume-contents][I] [2023-11-02T14:21:23.631646970Z][volume-contents.ipc][I] (e94fcd5d) d74c097e-volume-contents S->C a601f566-backendAnalyticsGatherer GET /metrics (234.759µs): {"count":0}
[2023-11-02T14:21:23.669203455Z][volume-contents][I] [2023-11-02T14:21:23.669118942Z][volume-contents.ipc][I] (db98aef4) d74c097e-volume-contents S<-C Docker-Desktop/4.25.0 (Linux; x64) GET /volumes
[2023-11-02T14:21:23.669205611Z][volume-contents][I] [2023-11-02T14:21:23.669180249Z][volume-contents][I] reading : /var/lib/docker/volumes
[2023-11-02T14:21:23.669585242Z][volume-contents][I] [2023-11-02T14:21:23.669537233Z][volume-contents.ipc][I] (db98aef4) d74c097e-volume-contents S->C Docker-Desktop/4.25.0 (Linux; x64) GET /volumes (349.646µs): {"contents":[{"atime":"2023-11-02T14:21:22.555523Z","mode":"Drw-------","mtime":"2023-11-02T14:21:22.555523Z","name":"backingFsBlockDev","size":0,"type":"file"},{"atime":"2023-11-02T14:21:22.556523Z","mode":"-rw-------","mtime":"2023-11-02T14:21:22.565523Z","name":"metadata.db","size":32,"type":"file"}]}
[2023-11-02T17:26:29.049090197Z][volume-contents][I] EOF
-------------------------------------------------------------------------------->8
[2023-11-08T08:59:00.894035817Z][volume-contents][I] [2023-11-08T08:59:00.893706600Z][volume-contents.ipc][I] run (with context) 2eb69b46-volume-contents for component volume-contents on /run/guest-services/volume-contents.sock
[2023-11-08T08:59:01.187768493Z][volume-contents][I] [2023-11-08T08:59:01.187675826Z][volume-contents.ipc][I] (f9bbb980) 2eb69b46-volume-contents S<-C 9216ac98-backendAnalyticsGatherer GET /metrics
[2023-11-08T08:59:01.187834603Z][volume-contents][I] [2023-11-08T08:59:01.187798650Z][volume-contents.ipc][I] (f9bbb980) 2eb69b46-volume-contents S->C 9216ac98-backendAnalyticsGatherer GET /metrics (125.726µs): {"count":0}
[2023-11-08T08:59:01.234703363Z][volume-contents][I] [2023-11-08T08:59:01.234589157Z][volume-contents.ipc][I] (72a8ff36) 2eb69b46-volume-contents S<-C Docker-Desktop/4.25.0 (Linux; x64) GET /volumes
[2023-11-08T08:59:01.234705253Z][volume-contents][I] [2023-11-08T08:59:01.234646453Z][volume-contents][I] reading : /var/lib/docker/volumes
[2023-11-08T08:59:01.235007880Z][volume-contents][I] [2023-11-08T08:59:01.234941505Z][volume-contents.ipc][I] (72a8ff36) 2eb69b46-volume-contents S->C Docker-Desktop/4.25.0 (Linux; x64) GET /volumes (310.084µs): {"contents":[{"atime":"2023-11-08T08:58:59.546456Z","mode":"Drw-------","mtime":"2023-11-08T08:58:59.546456Z","name":"backingFsBlockDev","size":0,"type":"file"},{"atime":"2023-11-08T08:58:59.546456Z","mode":"-rw-------","mtime":"2023-11-08T08:58:59.555456Z","name":"metadata.db","size":32,"type":"file"}]}
[2023-11-08T03:54:45.264440499Z][volume-contents][I] [2023-11-08T03:54:45.264291639Z][volume-contents.ipc][I] (1bbd1fc6) 2eb69b46-volume-contents S<-C Docker-Desktop/4.25.0 (Linux; x64) GET /volumes
[2023-11-08T03:54:45.264450761Z][volume-contents][I] [2023-11-08T03:54:45.264341296Z][volume-contents][I] reading : /var/lib/docker/volumes
[2023-11-08T03:54:45.264614804Z][volume-contents][I] [2023-11-08T03:54:45.264487252Z][volume-contents.ipc][I] (1bbd1fc6) 2eb69b46-volume-contents S->C Docker-Desktop/4.25.0 (Linux; x64) GET /volumes (170.023µs): {"contents":[{"atime":"2023-11-08T08:58:59.546456Z","mode":"Drw-------","mtime":"2023-11-08T08:58:59.546456Z","name":"backingFsBlockDev","size":0,"type":"file"},{"atime":"2023-11-08T08:58:59.546456Z","mode":"-rw-------","mtime":"2023-11-08T08:58:59.555456Z","name":"metadata.db","size":32,"type":"file"}]}
[2023-11-08T03:54:45.293695378Z][volume-contents][I] [2023-11-08T03:54:45.293473535Z][volume-contents.ipc][I] (70abdf33) 2eb69b46-volume-contents S<-C Docker-Desktop/4.25.0 (Linux; x64) GET /volumes
[2023-11-08T03:54:45.293702224Z][volume-contents][I] [2023-11-08T03:54:45.293537961Z][volume-contents][I] reading : /var/lib/docker/volumes
[2023-11-08T03:54:45.293764121Z][volume-contents][I] [2023-11-08T03:54:45.293664776Z][volume-contents.ipc][I] (70abdf33) 2eb69b46-volume-contents S->C Docker-Desktop/4.25.0 (Linux; x64) GET /volumes (179.21µs): {"contents":[{"atime":"2023-11-08T08:58:59.546456Z","mode":"Drw-------","mtime":"2023-11-08T08:58:59.546456Z","name":"backingFsBlockDev","size":0,"type":"file"},{"atime":"2023-11-08T08:58:59.546456Z","mode":"-rw-------","mtime":"2023-11-08T08:58:59.555456Z","name":"metadata.db","size":32,"type":"file"}]}
-------------------------------------------------------------------------------->8
[2023-11-14T06:44:35.490362134Z][volume-contents][I] [2023-11-14T06:44:35.490130824Z][volume-contents.ipc][I] run (with context) ca8a342f-volume-contents for component volume-contents on /run/guest-services/volume-contents.sock
[2023-11-14T06:44:35.710937360Z][volume-contents][I] [2023-11-14T06:44:35.710810453Z][volume-contents.ipc][I] (f58d1538) ca8a342f-volume-contents S<-C 91b7db7e-backendAnalyticsGatherer GET /metrics
[2023-11-14T06:44:35.710969032Z][volume-contents][I] [2023-11-14T06:44:35.710947289Z][volume-contents.ipc][I] (f58d1538) ca8a342f-volume-contents S->C 91b7db7e-backendAnalyticsGatherer GET /metrics (138.345µs): {"count":0}
[2023-11-14T06:44:35.789361229Z][volume-contents][I] [2023-11-14T06:44:35.789221391Z][volume-contents.ipc][I] (fb7f52f8) ca8a342f-volume-contents S<-C Docker-Desktop/4.25.0 (Linux; x64) GET /volumes
[2023-11-14T06:44:35.789370271Z][volume-contents][I] [2023-11-14T06:44:35.789276471Z][volume-contents][I] reading : /var/lib/docker/volumes
[2023-11-14T06:44:35.789632827Z][volume-contents][I] [2023-11-14T06:44:35.789557072Z][volume-contents.ipc][I] (fb7f52f8) ca8a342f-volume-contents S->C Docker-Desktop/4.25.0 (Linux; x64) GET /volumes (294.336µs): {"contents":[{"atime":"2023-11-14T06:44:34.538839Z","mode":"Drw-------","mtime":"2023-11-14T06:44:34.538839Z","name":"backingFsBlockDev","size":0,"type":"file"},{"atime":"2023-11-14T06:44:34.539839Z","mode":"-rw-------","mtime":"2023-11-14T06:44:34.549839Z","name":"metadata.db","size":32,"type":"file"}]}
-------------------------------------------------------------------------------->8
[2023-11-15T10:03:06.032853317Z][volume-contents][I] [2023-11-15T10:03:06.032628353Z][volume-contents.ipc][I] run (with context) 6d2e27b5-volume-contents for component volume-contents on /run/guest-services/volume-contents.sock
[2023-11-15T10:03:06.342684776Z][volume-contents][I] [2023-11-15T10:03:06.342525263Z][volume-contents.ipc][I] (ae003c7e) 6d2e27b5-volume-contents S<-C 160af3d1-backendAnalyticsGatherer GET /metrics
[2023-11-15T10:03:06.342800630Z][volume-contents][I] [2023-11-15T10:03:06.342763177Z][volume-contents.ipc][I] (ae003c7e) 6d2e27b5-volume-contents S->C 160af3d1-backendAnalyticsGatherer GET /metrics (230.251µs): {"count":0}
[2023-11-15T10:03:06.416354941Z][volume-contents][I] [2023-11-15T10:03:06.416248007Z][volume-contents.ipc][I] (2db4e779) 6d2e27b5-volume-contents S<-C Docker-Desktop/4.25.0 (Linux; x64) GET /volumes
[2023-11-15T10:03:06.416360312Z][volume-contents][I] [2023-11-15T10:03:06.416290434Z][volume-contents][I] reading : /var/lib/docker/volumes
[2023-11-15T10:03:06.416627579Z][volume-contents][I] [2023-11-15T10:03:06.416561548Z][volume-contents.ipc][I] (2db4e779) 6d2e27b5-volume-contents S->C Docker-Desktop/4.25.0 (Linux; x64) GET /volumes (257.886µs): {"contents":[{"atime":"2023-11-15T10:03:04.604721Z","mode":"Drw-------","mtime":"2023-11-15T10:03:04.604721Z","name":"backingFsBlockDev","size":0,"type":"file"},{"atime":"2023-11-15T10:03:04.604721Z","mode":"-rw-------","mtime":"2023-11-15T10:03:04.613721Z","name":"metadata.db","size":32,"type":"file"}]}
[2023-11-15T11:38:21.035032669Z][volume-contents][I] EOF
-------------------------------------------------------------------------------->8
[2023-11-15T12:53:02.502753438Z][volume-contents][I] [2023-11-15T12:53:02.502534174Z][volume-contents.ipc][I] run (with context) d02b9393-volume-contents for component volume-contents on /run/guest-services/volume-contents.sock
[2023-11-15T12:53:02.536251502Z][volume-contents][I] [2023-11-15T12:53:02.536150495Z][volume-contents.ipc][I] (33ece7ed) d02b9393-volume-contents S<-C Docker-Desktop/4.25.0 (Linux; x64) GET /volumes
[2023-11-15T12:53:02.536295234Z][volume-contents][I] [2023-11-15T12:53:02.536189938Z][volume-contents][I] reading : /var/lib/docker/volumes
[2023-11-15T12:53:02.536864377Z][volume-contents][I] [2023-11-15T12:53:02.536758681Z][volume-contents.ipc][I] (33ece7ed) d02b9393-volume-contents S->C Docker-Desktop/4.25.0 (Linux; x64) GET /volumes (574.457µs): {"contents":[{"atime":"2023-11-15T10:03:04.604721Z","mode":"Drw-------","mtime":"2023-11-15T10:03:04.604721Z","name":"backingFsBlockDev","size":0,"type":"file"},{"atime":"2023-11-15T10:03:04.604721Z","mode":"-rw-------","mtime":"2023-11-15T10:03:04.613721Z","name":"metadata.db","size":32,"type":"file"}]}
[2023-11-15T12:53:07.582922261Z][volume-contents][I] [2023-11-15T12:53:07.582757564Z][volume-contents.ipc][I] (4a98f95f) d02b9393-volume-contents S<-C Docker-Desktop/4.25.0 (Linux; x64) GET /volumes
[2023-11-15T12:53:07.582928578Z][volume-contents][I] [2023-11-15T12:53:07.582793272Z][volume-contents][I] reading : /var/lib/docker/volumes
[2023-11-15T12:53:07.582967870Z][volume-contents][I] [2023-11-15T12:53:07.582936193Z][volume-contents.ipc][I] (4a98f95f) d02b9393-volume-contents S->C Docker-Desktop/4.25.0 (Linux; x64) GET /volumes (152.073µs): {"contents":[{"atime":"2023-11-15T12:53:07.245094Z","mode":"Drw-------","mtime":"2023-11-15T12:53:07.245094Z","name":"backingFsBlockDev","size":0,"type":"file"},{"atime":"2023-11-15T12:53:07.245094Z","mode":"-rw-------","mtime":"2023-11-15T12:53:07.252094Z","name":"metadata.db","size":32,"type":"file"}]}
[2023-11-15T12:53:12.611149270Z][volume-contents][I] [2023-11-15T12:53:12.611071992Z][volume-contents.ipc][I] (2982254a) d02b9393-volume-contents S<-C Docker-Desktop/4.25.0 (Linux; x64) GET /volumes
[2023-11-15T12:53:12.611155528Z][volume-contents][I] [2023-11-15T12:53:12.611095648Z][volume-contents][I] reading : /var/lib/docker/volumes
[2023-11-15T12:53:12.611246745Z][volume-contents][I] [2023-11-15T12:53:12.611210118Z][volume-contents.ipc][I] (2982254a) d02b9393-volume-contents S->C Docker-Desktop/4.25.0 (Linux; x64) GET /volumes (116.308µs): {"contents":[{"atime":"2023-11-15T12:53:07.245094Z","mode":"Drw-------","mtime":"2023-11-15T12:53:07.245094Z","name":"backingFsBlockDev","size":0,"type":"file"},{"atime":"2023-11-15T12:53:07.245094Z","mode":"-rw-------","mtime":"2023-11-15T12:53:07.252094Z","name":"metadata.db","size":32,"type":"file"}]}
[2023-11-15T12:59:07.670034476Z][volume-contents][I] EOF
-------------------------------------------------------------------------------->8
[2023-11-15T13:04:11.201811163Z][volume-contents][I] [2023-11-15T13:04:11.201648067Z][volume-contents.ipc][I] run (with context) 829cfcf0-volume-contents for component volume-contents on /run/guest-services/volume-contents.sock
[2023-11-15T13:04:11.420852372Z][volume-contents][I] [2023-11-15T13:04:11.420752791Z][volume-contents.ipc][I] (1d456050) 829cfcf0-volume-contents S<-C Docker-Desktop/4.25.0 (Linux; x64) GET /volumes
[2023-11-15T13:04:11.420853674Z][volume-contents][I] [2023-11-15T13:04:11.420791757Z][volume-contents][I] reading : /var/lib/docker/volumes
[2023-11-15T13:04:11.421365762Z][volume-contents][I] [2023-11-15T13:04:11.421227667Z][volume-contents.ipc][I] (1d456050) 829cfcf0-volume-contents S->C Docker-Desktop/4.25.0 (Linux; x64) GET /volumes (415.116µs): {"contents":[{"atime":"2023-11-15T13:04:09.420109Z","mode":"Drw-------","mtime":"2023-11-15T13:04:09.420109Z","name":"backingFsBlockDev","size":0,"type":"file"},{"atime":"2023-11-15T13:04:09.421109Z","mode":"-rw-------","mtime":"2023-11-15T13:04:09.429109Z","name":"metadata.db","size":32,"type":"file"}]}
-------------------------------------------------------------------------------->8
[2023-11-16T09:41:55.541535777Z][volume-contents][I] [2023-11-16T09:41:55.541358468Z][volume-contents.ipc][I] run (with context) ed26f308-volume-contents for component volume-contents on /run/guest-services/volume-contents.sock
[2023-11-16T09:41:55.954905500Z][volume-contents][I] [2023-11-16T09:41:55.954824076Z][volume-contents.ipc][I] (5744ec07) ed26f308-volume-contents S<-C 297357aa-backendAnalyticsGatherer GET /metrics
[2023-11-16T09:41:55.955003497Z][volume-contents][I] [2023-11-16T09:41:55.954973775Z][volume-contents.ipc][I] (5744ec07) ed26f308-volume-contents S->C 297357aa-backendAnalyticsGatherer GET /metrics (153.023µs): {"count":0}
[2023-11-16T09:41:56.032145145Z][volume-contents][I] [2023-11-16T09:41:56.032032195Z][volume-contents.ipc][I] (e12a8b01) ed26f308-volume-contents S<-C Docker-Desktop/4.25.0 (Linux; x64) GET /volumes
[2023-11-16T09:41:56.032153753Z][volume-contents][I] [2023-11-16T09:41:56.032090554Z][volume-contents][I] reading : /var/lib/docker/volumes
[2023-11-16T09:41:56.032452357Z][volume-contents][I] [2023-11-16T09:41:56.032397504Z][volume-contents.ipc][I] (e12a8b01) ed26f308-volume-contents S->C Docker-Desktop/4.25.0 (Linux; x64) GET /volumes (315.122µs): {"contents":[{"atime":"2023-11-16T09:41:54.673064Z","mode":"Drw-------","mtime":"2023-11-16T09:41:54.673064Z","name":"backingFsBlockDev","size":0,"type":"file"},{"atime":"2023-11-16T09:41:54.673064Z","mode":"-rw-------","mtime":"2023-11-16T09:41:54.682064Z","name":"metadata.db","size":32,"type":"file"}]}
-------------------------------------------------------------------------------->8
[2023-11-16T11:01:41.937597662Z][volume-contents][I] [2023-11-16T11:01:41.937362594Z][volume-contents.ipc][I] run (with context) bb0df9f7-volume-contents for component volume-contents on /run/guest-services/volume-contents.sock
[2023-11-16T11:01:42.099117418Z][volume-contents][I] [2023-11-16T11:01:42.099016131Z][volume-contents.ipc][I] (fc9a9bac) bb0df9f7-volume-contents S<-C 4db2b1e0-backendAnalyticsGatherer GET /ping
[2023-11-16T11:01:42.099284938Z][volume-contents][I] [2023-11-16T11:01:42.099240789Z][volume-contents.ipc][I] (fc9a9bac) bb0df9f7-volume-contents S->C 4db2b1e0-backendAnalyticsGatherer GET /ping (161.852µs): {"serverTime":1700132502099067100}
[2023-11-16T11:01:42.099930232Z][volume-contents][I] [2023-11-16T11:01:42.099843648Z][volume-contents.ipc][I] (f3396c84) bb0df9f7-volume-contents S<-C 4db2b1e0-backendAnalyticsGatherer GET /metrics
[2023-11-16T11:01:42.100074898Z][volume-contents][I] [2023-11-16T11:01:42.100010701Z][volume-contents.ipc][I] (f3396c84) bb0df9f7-volume-contents S->C 4db2b1e0-backendAnalyticsGatherer GET /metrics (167.655µs): {"count":0}
[2023-11-16T11:01:42.167771627Z][volume-contents][I] [2023-11-16T11:01:42.167622815Z][volume-contents.ipc][I] (68e0d294) bb0df9f7-volume-contents S<-C Docker-Desktop/4.25.1 (Linux; x64) GET /volumes
[2023-11-16T11:01:42.167778296Z][volume-contents][I] [2023-11-16T11:01:42.167662081Z][volume-contents][I] reading : /var/lib/docker/volumes
[2023-11-16T11:01:42.167982032Z][volume-contents][I] [2023-11-16T11:01:42.167892051Z][volume-contents.ipc][I] (68e0d294) bb0df9f7-volume-contents S->C Docker-Desktop/4.25.1 (Linux; x64) GET /volumes (232.916µs): {"contents":[{"atime":"2023-11-16T11:01:40.534628Z","mode":"Drw-------","mtime":"2023-11-16T11:01:40.534628Z","name":"backingFsBlockDev","size":0,"type":"file"},{"atime":"2023-11-16T11:01:40.534628Z","mode":"-rw-------","mtime":"2023-11-16T11:01:40.554628Z","name":"metadata.db","size":32,"type":"file"}]}
-------------------------------------------------------------------------------->8
[2023-11-18T16:49:48.235900647Z][volume-contents][I] [2023-11-18T16:49:48.235752669Z][volume-contents.ipc][I] run (with context) a2be76ed-volume-contents for component volume-contents on /run/guest-services/volume-contents.sock
[2023-11-18T16:49:49.911376842Z][volume-contents][I] [2023-11-18T16:49:49.911300610Z][volume-contents.ipc][I] (157fdc98) a2be76ed-volume-contents S<-C 7f3bc4a5-backendAnalyticsGatherer GET /ping
[2023-11-18T16:49:49.911479678Z][volume-contents][I] [2023-11-18T16:49:49.911441245Z][volume-contents.ipc][I] (157fdc98) a2be76ed-volume-contents S->C 7f3bc4a5-backendAnalyticsGatherer GET /ping (104.038µs): {"serverTime":1700326189911326500}
[2023-11-18T16:49:49.912201644Z][volume-contents][I] [2023-11-18T16:49:49.912083267Z][volume-contents.ipc][I] (3f694767) a2be76ed-volume-contents S<-C 7f3bc4a5-backendAnalyticsGatherer GET /metrics
[2023-11-18T16:49:49.912307813Z][volume-contents][I] [2023-11-18T16:49:49.912252530Z][volume-contents.ipc][I] (3f694767) a2be76ed-volume-contents S->C 7f3bc4a5-backendAnalyticsGatherer GET /metrics (171.302µs): {"count":0}
[2023-11-18T16:49:49.985204856Z][volume-contents][I] [2023-11-18T16:49:49.985107742Z][volume-contents.ipc][I] (04b8ba55) a2be76ed-volume-contents S<-C Docker-Desktop/4.25.1 (Linux; x64) GET /volumes
[2023-11-18T16:49:49.985212955Z][volume-contents][I] [2023-11-18T16:49:49.985161293Z][volume-contents][I] reading : /var/lib/docker/volumes
[2023-11-18T16:49:49.985571922Z][volume-contents][I] [2023-11-18T16:49:49.985496745Z][volume-contents.ipc][I] (04b8ba55) a2be76ed-volume-contents S->C Docker-Desktop/4.25.1 (Linux; x64) GET /volumes (351.214µs): {"contents":[{"atime":"2023-11-18T16:49:49.015077Z","mode":"Drw-------","mtime":"2023-11-18T16:49:49.015077Z","name":"backingFsBlockDev","size":0,"type":"file"},{"atime":"2023-11-18T16:49:49.015077Z","mode":"-rw-------","mtime":"2023-11-18T16:49:49.025077Z","name":"metadata.db","size":32,"type":"file"}]}
[2023-11-18T16:55:55.050181008Z][volume-contents][I] EOF
-------------------------------------------------------------------------------->8
[2023-11-18T17:17:21.369898671Z][volume-contents][I] [2023-11-18T17:17:21.369720122Z][volume-contents.ipc][I] run (with context) 84c9e0d6-volume-contents for component volume-contents on /run/guest-services/volume-contents.sock
[2023-11-18T17:17:21.374377998Z][volume-contents][I] [2023-11-18T17:17:21.374251154Z][volume-contents.ipc][I] (70f57a92) 84c9e0d6-volume-contents S<-C Docker-Desktop/4.25.1 (Linux; x64) GET /volumes
[2023-11-18T17:17:21.374386279Z][volume-contents][I] [2023-11-18T17:17:21.374286663Z][volume-contents][I] reading : /var/lib/docker/volumes
[2023-11-18T17:17:21.374754828Z][volume-contents][I] [2023-11-18T17:17:21.374687735Z][volume-contents.ipc][I] (70f57a92) 84c9e0d6-volume-contents S->C Docker-Desktop/4.25.1 (Linux; x64) GET /volumes (368.771µs): {"contents":[{"atime":"2023-11-18T17:17:20.033381Z","mode":"Drw-------","mtime":"2023-11-18T17:17:20.033381Z","name":"backingFsBlockDev","size":0,"type":"file"},{"atime":"2023-11-18T17:17:20.044381Z","mode":"-rw-------","mtime":"2023-11-18T17:17:20.087381Z","name":"metadata.db","size":32,"type":"file"}]}
[2023-11-18T17:17:26.385876774Z][volume-contents][I] [2023-11-18T17:17:26.385671776Z][volume-contents.ipc][I] (5b52b06d) 84c9e0d6-volume-contents S<-C Docker-Desktop/4.25.1 (Linux; x64) GET /volumes
[2023-11-18T17:17:26.385893607Z][volume-contents][I] [2023-11-18T17:17:26.385721934Z][volume-contents][I] reading : /var/lib/docker/volumes
[2023-11-18T17:17:26.385957962Z][volume-contents][I] [2023-11-18T17:17:26.385858290Z][volume-contents.ipc][I] (5b52b06d) 84c9e0d6-volume-contents S->C Docker-Desktop/4.25.1 (Linux; x64) GET /volumes (143.256µs): {"contents":[{"atime":"2023-11-18T17:17:20.033381Z","mode":"Drw-------","mtime":"2023-11-18T17:17:20.033381Z","name":"backingFsBlockDev","size":0,"type":"file"},{"atime":"2023-11-18T17:17:20.044381Z","mode":"-rw-------","mtime":"2023-11-18T17:17:20.087381Z","name":"metadata.db","size":32,"type":"file"}]}
[2023-11-18T17:17:32.539540711Z][volume-contents][I] [2023-11-18T17:17:32.539225258Z][volume-contents.ipc][I] (a233fb29) 84c9e0d6-volume-contents S<-C Docker-Desktop/4.25.1 (Linux; x64) GET /volumes
[2023-11-18T17:17:32.539551709Z][volume-contents][I] [2023-11-18T17:17:32.539370486Z][volume-contents][I] reading : /var/lib/docker/volumes
[2023-11-18T17:17:32.539812698Z][volume-contents][I] [2023-11-18T17:17:32.539629208Z][volume-contents.ipc][I] (a233fb29) 84c9e0d6-volume-contents S->C Docker-Desktop/4.25.1 (Linux; x64) GET /volumes (359.973µs): {"contents":[{"atime":"2023-11-18T17:17:20.033381Z","mode":"Drw-------","mtime":"2023-11-18T17:17:20.033381Z","name":"backingFsBlockDev","size":0,"type":"file"},{"atime":"2023-11-18T17:17:20.044381Z","mode":"-rw-------","mtime":"2023-11-18T17:17:20.087381Z","name":"metadata.db","size":32,"type":"file"}]}
[2023-11-18T17:17:32.558857377Z][volume-contents][I] [2023-11-18T17:17:32.558761458Z][volume-contents.ipc][I] (473bfd58) 84c9e0d6-volume-contents S<-C Docker-Desktop/4.25.1 (Linux; x64) GET /volumes
[2023-11-18T17:17:32.558858878Z][volume-contents][I] [2023-11-18T17:17:32.558798186Z][volume-contents][I] reading : /var/lib/docker/volumes
[2023-11-18T17:17:32.559033338Z][volume-contents][I] [2023-11-18T17:17:32.558954413Z][volume-contents.ipc][I] (473bfd58) 84c9e0d6-volume-contents S->C Docker-Desktop/4.25.1 (Linux; x64) GET /volumes (166.676µs): {"contents":[{"atime":"2023-11-18T17:17:20.033381Z","mode":"Drw-------","mtime":"2023-11-18T17:17:20.033381Z","name":"backingFsBlockDev","size":0,"type":"file"},{"atime":"2023-11-18T17:17:20.044381Z","mode":"-rw-------","mtime":"2023-11-18T17:17:20.087381Z","name":"metadata.db","size":32,"type":"file"}]}
[2023-11-18T17:24:55.651610975Z][volume-contents][I] EOF
-------------------------------------------------------------------------------->8
[2023-11-23T09:32:56.471570296Z][volume-contents][I] [2023-11-23T09:32:56.470921457Z][volume-contents.ipc][I] run (with context) e845cb3a-volume-contents for component volume-contents on /run/guest-services/volume-contents.sock
[2023-11-23T09:32:56.800448264Z][volume-contents][I] [2023-11-23T09:32:56.800308382Z][volume-contents.ipc][I] (79a89f36) e845cb3a-volume-contents S<-C 2cbe209a-backendAnalyticsGatherer GET /ping
[2023-11-23T09:32:56.800704633Z][volume-contents][I] [2023-11-23T09:32:56.800634176Z][volume-contents.ipc][I] (79a89f36) e845cb3a-volume-contents S->C 2cbe209a-backendAnalyticsGatherer GET /ping (242.523µs): {"serverTime":1700731976800352800}
[2023-11-23T09:32:56.801983313Z][volume-contents][I] [2023-11-23T09:32:56.801869081Z][volume-contents.ipc][I] (ba8106dd) e845cb3a-volume-contents S<-C 2cbe209a-backendAnalyticsGatherer GET /metrics
[2023-11-23T09:32:56.802118261Z][volume-contents][I] [2023-11-23T09:32:56.802042433Z][volume-contents.ipc][I] (ba8106dd) e845cb3a-volume-contents S->C 2cbe209a-backendAnalyticsGatherer GET /metrics (173.057µs): {"count":0}
[2023-11-23T09:32:56.928434259Z][volume-contents][I] [2023-11-23T09:32:56.928220719Z][volume-contents.ipc][I] (220a3f3e) e845cb3a-volume-contents S<-C Docker-Desktop/4.25.1 (Linux; x64) GET /volumes
[2023-11-23T09:32:56.928444355Z][volume-contents][I] [2023-11-23T09:32:56.928314288Z][volume-contents][I] reading : /var/lib/docker/volumes
[2023-11-23T09:32:56.928979569Z][volume-contents][I] [2023-11-23T09:32:56.928817050Z][volume-contents.ipc][I] (220a3f3e) e845cb3a-volume-contents S->C Docker-Desktop/4.25.1 (Linux; x64) GET /volumes (516.777µs): {"contents":[{"atime":"2023-11-23T09:32:56.000635Z","mode":"Drw-------","mtime":"2023-11-23T09:32:56.000635Z","name":"backingFsBlockDev","size":0,"type":"file"},{"atime":"2023-11-23T09:32:56.001635Z","mode":"-rw-------","mtime":"2023-11-23T09:32:56.012635Z","name":"metadata.db","size":32,"type":"file"}]}
-------------------------------------------------------------------------------->8
[2023-11-23T10:41:29.478650930Z][volume-contents][I] [2023-11-23T10:41:29.478283810Z][volume-contents.ipc][I] run (with context) 2117f2a2-volume-contents for component volume-contents on /run/guest-services/volume-contents.sock
[2023-11-23T10:41:29.799635302Z][volume-contents][I] [2023-11-23T10:41:29.799541644Z][volume-contents.ipc][I] (2135d7f7) 2117f2a2-volume-contents S<-C cd800de0-backendAnalyticsGatherer GET /ping
[2023-11-23T10:41:29.799857203Z][volume-contents][I] [2023-11-23T10:41:29.799761673Z][volume-contents.ipc][I] (2135d7f7) 2117f2a2-volume-contents S->C cd800de0-backendAnalyticsGatherer GET /ping (154.973µs): {"serverTime":1700736089799575300}
[2023-11-23T10:41:29.800615267Z][volume-contents][I] [2023-11-23T10:41:29.800504798Z][volume-contents.ipc][I] (3bbb9551) 2117f2a2-volume-contents S<-C cd800de0-backendAnalyticsGatherer GET /metrics
[2023-11-23T10:41:29.800677163Z][volume-contents][I] [2023-11-23T10:41:29.800641406Z][volume-contents.ipc][I] (3bbb9551) 2117f2a2-volume-contents S->C cd800de0-backendAnalyticsGatherer GET /metrics (139.787µs): {"count":0}
[2023-11-23T10:41:29.852504136Z][volume-contents][I] [2023-11-23T10:41:29.852360981Z][volume-contents.ipc][I] (7c3952c0) 2117f2a2-volume-contents S<-C Docker-Desktop/4.25.1 (Linux; x64) GET /volumes
[2023-11-23T10:41:29.852514662Z][volume-contents][I] [2023-11-23T10:41:29.852428547Z][volume-contents][I] reading : /var/lib/docker/volumes
[2023-11-23T10:41:29.852906798Z][volume-contents][I] [2023-11-23T10:41:29.852835510Z][volume-contents.ipc][I] (7c3952c0) 2117f2a2-volume-contents S->C Docker-Desktop/4.25.1 (Linux; x64) GET /volumes (438.524µs): {"contents":[{"atime":"2023-11-23T10:41:28.603829Z","mode":"Drw-------","mtime":"2023-11-23T10:41:28.603829Z","name":"backingFsBlockDev","size":0,"type":"file"},{"atime":"2023-11-23T10:41:28.604829Z","mode":"-rw-------","mtime":"2023-11-23T10:41:28.613829Z","name":"metadata.db","size":32,"type":"file"}]}
